Initial parameter set
--------------
1 0 <= 0.3
-1 -0 <= -0.2
0 1 <= 0.5
-0 -1 <= -0.2

Specification: (-0.045+q <= 0) until_[10,15] (-0.23+i <= 0)

Synthesizing parameters...
Parameter set
--------------
1 0 <= 0.3
-1 -0 <= -0.2
0 1 <= 0.5
-0 -1 <= -0.2


Computing parametric reach set...done
RESULTS
--------------
1 0 0 0 0 <= 0.8
0 1 0 0 0 <= 0
0 0 1 0 0 <= 0
0 0 0 1 0 <= 0.2
0 0 0 0 1 <= 0
-1 -0 -0 -0 -0 <= -0.79
-0 -1 -0 -0 -0 <= -0
-0 -0 -1 -0 -0 <= -0
-0 -0 -0 -1 -0 <= -0.19
-0 -0 -0 -0 -1 <= -0

--------------
1 0 0 0 0 <= 0.78632
0 1 0 0 0 <= 0.0144
0 0 1 0 0 <= 0
0 0 0 1 0 <= 0.1944
0 0 0 0 1 <= 0.0056
-1 -0 -0 -0 -0 <= -0.77578
-0 -1 -0 -0 -0 <= -0.013509
-0 -0 -1 -0 -0 <= 0
-0 -0 -0 -1 -0 <= -0.18468
-0 -0 -0 -0 -1 <= -0.00532

--------------
1 0 0 0 0 <= 0.77325
0 1 0 0 0 <= 0.0271495
0 0 1 0 0 <= 0.000432
0 0 0 1 0 <= 0.189677
0 0 0 0 1 <= 0.0110432
-1 -0 -0 -0 -0 <= -0.762207
-0 -1 -0 -0 -0 <= -0.0253227
-0 -0 -1 -0 -0 <= -0.00027018
-0 -0 -0 -1 -0 <= -0.180184
-0 -0 -0 -0 -1 <= -0.010491

--------------
1 0 0 0 0 <= 0.760706
0 1 0 0 0 <= 0.0384491
0 0 1 0 0 <= 0.00121624
0 0 0 1 0 <= 0.185745
0 0 0 0 1 <= 0.0163542
-1 -0 -0 -0 -0 <= -0.749174
-0 -1 -0 -0 -0 <= -0.0356573
-0 -0 -1 -0 -0 <= -0.000749616
-0 -0 -0 -1 -0 <= -0.176419
-0 -0 -0 -0 -1 <= -0.0155362

--------------
1 0 0 0 0 <= 0.748612
0 1 0 0 0 <= 0.0484744
0 0 1 0 0 <= 0.00228458
0 0 0 1 0 <= 0.182527
0 0 0 0 1 <= 0.021555
-1 -0 -0 -0 -0 <= -0.736589
-0 -1 -0 -0 -0 <= -0.0446998
-0 -0 -1 -0 -0 <= -0.0013878
-0 -0 -0 -1 -0 <= -0.1733
-0 -0 -0 -0 -1 <= -0.0204759

--------------
1 0 0 0 0 <= 0.736908
0 1 0 0 0 <= 0.057379
0 0 1 0 0 <= 0.00357889
0 0 0 1 0 <= 0.179955
0 0 0 0 1 <= 0.0266658
-1 -0 -0 -0 -0 <= -0.724375
-0 -1 -0 -0 -0 <= -0.0526124
-0 -0 -1 -0 -0 <= -0.00214302
-0 -0 -0 -1 -0 <= -0.170751
-0 -0 -0 -0 -1 <= -0.0253283

--------------
1 0 0 0 0 <= 0.725541
0 1 0 0 0 <= 0.0652974
0 0 1 0 0 <= 0.00504974
0 0 0 1 0 <= 0.177964
0 0 0 0 1 <= 0.0317045
-1 -0 -0 -0 -0 <= -0.712464
-0 -1 -0 -0 -0 <= -0.0595353
-0 -0 -1 -0 -0 <= -0.00298096
-0 -0 -0 -1 -0 <= -0.168708
-0 -0 -0 -0 -1 <= -0.0301094

--------------
1 0 0 0 0 <= 0.714465
0 1 0 0 0 <= 0.0723473
0 0 1 0 0 <= 0.00665518
0 0 0 1 0 <= 0.176498
0 0 0 0 1 <= 0.0366875
-1 -0 -0 -0 -0 <= -0.7008
-0 -1 -0 -0 -0 <= -0.0655904
-0 -0 -1 -0 -0 <= -0.00387357
-0 -0 -0 -1 -0 <= -0.16711
-0 -0 -0 -0 -1 <= -0.0348332

--------------
1 0 0 0 0 <= 0.703642
0 1 0 0 0 <= 0.0786322
0 0 1 0 0 <= 0.00835973
0 0 0 1 0 <= 0.175506
0 0 0 0 1 <= 0.0416294
-1 -0 -0 -0 -0 <= -0.689335
-0 -1 -0 -0 -0 <= -0.0708831
-0 -0 -1 -0 -0 <= -0.00479802
-0 -0 -0 -1 -0 <= -0.165904
-0 -0 -0 -0 -1 <= -0.0395123

--------------
1 0 0 0 0 <= 0.69304
0 1 0 0 0 <= 0.0842423
0 0 1 0 0 <= 0.0101335
0 0 0 1 0 <= 0.174942
0 0 0 0 1 <= 0.0465436
-1 -0 -0 -0 -0 <= -0.678029
-0 -1 -0 -0 -0 <= -0.0755052
-0 -0 -1 -0 -0 <= -0.00573588
-0 -0 -0 -1 -0 <= -0.165043
-0 -0 -0 -0 -1 <= -0.0441576

--------------
1 0 0 0 0 <= 0.682631
0 1 0 0 0 <= 0.0892571
0 0 1 0 0 <= 0.0119514
0 0 0 1 0 <= 0.174762
0 0 0 0 1 <= 0.051442
-1 -0 -0 -0 -0 <= -0.666847
-0 -1 -0 -0 -0 <= -0.0795361
-0 -0 -1 -0 -0 <= -0.0066724
-0 -0 -0 -1 -0 <= -0.164484
-0 -0 -0 -0 -1 <= -0.0487788

--------------
1 0 0 0 0 <= 0.672392
0 1 0 0 0 <= 0.0937459
0 0 1 0 0 <= 0.0137926
0 0 0 1 0 <= 0.174929
0 0 0 0 1 <= 0.0563353
-1 -0 -0 -0 -0 <= -0.65576
-0 -1 -0 -0 -0 <= -0.0830449
-0 -0 -1 -0 -0 <= -0.00759588
-0 -0 -0 -1 -0 <= -0.164189
-0 -0 -0 -0 -1 <= -0.0533844

--------------
1 0 0 0 0 <= 0.662304
0 1 0 0 0 <= 0.0977696
0 0 1 0 0 <= 0.0156395
0 0 0 1 0 <= 0.175408
0 0 0 0 1 <= 0.0612333
-1 -0 -0 -0 -0 <= -0.644747
-0 -1 -0 -0 -0 <= -0.0860915
-0 -0 -1 -0 -0 <= -0.00849719
-0 -0 -0 -1 -0 <= -0.164124
-0 -0 -0 -0 -1 <= -0.0579816

--------------
1 0 0 0 0 <= 0.652351
0 1 0 0 0 <= 0.101381
0 0 1 0 0 <= 0.0174778
0 0 0 1 0 <= 0.176167
0 0 0 0 1 <= 0.0661448
-1 -0 -0 -0 -0 <= -0.633786
-0 -1 -0 -0 -0 <= -0.0887278
-0 -0 -1 -0 -0 <= -0.0093693
-0 -0 -0 -1 -0 <= -0.164258
-0 -0 -0 -0 -1 <= -0.0625771

--------------
1 0 0 0 0 <= 0.64252
0 1 0 0 0 <= 0.104628
0 0 1 0 0 <= 0.0192958
0 0 0 1 0 <= 0.177177
0 0 0 0 1 <= 0.0710774
-1 -0 -0 -0 -0 <= -0.622864
-0 -1 -0 -0 -0 <= -0.090999
-0 -0 -1 -0 -0 <= -0.0102069
-0 -0 -0 -1 -0 <= -0.164563
-0 -0 -0 -0 -1 <= -0.0671763

--------------
1 0 0 0 0 <= 0.6328
0 1 0 0 0 <= 0.107549
0 0 1 0 0 <= 0.0210839
0 0 0 1 0 <= 0.178413
0 0 0 0 1 <= 0.0760384
-1 -0 -0 -0 -0 <= -0.611967
-0 -1 -0 -0 -0 <= -0.0929441
-0 -0 -1 -0 -0 <= -0.0110062
-0 -0 -0 -1 -0 <= -0.165016
-0 -0 -0 -0 -1 <= -0.0717841

--------------
1 0 0 0 0 <= 0.623182
0 1 0 0 0 <= 0.110182
0 0 1 0 0 <= 0.0228345
0 0 0 1 0 <= 0.179849
0 0 0 0 1 <= 0.081034
-1 -0 -0 -0 -0 <= -0.601086
-0 -1 -0 -0 -0 <= -0.0945971
-0 -0 -1 -0 -0 <= -0.0117645
-0 -0 -0 -1 -0 <= -0.165593
-0 -0 -0 -0 -1 <= -0.0764045

--------------
1 0 0 0 0 <= 0.613659
0 1 0 0 0 <= 0.112556
0 0 1 0 0 <= 0.0245416
0 0 0 1 0 <= 0.181464
0 0 0 0 1 <= 0.0860697
-1 -0 -0 -0 -0 <= -0.590215
-0 -1 -0 -0 -0 <= -0.0959876
-0 -0 -1 -0 -0 <= -0.01248
-0 -0 -0 -1 -0 <= -0.166274
-0 -0 -0 -0 -1 <= -0.0810411

--------------
1 0 0 0 0 <= 0.604226
0 1 0 0 0 <= 0.114699
0 0 1 0 0 <= 0.0262003
0 0 0 1 0 <= 0.183238
0 0 0 0 1 <= 0.0911507
-1 -0 -0 -0 -0 <= -0.579349
-0 -1 -0 -0 -0 <= -0.0971409
-0 -0 -1 -0 -0 <= -0.0131517
-0 -0 -0 -1 -0 <= -0.167042
-0 -0 -0 -0 -1 <= -0.0856968

--------------
1 0 0 0 0 <= 0.594879
0 1 0 0 0 <= 0.116635
0 0 1 0 0 <= 0.0278073
0 0 0 1 0 <= 0.185152
0 0 0 0 1 <= 0.0962814
-1 -0 -0 -0 -0 <= -0.568484
-0 -1 -0 -0 -0 <= -0.0980794
-0 -0 -1 -0 -0 <= -0.0137794
-0 -0 -0 -1 -0 <= -0.167879
-0 -0 -0 -0 -1 <= -0.090374

--------------
1 0 0 0 0 <= 0.585615
0 1 0 0 0 <= 0.118383
0 0 1 0 0 <= 0.0293598
0 0 0 1 0 <= 0.18719
0 0 0 0 1 <= 0.101466
-1 -0 -0 -0 -0 <= -0.557621
-0 -1 -0 -0 -0 <= -0.0988224
-0 -0 -1 -0 -0 <= -0.014363
-0 -0 -0 -1 -0 <= -0.168772
-0 -0 -0 -0 -1 <= -0.0950746

--------------
1 0 0 0 0 <= 0.576433
0 1 0 0 0 <= 0.119962
0 0 1 0 0 <= 0.0308561
0 0 0 1 0 <= 0.189336
0 0 0 0 1 <= 0.106707
-1 -0 -0 -0 -0 <= -0.546759
-0 -1 -0 -0 -0 <= -0.0993866
-0 -0 -1 -0 -0 <= -0.0149032
-0 -0 -0 -1 -0 <= -0.169705
-0 -0 -0 -0 -1 <= -0.0998002

--------------
1 0 0 0 0 <= 0.567331
0 1 0 0 0 <= 0.121388
0 0 1 0 0 <= 0.0322951
0 0 0 1 0 <= 0.191575
0 0 0 0 1 <= 0.112008
-1 -0 -0 -0 -0 <= -0.535899
-0 -1 -0 -0 -0 <= -0.0997866
-0 -0 -1 -0 -0 <= -0.0154006
-0 -0 -0 -1 -0 <= -0.170668
-0 -0 -0 -0 -1 <= -0.104552

--------------
1 0 0 0 0 <= 0.558308
0 1 0 0 0 <= 0.122672
0 0 1 0 0 <= 0.0336761
0 0 0 1 0 <= 0.193895
0 0 0 0 1 <= 0.117372
-1 -0 -0 -0 -0 <= -0.525044
-0 -1 -0 -0 -0 <= -0.100035
-0 -0 -1 -0 -0 <= -0.0158563
-0 -0 -0 -1 -0 <= -0.171649
-0 -0 -0 -0 -1 <= -0.109331

--------------
1 0 0 0 0 <= 0.549366
0 1 0 0 0 <= 0.123828
0 0 1 0 0 <= 0.0349989
0 0 0 1 0 <= 0.196284
0 0 0 0 1 <= 0.122801
-1 -0 -0 -0 -0 <= -0.514198
-0 -1 -0 -0 -0 <= -0.100143
-0 -0 -1 -0 -0 <= -0.0162713
-0 -0 -0 -1 -0 <= -0.172637
-0 -0 -0 -0 -1 <= -0.114137

--------------
1 0 0 0 0 <= 0.540505
0 1 0 0 0 <= 0.124865
0 0 1 0 0 <= 0.0362638
0 0 0 1 0 <= 0.198729
0 0 0 0 1 <= 0.128297
-1 -0 -0 -0 -0 <= -0.503365
-0 -1 -0 -0 -0 <= -0.100121
-0 -0 -1 -0 -0 <= -0.0166471
-0 -0 -0 -1 -0 <= -0.173624
-0 -0 -0 -0 -1 <= -0.118971

--------------
1 0 0 0 0 <= 0.531726
0 1 0 0 0 <= 0.125792
0 0 1 0 0 <= 0.0374713
0 0 0 1 0 <= 0.201221
0 0 0 0 1 <= 0.133862
-1 -0 -0 -0 -0 <= -0.492549
-0 -1 -0 -0 -0 <= -0.0999772
-0 -0 -1 -0 -0 <= -0.0169848
-0 -0 -0 -1 -0 <= -0.174601
-0 -0 -0 -0 -1 <= -0.123832

--------------
1 0 0 0 0 <= 0.523031
0 1 0 0 0 <= 0.126616
0 0 1 0 0 <= 0.0386221
0 0 0 1 0 <= 0.20375
0 0 0 0 1 <= 0.139496
-1 -0 -0 -0 -0 <= -0.481755
-0 -1 -0 -0 -0 <= -0.0997189
-0 -0 -1 -0 -0 <= -0.0172858
-0 -0 -0 -1 -0 <= -0.17556
-0 -0 -0 -0 -1 <= -0.128721

--------------
1 0 0 0 0 <= 0.514421
0 1 0 0 0 <= 0.127344
0 0 1 0 0 <= 0.039717
0 0 0 1 0 <= 0.206307
0 0 0 0 1 <= 0.145201
-1 -0 -0 -0 -0 <= -0.47099
-0 -1 -0 -0 -0 <= -0.0993534
-0 -0 -1 -0 -0 <= -0.0175516
-0 -0 -0 -1 -0 <= -0.176495
-0 -0 -0 -0 -1 <= -0.133637

--------------
1 0 0 0 0 <= 0.505899
0 1 0 0 0 <= 0.127981
0 0 1 0 0 <= 0.0407571
0 0 0 1 0 <= 0.208883
0 0 0 0 1 <= 0.150978
-1 -0 -0 -0 -0 <= -0.460259
-0 -1 -0 -0 -0 <= -0.0988865
-0 -0 -1 -0 -0 <= -0.0177835
-0 -0 -0 -1 -0 <= -0.177398
-0 -0 -0 -0 -1 <= -0.138579

--------------
1 0 0 0 0 <= 0.497466
0 1 0 0 0 <= 0.128533
0 0 1 0 0 <= 0.0417435
0 0 0 1 0 <= 0.211471
0 0 0 0 1 <= 0.156826
-1 -0 -0 -0 -0 <= -0.449568
-0 -1 -0 -0 -0 <= -0.098324
-0 -0 -1 -0 -0 <= -0.0179829
-0 -0 -0 -1 -0 <= -0.178265
-0 -0 -0 -0 -1 <= -0.143546

END RESULTS
--------------
1 0 <= 0.3
-1 -0 <= -0.2
0 1 <= 0.5
-0 -1 <= -0.2
