VARIABLES
["s","e","q","i","r"]

PARAMETERS
["kappa1","gamma1"]

DATA
PARAMETER SET
1 0 <= 0.3
-1 -0 <= -0.2
0 1 <= 0.5
-0 -1 <= -0.2

FLOWPIPE
1 0 0 0 0 <= 0.8
0 1 0 0 0 <= 0
0 0 1 0 0 <= 0
0 0 0 1 0 <= 0.2
0 0 0 0 1 <= 0
-1 -0 -0 -0 -0 <= -0.79
-0 -1 -0 -0 -0 <= -0
-0 -0 -1 -0 -0 <= -0
-0 -0 -0 -1 -0 <= -0.19
-0 -0 -0 -0 -1 <= -0
--------------------
1 0 0 0 0 <= 0.78632
0 1 0 0 0 <= 0.0144
0 0 1 0 0 <= 0
0 0 0 1 0 <= 0.1944
0 0 0 0 1 <= 0.0056
-1 -0 -0 -0 -0 <= -0.77578
-0 -1 -0 -0 -0 <= -0.013509
-0 -0 -1 -0 -0 <= 0
-0 -0 -0 -1 -0 <= -0.18468
-0 -0 -0 -0 -1 <= -0.00532
--------------------
1 0 0 0 0 <= 0.77325
0 1 0 0 0 <= 0.0271495
0 0 1 0 0 <= 0.000432
0 0 0 1 0 <= 0.189677
0 0 0 0 1 <= 0.0110432
-1 -0 -0 -0 -0 <= -0.762207
-0 -1 -0 -0 -0 <= -0.0253227
-0 -0 -1 -0 -0 <= -0.00027018
-0 -0 -0 -1 -0 <= -0.180184
-0 -0 -0 -0 -1 <= -0.010491
--------------------
1 0 0 0 0 <= 0.760706
0 1 0 0 0 <= 0.0384491
0 0 1 0 0 <= 0.00121624
0 0 0 1 0 <= 0.185745
0 0 0 0 1 <= 0.0163542
-1 -0 -0 -0 -0 <= -0.749174
-0 -1 -0 -0 -0 <= -0.0356573
-0 -0 -1 -0 -0 <= -0.000749616
-0 -0 -0 -1 -0 <= -0.176419
-0 -0 -0 -0 -1 <= -0.0155362
--------------------
1 0 0 0 0 <= 0.748612
0 1 0 0 0 <= 0.0484744
0 0 1 0 0 <= 0.00228458
0 0 0 1 0 <= 0.182527
0 0 0 0 1 <= 0.021555
-1 -0 -0 -0 -0 <= -0.736589
-0 -1 -0 -0 -0 <= -0.0446998
-0 -0 -1 -0 -0 <= -0.0013878
-0 -0 -0 -1 -0 <= -0.1733
-0 -0 -0 -0 -1 <= -0.0204759
--------------------
1 0 0 0 0 <= 0.736908
0 1 0 0 0 <= 0.057379
0 0 1 0 0 <= 0.00357889
0 0 0 1 0 <= 0.179955
0 0 0 0 1 <= 0.0266658
-1 -0 -0 -0 -0 <= -0.724375
-0 -1 -0 -0 -0 <= -0.0526124
-0 -0 -1 -0 -0 <= -0.00214302
-0 -0 -0 -1 -0 <= -0.170751
-0 -0 -0 -0 -1 <= -0.0253283
--------------------
1 0 0 0 0 <= 0.725541
0 1 0 0 0 <= 0.0652974
0 0 1 0 0 <= 0.00504974
0 0 0 1 0 <= 0.177964
0 0 0 0 1 <= 0.0317045
-1 -0 -0 -0 -0 <= -0.712464
-0 -1 -0 -0 -0 <= -0.0595353
-0 -0 -1 -0 -0 <= -0.00298096
-0 -0 -0 -1 -0 <= -0.168708
-0 -0 -0 -0 -1 <= -0.0301094
--------------------
1 0 0 0 0 <= 0.714465
0 1 0 0 0 <= 0.0723473
0 0 1 0 0 <= 0.00665518
0 0 0 1 0 <= 0.176498
0 0 0 0 1 <= 0.0366875
-1 -0 -0 -0 -0 <= -0.7008
-0 -1 -0 -0 -0 <= -0.0655904
-0 -0 -1 -0 -0 <= -0.00387357
-0 -0 -0 -1 -0 <= -0.16711
-0 -0 -0 -0 -1 <= -0.0348332
--------------------
1 0 0 0 0 <= 0.703642
0 1 0 0 0 <= 0.0786322
0 0 1 0 0 <= 0.00835973
0 0 0 1 0 <= 0.175506
0 0 0 0 1 <= 0.0416294
-1 -0 -0 -0 -0 <= -0.689335
-0 -1 -0 -0 -0 <= -0.0708831
-0 -0 -1 -0 -0 <= -0.00479802
-0 -0 -0 -1 -0 <= -0.165904
-0 -0 -0 -0 -1 <= -0.0395123
--------------------
1 0 0 0 0 <= 0.69304
0 1 0 0 0 <= 0.0842423
0 0 1 0 0 <= 0.0101335
0 0 0 1 0 <= 0.174942
0 0 0 0 1 <= 0.0465436
-1 -0 -0 -0 -0 <= -0.678029
-0 -1 -0 -0 -0 <= -0.0755052
-0 -0 -1 -0 -0 <= -0.00573588
-0 -0 -0 -1 -0 <= -0.165043
-0 -0 -0 -0 -1 <= -0.0441576
--------------------
1 0 0 0 0 <= 0.682631
0 1 0 0 0 <= 0.0892571
0 0 1 0 0 <= 0.0119514
0 0 0 1 0 <= 0.174762
0 0 0 0 1 <= 0.051442
-1 -0 -0 -0 -0 <= -0.666847
-0 -1 -0 -0 -0 <= -0.0795361
-0 -0 -1 -0 -0 <= -0.0066724
-0 -0 -0 -1 -0 <= -0.164484
-0 -0 -0 -0 -1 <= -0.0487788
--------------------
1 0 0 0 0 <= 0.672392
0 1 0 0 0 <= 0.0937459
0 0 1 0 0 <= 0.0137926
0 0 0 1 0 <= 0.174929
0 0 0 0 1 <= 0.0563353
-1 -0 -0 -0 -0 <= -0.65576
-0 -1 -0 -0 -0 <= -0.0830449
-0 -0 -1 -0 -0 <= -0.00759588
-0 -0 -0 -1 -0 <= -0.164189
-0 -0 -0 -0 -1 <= -0.0533844
--------------------
1 0 0 0 0 <= 0.662304
0 1 0 0 0 <= 0.0977696
0 0 1 0 0 <= 0.0156395
0 0 0 1 0 <= 0.175408
0 0 0 0 1 <= 0.0612333
-1 -0 -0 -0 -0 <= -0.644747
-0 -1 -0 -0 -0 <= -0.0860915
-0 -0 -1 -0 -0 <= -0.00849719
-0 -0 -0 -1 -0 <= -0.164124
-0 -0 -0 -0 -1 <= -0.0579816
--------------------
1 0 0 0 0 <= 0.652351
0 1 0 0 0 <= 0.101381
0 0 1 0 0 <= 0.0174778
0 0 0 1 0 <= 0.176167
0 0 0 0 1 <= 0.0661448
-1 -0 -0 -0 -0 <= -0.633786
-0 -1 -0 -0 -0 <= -0.0887278
-0 -0 -1 -0 -0 <= -0.0093693
-0 -0 -0 -1 -0 <= -0.164258
-0 -0 -0 -0 -1 <= -0.0625771
--------------------
1 0 0 0 0 <= 0.64252
0 1 0 0 0 <= 0.104628
0 0 1 0 0 <= 0.0192958
0 0 0 1 0 <= 0.177177
0 0 0 0 1 <= 0.0710774
-1 -0 -0 -0 -0 <= -0.622864
-0 -1 -0 -0 -0 <= -0.090999
-0 -0 -1 -0 -0 <= -0.0102069
-0 -0 -0 -1 -0 <= -0.164563
-0 -0 -0 -0 -1 <= -0.0671763
--------------------
1 0 0 0 0 <= 0.6328
0 1 0 0 0 <= 0.107549
0 0 1 0 0 <= 0.0210839
0 0 0 1 0 <= 0.178413
0 0 0 0 1 <= 0.0760384
-1 -0 -0 -0 -0 <= -0.611967
-0 -1 -0 -0 -0 <= -0.0929441
-0 -0 -1 -0 -0 <= -0.0110062
-0 -0 -0 -1 -0 <= -0.165016
-0 -0 -0 -0 -1 <= -0.0717841
--------------------
1 0 0 0 0 <= 0.623182
0 1 0 0 0 <= 0.110182
0 0 1 0 0 <= 0.0228345
0 0 0 1 0 <= 0.179849
0 0 0 0 1 <= 0.081034
-1 -0 -0 -0 -0 <= -0.601086
-0 -1 -0 -0 -0 <= -0.0945971
-0 -0 -1 -0 -0 <= -0.0117645
-0 -0 -0 -1 -0 <= -0.165593
-0 -0 -0 -0 -1 <= -0.0764045
--------------------
1 0 0 0 0 <= 0.613659
0 1 0 0 0 <= 0.112556
0 0 1 0 0 <= 0.0245416
0 0 0 1 0 <= 0.181464
0 0 0 0 1 <= 0.0860697
-1 -0 -0 -0 -0 <= -0.590215
-0 -1 -0 -0 -0 <= -0.0959875
-0 -0 -1 -0 -0 <= -0.01248
-0 -0 -0 -1 -0 <= -0.166274
-0 -0 -0 -0 -1 <= -0.0810411
--------------------
1 0 0 0 0 <= 0.604226
0 1 0 0 0 <= 0.114699
0 0 1 0 0 <= 0.0262003
0 0 0 1 0 <= 0.183238
0 0 0 0 1 <= 0.0911507
-1 -0 -0 -0 -0 <= -0.579349
-0 -1 -0 -0 -0 <= -0.0971409
-0 -0 -1 -0 -0 <= -0.0131517
-0 -0 -0 -1 -0 <= -0.167042
-0 -0 -0 -0 -1 <= -0.0856968
--------------------
1 0 0 0 0 <= 0.594879
0 1 0 0 0 <= 0.116635
0 0 1 0 0 <= 0.0278073
0 0 0 1 0 <= 0.185152
0 0 0 0 1 <= 0.0962814
-1 -0 -0 -0 -0 <= -0.568484
-0 -1 -0 -0 -0 <= -0.0980794
-0 -0 -1 -0 -0 <= -0.0137794
-0 -0 -0 -1 -0 <= -0.167879
-0 -0 -0 -0 -1 <= -0.090374
--------------------
1 0 0 0 0 <= 0.585615
0 1 0 0 0 <= 0.118383
0 0 1 0 0 <= 0.0293598
0 0 0 1 0 <= 0.18719
0 0 0 0 1 <= 0.101466
-1 -0 -0 -0 -0 <= -0.557621
-0 -1 -0 -0 -0 <= -0.0988224
-0 -0 -1 -0 -0 <= -0.014363
-0 -0 -0 -1 -0 <= -0.168772
-0 -0 -0 -0 -1 <= -0.0950746
--------------------
1 0 0 0 0 <= 0.576433
0 1 0 0 0 <= 0.119962
0 0 1 0 0 <= 0.0308561
0 0 0 1 0 <= 0.189336
0 0 0 0 1 <= 0.106707
-1 -0 -0 -0 -0 <= -0.546759
-0 -1 -0 -0 -0 <= -0.0993866
-0 -0 -1 -0 -0 <= -0.0149032
-0 -0 -0 -1 -0 <= -0.169705
-0 -0 -0 -0 -1 <= -0.0998002
--------------------
1 0 0 0 0 <= 0.567331
0 1 0 0 0 <= 0.121388
0 0 1 0 0 <= 0.0322951
0 0 0 1 0 <= 0.191575
0 0 0 0 1 <= 0.112008
-1 -0 -0 -0 -0 <= -0.535899
-0 -1 -0 -0 -0 <= -0.0997866
-0 -0 -1 -0 -0 <= -0.0154006
-0 -0 -0 -1 -0 <= -0.170668
-0 -0 -0 -0 -1 <= -0.104552
--------------------
1 0 0 0 0 <= 0.558308
0 1 0 0 0 <= 0.122672
0 0 1 0 0 <= 0.0336761
0 0 0 1 0 <= 0.193895
0 0 0 0 1 <= 0.117372
-1 -0 -0 -0 -0 <= -0.525044
-0 -1 -0 -0 -0 <= -0.100035
-0 -0 -1 -0 -0 <= -0.0158563
-0 -0 -0 -1 -0 <= -0.171649
-0 -0 -0 -0 -1 <= -0.109331
--------------------
1 0 0 0 0 <= 0.549366
0 1 0 0 0 <= 0.123828
0 0 1 0 0 <= 0.0349989
0 0 0 1 0 <= 0.196284
0 0 0 0 1 <= 0.122801
-1 -0 -0 -0 -0 <= -0.514198
-0 -1 -0 -0 -0 <= -0.100143
-0 -0 -1 -0 -0 <= -0.0162713
-0 -0 -0 -1 -0 <= -0.172637
-0 -0 -0 -0 -1 <= -0.114137
--------------------
1 0 0 0 0 <= 0.540505
0 1 0 0 0 <= 0.124865
0 0 1 0 0 <= 0.0362638
0 0 0 1 0 <= 0.198729
0 0 0 0 1 <= 0.128297
-1 -0 -0 -0 -0 <= -0.503365
-0 -1 -0 -0 -0 <= -0.100121
-0 -0 -1 -0 -0 <= -0.0166471
-0 -0 -0 -1 -0 <= -0.173624
-0 -0 -0 -0 -1 <= -0.118971
--------------------
1 0 0 0 0 <= 0.531726
0 1 0 0 0 <= 0.125792
0 0 1 0 0 <= 0.0374713
0 0 0 1 0 <= 0.201221
0 0 0 0 1 <= 0.133862
-1 -0 -0 -0 -0 <= -0.492549
-0 -1 -0 -0 -0 <= -0.0999772
-0 -0 -1 -0 -0 <= -0.0169848
-0 -0 -0 -1 -0 <= -0.174601
-0 -0 -0 -0 -1 <= -0.123832
--------------------
1 0 0 0 0 <= 0.523031
0 1 0 0 0 <= 0.126616
0 0 1 0 0 <= 0.0386221
0 0 0 1 0 <= 0.20375
0 0 0 0 1 <= 0.139496
-1 -0 -0 -0 -0 <= -0.481755
-0 -1 -0 -0 -0 <= -0.0997189
-0 -0 -1 -0 -0 <= -0.0172858
-0 -0 -0 -1 -0 <= -0.17556
-0 -0 -0 -0 -1 <= -0.128721
--------------------
1 0 0 0 0 <= 0.514421
0 1 0 0 0 <= 0.127344
0 0 1 0 0 <= 0.039717
0 0 0 1 0 <= 0.206307
0 0 0 0 1 <= 0.145201
-1 -0 -0 -0 -0 <= -0.47099
-0 -1 -0 -0 -0 <= -0.0993534
-0 -0 -1 -0 -0 <= -0.0175516
-0 -0 -0 -1 -0 <= -0.176495
-0 -0 -0 -0 -1 <= -0.133637
--------------------
1 0 0 0 0 <= 0.505899
0 1 0 0 0 <= 0.127981
0 0 1 0 0 <= 0.0407571
0 0 0 1 0 <= 0.208883
0 0 0 0 1 <= 0.150978
-1 -0 -0 -0 -0 <= -0.460259
-0 -1 -0 -0 -0 <= -0.0988865
-0 -0 -1 -0 -0 <= -0.0177835
-0 -0 -0 -1 -0 <= -0.177398
-0 -0 -0 -0 -1 <= -0.138579
--------------------
1 0 0 0 0 <= 0.497466
0 1 0 0 0 <= 0.128533
0 0 1 0 0 <= 0.0417435
0 0 0 1 0 <= 0.211471
0 0 0 0 1 <= 0.156826
-1 -0 -0 -0 -0 <= -0.449568
-0 -1 -0 -0 -0 <= -0.098324
-0 -0 -1 -0 -0 <= -0.0179829
-0 -0 -0 -1 -0 <= -0.178265
-0 -0 -0 -0 -1 <= -0.143546
--------------------
1 0 0 0 0 <= 0.489125
0 1 0 0 0 <= 0.129004
0 0 1 0 0 <= 0.0426775
0 0 0 1 0 <= 0.214064
0 0 0 0 1 <= 0.162748
-1 -0 -0 -0 -0 <= -0.438925
-0 -1 -0 -0 -0 <= -0.0976709
-0 -0 -1 -0 -0 <= -0.0181511
-0 -0 -0 -1 -0 <= -0.179089
-0 -0 -0 -0 -1 <= -0.148537
--------------------
1 0 0 0 0 <= 0.480878
0 1 0 0 0 <= 0.129397
0 0 1 0 0 <= 0.0435602
0 0 0 1 0 <= 0.216654
0 0 0 0 1 <= 0.168741
-1 -0 -0 -0 -0 <= -0.428335
-0 -1 -0 -0 -0 <= -0.0969318
-0 -0 -1 -0 -0 <= -0.0182894
-0 -0 -0 -1 -0 <= -0.179865
-0 -0 -0 -0 -1 <= -0.153552
--------------------
1 0 0 0 0 <= 0.472728
0 1 0 0 0 <= 0.129716
0 0 1 0 0 <= 0.0443929
0 0 0 1 0 <= 0.219236
0 0 0 0 1 <= 0.174808
-1 -0 -0 -0 -0 <= -0.417805
-0 -1 -0 -0 -0 <= -0.0961111
-0 -0 -1 -0 -0 <= -0.0183991
-0 -0 -0 -1 -0 <= -0.18059
-0 -0 -0 -0 -1 <= -0.158588
--------------------
1 0 0 0 0 <= 0.464677
0 1 0 0 0 <= 0.129963
0 0 1 0 0 <= 0.0451768
0 0 0 1 0 <= 0.221803
0 0 0 0 1 <= 0.180946
-1 -0 -0 -0 -0 <= -0.407341
-0 -1 -0 -0 -0 <= -0.0952128
-0 -0 -1 -0 -0 <= -0.0184814
-0 -0 -0 -1 -0 <= -0.181259
-0 -0 -0 -0 -1 <= -0.163644
--------------------
1 0 0 0 0 <= 0.456727
0 1 0 0 0 <= 0.130142
0 0 1 0 0 <= 0.0459134
0 0 0 1 0 <= 0.224349
0 0 0 0 1 <= 0.187157
-1 -0 -0 -0 -0 <= -0.396951
-0 -1 -0 -0 -0 <= -0.0942409
-0 -0 -1 -0 -0 <= -0.0185375
-0 -0 -0 -1 -0 <= -0.181868
-0 -0 -0 -0 -1 <= -0.16872
--------------------
1 0 0 0 0 <= 0.44888
0 1 0 0 0 <= 0.130254
0 0 1 0 0 <= 0.0466037
0 0 0 1 0 <= 0.22687
0 0 0 0 1 <= 0.193439
-1 -0 -0 -0 -0 <= -0.38664
-0 -1 -0 -0 -0 <= -0.0931989
-0 -0 -1 -0 -0 <= -0.0185686
-0 -0 -0 -1 -0 <= -0.182415
-0 -0 -0 -0 -1 <= -0.173812
--------------------
1 0 0 0 0 <= 0.44114
0 1 0 0 0 <= 0.130301
0 0 1 0 0 <= 0.047249
0 0 0 1 0 <= 0.229361
0 0 0 0 1 <= 0.199791
-1 -0 -0 -0 -0 <= -0.376415
-0 -1 -0 -0 -0 <= -0.0920906
-0 -0 -1 -0 -0 <= -0.0185757
-0 -0 -0 -1 -0 <= -0.182896
-0 -0 -0 -0 -1 <= -0.178919
--------------------
1 0 0 0 0 <= 0.433507
0 1 0 0 0 <= 0.130287
0 0 1 0 0 <= 0.0478506
0 0 0 1 0 <= 0.231816
0 0 0 0 1 <= 0.206213
-1 -0 -0 -0 -0 <= -0.366283
-0 -1 -0 -0 -0 <= -0.0909194
-0 -0 -1 -0 -0 <= -0.01856
-0 -0 -0 -1 -0 <= -0.183308
-0 -0 -0 -0 -1 <= -0.184041
--------------------
1 0 0 0 0 <= 0.425984
0 1 0 0 0 <= 0.130211
0 0 1 0 0 <= 0.0484097
0 0 0 1 0 <= 0.234232
0 0 0 0 1 <= 0.212704
-1 -0 -0 -0 -0 <= -0.356248
-0 -1 -0 -0 -0 <= -0.0896887
-0 -0 -1 -0 -0 <= -0.0185224
-0 -0 -0 -1 -0 <= -0.183649
-0 -0 -0 -0 -1 <= -0.189173
--------------------
1 0 0 0 0 <= 0.418572
0 1 0 0 0 <= 0.130076
0 0 1 0 0 <= 0.0489273
0 0 0 1 0 <= 0.236605
0 0 0 0 1 <= 0.219262
-1 -0 -0 -0 -0 <= -0.346318
-0 -1 -0 -0 -0 <= -0.0884018
-0 -0 -1 -0 -0 <= -0.0184639
-0 -0 -0 -1 -0 <= -0.183918
-0 -0 -0 -0 -1 <= -0.194315
--------------------
1 0 0 0 0 <= 0.411275
0 1 0 0 0 <= 0.129884
0 0 1 0 0 <= 0.0494047
0 0 0 1 0 <= 0.23893
0 0 0 0 1 <= 0.225887
-1 -0 -0 -0 -0 <= -0.336497
-0 -1 -0 -0 -0 <= -0.0870621
-0 -0 -1 -0 -0 <= -0.0183855
-0 -0 -0 -1 -0 <= -0.184111
-0 -0 -0 -0 -1 <= -0.199465
--------------------
1 0 0 0 0 <= 0.404092
0 1 0 0 0 <= 0.129636
0 0 1 0 0 <= 0.0498429
0 0 0 1 0 <= 0.241204
0 0 0 0 1 <= 0.232577
-1 -0 -0 -0 -0 <= -0.326791
-0 -1 -0 -0 -0 <= -0.0856729
-0 -0 -1 -0 -0 <= -0.0182882
-0 -0 -0 -1 -0 <= -0.184229
-0 -0 -0 -0 -1 <= -0.20462
--------------------
1 0 0 0 0 <= 0.397026
0 1 0 0 0 <= 0.129334
0 0 1 0 0 <= 0.050243
0 0 0 1 0 <= 0.243425
0 0 0 0 1 <= 0.239331
-1 -0 -0 -0 -0 <= -0.317204
-0 -1 -0 -0 -0 <= -0.0842375
-0 -0 -1 -0 -0 <= -0.0181729
-0 -0 -0 -1 -0 <= -0.184268
-0 -0 -0 -0 -1 <= -0.209779
--------------------
1 0 0 0 0 <= 0.390078
0 1 0 0 0 <= 0.128979
0 0 1 0 0 <= 0.050606
0 0 0 1 0 <= 0.245588
0 0 0 0 1 <= 0.246147
-1 -0 -0 -0 -0 <= -0.307743
-0 -1 -0 -0 -0 <= -0.082759
-0 -0 -1 -0 -0 <= -0.0180403
-0 -0 -0 -1 -0 <= -0.184229
-0 -0 -0 -0 -1 <= -0.214938
--------------------
1 0 0 0 0 <= 0.38325
0 1 0 0 0 <= 0.128572
0 0 1 0 0 <= 0.0509329
0 0 0 1 0 <= 0.24769
0 0 0 0 1 <= 0.253023
-1 -0 -0 -0 -0 <= -0.298411
-0 -1 -0 -0 -0 <= -0.0812409
-0 -0 -1 -0 -0 <= -0.0178915
-0 -0 -0 -1 -0 <= -0.184111
-0 -0 -0 -0 -1 <= -0.220097
--------------------
1 0 0 0 0 <= 0.376542
0 1 0 0 0 <= 0.128115
0 0 1 0 0 <= 0.0512248
0 0 0 1 0 <= 0.24973
0 0 0 0 1 <= 0.259959
-1 -0 -0 -0 -0 <= -0.289212
-0 -1 -0 -0 -0 <= -0.0796863
-0 -0 -1 -0 -0 <= -0.0177271
-0 -0 -0 -1 -0 <= -0.183912
-0 -0 -0 -0 -1 <= -0.225252
--------------------
1 0 0 0 0 <= 0.369954
0 1 0 0 0 <= 0.12761
0 0 1 0 0 <= 0.0514825
0 0 0 1 0 <= 0.251705
0 0 0 0 1 <= 0.266951
-1 -0 -0 -0 -0 <= -0.28015
-0 -1 -0 -0 -0 <= -0.0780984
-0 -0 -1 -0 -0 <= -0.0175482
-0 -0 -0 -1 -0 <= -0.183633
-0 -0 -0 -0 -1 <= -0.230401
--------------------
1 0 0 0 0 <= 0.363489
0 1 0 0 0 <= 0.127058
0 0 1 0 0 <= 0.0517071
0 0 0 1 0 <= 0.253612
0 0 0 0 1 <= 0.273999
-1 -0 -0 -0 -0 <= -0.27123
-0 -1 -0 -0 -0 <= -0.0764806
-0 -0 -1 -0 -0 <= -0.0173553
-0 -0 -0 -1 -0 <= -0.183274
-0 -0 -0 -0 -1 <= -0.235543
--------------------
1 0 0 0 0 <= 0.357146
0 1 0 0 0 <= 0.126461
0 0 1 0 0 <= 0.0518993
0 0 0 1 0 <= 0.255449
0 0 0 0 1 <= 0.2811
-1 -0 -0 -0 -0 <= -0.262454
-0 -1 -0 -0 -0 <= -0.074836
-0 -0 -1 -0 -0 <= -0.0171494
-0 -0 -0 -1 -0 <= -0.182834
-0 -0 -0 -0 -1 <= -0.240675
--------------------
1 0 0 0 0 <= 0.350927
0 1 0 0 0 <= 0.12582
0 0 1 0 0 <= 0.0520602
0 0 0 1 0 <= 0.257214
0 0 0 0 1 <= 0.288253
-1 -0 -0 -0 -0 <= -0.253825
-0 -1 -0 -0 -0 <= -0.0731678
-0 -0 -1 -0 -0 <= -0.0169312
-0 -0 -0 -1 -0 <= -0.182314
-0 -0 -0 -0 -1 <= -0.245794
--------------------
1 0 0 0 0 <= 0.34483
0 1 0 0 0 <= 0.125136
0 0 1 0 0 <= 0.0521906
0 0 0 1 0 <= 0.258906
0 0 0 0 1 <= 0.295455
-1 -0 -0 -0 -0 <= -0.245346
-0 -1 -0 -0 -0 <= -0.0714792
-0 -0 -1 -0 -0 <= -0.0167014
-0 -0 -0 -1 -0 <= -0.181714
-0 -0 -0 -0 -1 <= -0.250899
--------------------
1 0 0 0 0 <= 0.338856
0 1 0 0 0 <= 0.124412
0 0 1 0 0 <= 0.0522913
0 0 0 1 0 <= 0.260523
0 0 0 0 1 <= 0.302704
-1 -0 -0 -0 -0 <= -0.237019
-0 -1 -0 -0 -0 <= -0.0697733
-0 -0 -1 -0 -0 <= -0.0164609
-0 -0 -0 -1 -0 <= -0.181035
-0 -0 -0 -0 -1 <= -0.255987
--------------------
1 0 0 0 0 <= 0.333006
0 1 0 0 0 <= 0.123648
0 0 1 0 0 <= 0.0523633
0 0 0 1 0 <= 0.262064
0 0 0 0 1 <= 0.309999
-1 -0 -0 -0 -0 <= -0.228847
-0 -1 -0 -0 -0 <= -0.0680533
-0 -0 -1 -0 -0 <= -0.0162102
-0 -0 -0 -1 -0 <= -0.180278
-0 -0 -0 -0 -1 <= -0.261056
--------------------
1 0 0 0 0 <= 0.327279
0 1 0 0 0 <= 0.122847
0 0 1 0 0 <= 0.0524073
0 0 0 1 0 <= 0.263527
0 0 0 0 1 <= 0.317336
-1 -0 -0 -0 -0 <= -0.220832
-0 -1 -0 -0 -0 <= -0.066322
-0 -0 -1 -0 -0 <= -0.0159503
-0 -0 -0 -1 -0 <= -0.179443
-0 -0 -0 -0 -1 <= -0.266103
--------------------
1 0 0 0 0 <= 0.321674
0 1 0 0 0 <= 0.12201
0 0 1 0 0 <= 0.0524242
0 0 0 1 0 <= 0.26491
0 0 0 0 1 <= 0.324715
-1 -0 -0 -0 -0 <= -0.212974
-0 -1 -0 -0 -0 <= -0.0645827
-0 -0 -1 -0 -0 <= -0.0156817
-0 -0 -0 -1 -0 <= -0.178533
-0 -0 -0 -0 -1 <= -0.271128
--------------------
1 0 0 0 0 <= 0.316192
0 1 0 0 0 <= 0.121138
0 0 1 0 0 <= 0.0524148
0 0 0 1 0 <= 0.266215
0 0 0 0 1 <= 0.332133
-1 -0 -0 -0 -0 <= -0.205275
-0 -1 -0 -0 -0 <= -0.0628381
-0 -0 -1 -0 -0 <= -0.0154052
-0 -0 -0 -1 -0 <= -0.177547
-0 -0 -0 -0 -1 <= -0.276127
--------------------
1 0 0 0 0 <= 0.310832
0 1 0 0 0 <= 0.120234
0 0 1 0 0 <= 0.0523799
0 0 0 1 0 <= 0.267438
0 0 0 0 1 <= 0.339587
-1 -0 -0 -0 -0 <= -0.197736
-0 -1 -0 -0 -0 <= -0.0610912
-0 -0 -1 -0 -0 <= -0.0151214
-0 -0 -0 -1 -0 <= -0.176488
-0 -0 -0 -0 -1 <= -0.281098
--------------------
1 0 0 0 0 <= 0.305592
0 1 0 0 0 <= 0.1193
0 0 1 0 0 <= 0.0523203
0 0 0 1 0 <= 0.268581
0 0 0 0 1 <= 0.347075
-1 -0 -0 -0 -0 <= -0.190357
-0 -1 -0 -0 -0 <= -0.0593447
-0 -0 -1 -0 -0 <= -0.0148311
-0 -0 -0 -1 -0 <= -0.175357
-0 -0 -0 -0 -1 <= -0.28604
--------------------
1 0 0 0 0 <= 0.300472
0 1 0 0 0 <= 0.118335
0 0 1 0 0 <= 0.0522369
0 0 0 1 0 <= 0.269641
0 0 0 0 1 <= 0.354595
-1 -0 -0 -0 -0 <= -0.18314
-0 -1 -0 -0 -0 <= -0.0576014
-0 -0 -1 -0 -0 <= -0.0145349
-0 -0 -0 -1 -0 <= -0.174156
-0 -0 -0 -0 -1 <= -0.29095
--------------------
1 0 0 0 0 <= 0.295472
0 1 0 0 0 <= 0.117344
0 0 1 0 0 <= 0.0521304
0 0 0 1 0 <= 0.27062
0 0 0 0 1 <= 0.362145
-1 -0 -0 -0 -0 <= -0.176084
-0 -1 -0 -0 -0 <= -0.0558638
-0 -0 -1 -0 -0 <= -0.0142334
-0 -0 -0 -1 -0 <= -0.172886
-0 -0 -0 -0 -1 <= -0.295826
--------------------
1 0 0 0 0 <= 0.29059
0 1 0 0 0 <= 0.116326
0 0 1 0 0 <= 0.0520015
0 0 0 1 0 <= 0.271516
0 0 0 0 1 <= 0.369723
-1 -0 -0 -0 -0 <= -0.169189
-0 -1 -0 -0 -0 <= -0.0541345
-0 -0 -1 -0 -0 <= -0.0139274
-0 -0 -0 -1 -0 <= -0.17155
-0 -0 -0 -0 -1 <= -0.300667
--------------------
1 0 0 0 0 <= 0.285825
0 1 0 0 0 <= 0.115284
0 0 1 0 0 <= 0.0518512
0 0 0 1 0 <= 0.27233
0 0 0 0 1 <= 0.377325
-1 -0 -0 -0 -0 <= -0.162454
-0 -1 -0 -0 -0 <= -0.052416
-0 -0 -1 -0 -0 <= -0.0136173
-0 -0 -0 -1 -0 <= -0.17015
-0 -0 -0 -0 -1 <= -0.30547
--------------------
1 0 0 0 0 <= 0.281176
0 1 0 0 0 <= 0.11422
0 0 1 0 0 <= 0.0516802
0 0 0 1 0 <= 0.273062
0 0 0 0 1 <= 0.38495
-1 -0 -0 -0 -0 <= -0.15588
-0 -1 -0 -0 -0 <= -0.0507104
-0 -0 -1 -0 -0 <= -0.0133039
-0 -0 -0 -1 -0 <= -0.168687
-0 -0 -0 -0 -1 <= -0.310235
--------------------
1 0 0 0 0 <= 0.276641
0 1 0 0 0 <= 0.113135
0 0 1 0 0 <= 0.0514892
0 0 0 1 0 <= 0.273711
0 0 0 0 1 <= 0.392596
-1 -0 -0 -0 -0 <= -0.149465
-0 -1 -0 -0 -0 <= -0.0490201
-0 -0 -1 -0 -0 <= -0.0129877
-0 -0 -0 -1 -0 <= -0.167165
-0 -0 -0 -0 -1 <= -0.314958
--------------------
1 0 0 0 0 <= 0.272219
0 1 0 0 0 <= 0.11203
0 0 1 0 0 <= 0.0512789
0 0 0 1 0 <= 0.274278
0 0 0 0 1 <= 0.40026
-1 -0 -0 -0 -0 <= -0.143209
-0 -1 -0 -0 -0 <= -0.0473472
-0 -0 -1 -0 -0 <= -0.0126694
-0 -0 -0 -1 -0 <= -0.165584
-0 -0 -0 -0 -1 <= -0.319638
--------------------
1 0 0 0 0 <= 0.267909
0 1 0 0 0 <= 0.110908
0 0 1 0 0 <= 0.0510503
0 0 0 1 0 <= 0.274764
0 0 0 0 1 <= 0.40794
-1 -0 -0 -0 -0 <= -0.13711
-0 -1 -0 -0 -0 <= -0.0456936
-0 -0 -1 -0 -0 <= -0.0123494
-0 -0 -0 -1 -0 <= -0.163949
-0 -0 -0 -0 -1 <= -0.324275
--------------------
1 0 0 0 0 <= 0.263709
0 1 0 0 0 <= 0.109769
0 0 1 0 0 <= 0.050804
0 0 0 1 0 <= 0.275169
0 0 0 0 1 <= 0.415633
-1 -0 -0 -0 -0 <= -0.131167
-0 -1 -0 -0 -0 <= -0.0440612
-0 -0 -1 -0 -0 <= -0.0120283
-0 -0 -0 -1 -0 <= -0.16226
-0 -0 -0 -0 -1 <= -0.328865
--------------------
1 0 0 0 0 <= 0.259617
0 1 0 0 0 <= 0.108616
0 0 1 0 0 <= 0.0505408
0 0 0 1 0 <= 0.275493
0 0 0 0 1 <= 0.423338
-1 -0 -0 -0 -0 <= -0.125378
-0 -1 -0 -0 -0 <= -0.0424518
-0 -0 -1 -0 -0 <= -0.0117067
-0 -0 -0 -1 -0 <= -0.160522
-0 -0 -0 -0 -1 <= -0.333409
--------------------
1 0 0 0 0 <= 0.255632
0 1 0 0 0 <= 0.10745
0 0 1 0 0 <= 0.0502614
0 0 0 1 0 <= 0.275737
0 0 0 0 1 <= 0.431052
-1 -0 -0 -0 -0 <= -0.119742
-0 -1 -0 -0 -0 <= -0.040867
-0 -0 -1 -0 -0 <= -0.0113851
-0 -0 -0 -1 -0 <= -0.158735
-0 -0 -0 -0 -1 <= -0.337903
--------------------
1 0 0 0 0 <= 0.251753
0 1 0 0 0 <= 0.106272
0 0 1 0 0 <= 0.0499666
0 0 0 1 0 <= 0.275902
0 0 0 0 1 <= 0.438772
-1 -0 -0 -0 -0 <= -0.114258
-0 -1 -0 -0 -0 <= -0.0393083
-0 -0 -1 -0 -0 <= -0.0110639
-0 -0 -0 -1 -0 <= -0.156903
-0 -0 -0 -0 -1 <= -0.342348
--------------------
1 0 0 0 0 <= 0.247976
0 1 0 0 0 <= 0.105085
0 0 1 0 0 <= 0.0496571
0 0 0 1 0 <= 0.275988
0 0 0 0 1 <= 0.446497
-1 -0 -0 -0 -0 <= -0.108922
-0 -1 -0 -0 -0 <= -0.0377771
-0 -0 -1 -0 -0 <= -0.0107437
-0 -0 -0 -1 -0 <= -0.155028
-0 -0 -0 -0 -1 <= -0.346741
--------------------
1 0 0 0 0 <= 0.244301
0 1 0 0 0 <= 0.103888
0 0 1 0 0 <= 0.0493337
0 0 0 1 0 <= 0.275998
0 0 0 0 1 <= 0.454225
-1 -0 -0 -0 -0 <= -0.103734
-0 -1 -0 -0 -0 <= -0.0362747
-0 -0 -1 -0 -0 <= -0.0104248
-0 -0 -0 -1 -0 <= -0.153114
-0 -0 -0 -0 -1 <= -0.351082
--------------------
1 0 0 0 0 <= 0.240726
0 1 0 0 0 <= 0.102684
0 0 1 0 0 <= 0.048997
0 0 0 1 0 <= 0.275931
0 0 0 0 1 <= 0.461953
-1 -0 -0 -0 -0 <= -0.0986904
-0 -1 -0 -0 -0 <= -0.0348022
-0 -0 -1 -0 -0 <= -0.0101079
-0 -0 -0 -1 -0 <= -0.151161
-0 -0 -0 -0 -1 <= -0.355369
--------------------
1 0 0 0 0 <= 0.237249
0 1 0 0 0 <= 0.101475
0 0 1 0 0 <= 0.0486477
0 0 0 1 0 <= 0.275789
0 0 0 0 1 <= 0.469679
-1 -0 -0 -0 -0 <= -0.0937897
-0 -1 -0 -0 -0 <= -0.0333606
-0 -0 -1 -0 -0 <= -0.00979311
-0 -0 -0 -1 -0 <= -0.149174
-0 -0 -0 -0 -1 <= -0.359602
--------------------
1 0 0 0 0 <= 0.233868
0 1 0 0 0 <= 0.10026
0 0 1 0 0 <= 0.0482866
0 0 0 1 0 <= 0.275573
0 0 0 0 1 <= 0.477401
-1 -0 -0 -0 -0 <= -0.0890294
-0 -1 -0 -0 -0 <= -0.031951
-0 -0 -1 -0 -0 <= -0.00948101
-0 -0 -0 -1 -0 <= -0.147155
-0 -0 -0 -0 -1 <= -0.363778
--------------------
1 0 0 0 0 <= 0.230581
0 1 0 0 0 <= 0.0990422
0 0 1 0 0 <= 0.0479143
0 0 0 1 0 <= 0.275284
0 0 0 0 1 <= 0.485117
-1 -0 -0 -0 -0 <= -0.084407
-0 -1 -0 -0 -0 <= -0.030574
-0 -0 -1 -0 -0 <= -0.00917193
-0 -0 -0 -1 -0 <= -0.145106
-0 -0 -0 -0 -1 <= -0.367899
--------------------
1 0 0 0 0 <= 0.227386
0 1 0 0 0 <= 0.097822
0 0 1 0 0 <= 0.0475316
0 0 0 1 0 <= 0.274924
0 0 0 0 1 <= 0.492825
-1 -0 -0 -0 -0 <= -0.07992
-0 -1 -0 -0 -0 <= -0.0292304
-0 -0 -1 -0 -0 <= -0.00886622
-0 -0 -0 -1 -0 <= -0.143031
-0 -0 -0 -0 -1 <= -0.371962
--------------------
1 0 0 0 0 <= 0.224282
0 1 0 0 0 <= 0.0966007
0 0 1 0 0 <= 0.047139
0 0 0 1 0 <= 0.274494
0 0 0 0 1 <= 0.500523
-1 -0 -0 -0 -0 <= -0.075566
-0 -1 -0 -0 -0 <= -0.0279208
-0 -0 -1 -0 -0 <= -0.0085642
-0 -0 -0 -1 -0 <= -0.140931
-0 -0 -0 -0 -1 <= -0.375967
--------------------
1 0 0 0 0 <= 0.221266
0 1 0 0 0 <= 0.0953794
0 0 1 0 0 <= 0.0467373
0 0 0 1 0 <= 0.273995
0 0 0 0 1 <= 0.508209
-1 -0 -0 -0 -0 <= -0.0713422
-0 -1 -0 -0 -0 <= -0.0266456
-0 -0 -1 -0 -0 <= -0.0082662
-0 -0 -0 -1 -0 <= -0.138809
-0 -0 -0 -0 -1 <= -0.379913
--------------------
1 0 0 0 0 <= 0.218336
0 1 0 0 0 <= 0.0941592
0 0 1 0 0 <= 0.0463271
0 0 0 1 0 <= 0.273429
0 0 0 0 1 <= 0.515881
-1 -0 -0 -0 -0 <= -0.0672461
-0 -1 -0 -0 -0 <= -0.0254052
-0 -0 -1 -0 -0 <= -0.00797249
-0 -0 -0 -1 -0 <= -0.136668
-0 -0 -0 -0 -1 <= -0.383799
--------------------
1 0 0 0 0 <= 0.215491
0 1 0 0 0 <= 0.092941
0 0 1 0 0 <= 0.045909
0 0 0 1 0 <= 0.272797
0 0 0 0 1 <= 0.523537
-1 -0 -0 -0 -0 <= -0.0632749
-0 -1 -0 -0 -0 <= -0.0241999
-0 -0 -1 -0 -0 <= -0.00768334
-0 -0 -0 -1 -0 <= -0.13451
-0 -0 -0 -0 -1 <= -0.387626
--------------------
1 0 0 0 0 <= 0.212729
0 1 0 0 0 <= 0.0917258
0 0 1 0 0 <= 0.0454836
0 0 0 1 0 <= 0.272101
0 0 0 0 1 <= 0.531175
-1 -0 -0 -0 -0 <= -0.0594259
-0 -1 -0 -0 -0 <= -0.0230299
-0 -0 -1 -0 -0 <= -0.00739901
-0 -0 -0 -1 -0 <= -0.132338
-0 -0 -0 -0 -1 <= -0.391392
--------------------
1 0 0 0 0 <= 0.210047
0 1 0 0 0 <= 0.0905146
0 0 1 0 0 <= 0.0450515
0 0 0 1 0 <= 0.271343
0 0 0 0 1 <= 0.538794
-1 -0 -0 -0 -0 <= -0.0556965
-0 -1 -0 -0 -0 <= -0.0218953
-0 -0 -1 -0 -0 <= -0.0071197
-0 -0 -0 -1 -0 <= -0.130154
-0 -0 -0 -0 -1 <= -0.395098
--------------------
1 0 0 0 0 <= 0.207445
0 1 0 0 0 <= 0.0893081
0 0 1 0 0 <= 0.0446133
0 0 0 1 0 <= 0.270524
0 0 0 0 1 <= 0.546392
-1 -0 -0 -0 -0 <= -0.0520837
-0 -1 -0 -0 -0 <= -0.0207961
-0 -0 -1 -0 -0 <= -0.00684564
-0 -0 -0 -1 -0 <= -0.12796
-0 -0 -0 -0 -1 <= -0.398742
--------------------
1 0 0 0 0 <= 0.204919
0 1 0 0 0 <= 0.0881072
0 0 1 0 0 <= 0.0441696
0 0 0 1 0 <= 0.269645
0 0 0 0 1 <= 0.553966
-1 -0 -0 -0 -0 <= -0.048585
-0 -1 -0 -0 -0 <= -0.0197322
-0 -0 -1 -0 -0 <= -0.006577
-0 -0 -0 -1 -0 <= -0.12576
-0 -0 -0 -0 -1 <= -0.402325
--------------------
1 0 0 0 0 <= 0.202468
0 1 0 0 0 <= 0.0869127
0 0 1 0 0 <= 0.043721
0 0 0 1 0 <= 0.268709
0 0 0 0 1 <= 0.561516
-1 -0 -0 -0 -0 <= -0.0451974
-0 -1 -0 -0 -0 <= -0.0187035
-0 -0 -1 -0 -0 <= -0.00631394
-0 -0 -0 -1 -0 <= -0.123554
-0 -0 -0 -0 -1 <= -0.405846
--------------------
1 0 0 0 0 <= 0.20009
0 1 0 0 0 <= 0.0857252
0 0 1 0 0 <= 0.0432679
0 0 0 1 0 <= 0.267717
0 0 0 0 1 <= 0.56904
-1 -0 -0 -0 -0 <= -0.0419183
-0 -1 -0 -0 -0 <= -0.0177099
-0 -0 -1 -0 -0 <= -0.00605662
-0 -0 -0 -1 -0 <= -0.121345
-0 -0 -0 -0 -1 <= -0.409306
--------------------
1 0 0 0 0 <= 0.197784
0 1 0 0 0 <= 0.0845455
0 0 1 0 0 <= 0.0428109
0 0 0 1 0 <= 0.26667
0 0 0 0 1 <= 0.576536
-1 -0 -0 -0 -0 <= -0.0387449
-0 -1 -0 -0 -0 <= -0.0167509
-0 -0 -1 -0 -0 <= -0.00580515
-0 -0 -0 -1 -0 <= -0.119136
-0 -0 -0 -0 -1 <= -0.412703
--------------------
1 0 0 0 0 <= 0.195547
0 1 0 0 0 <= 0.0833742
0 0 1 0 0 <= 0.0423505
0 0 0 1 0 <= 0.265571
0 0 0 0 1 <= 0.584003
-1 -0 -0 -0 -0 <= -0.0356745
-0 -1 -0 -0 -0 <= -0.0158262
-0 -0 -1 -0 -0 <= -0.00555966
-0 -0 -0 -1 -0 <= -0.116928
-0 -0 -0 -0 -1 <= -0.416039
--------------------
1 0 0 0 0 <= 0.193378
0 1 0 0 0 <= 0.0822119
0 0 1 0 0 <= 0.0418872
0 0 0 1 0 <= 0.264422
0 0 0 0 1 <= 0.591439
-1 -0 -0 -0 -0 <= -0.0327043
-0 -1 -0 -0 -0 <= -0.0149355
-0 -0 -1 -0 -0 <= -0.00532021
-0 -0 -0 -1 -0 <= -0.114723
-0 -0 -0 -0 -1 <= -0.419313
--------------------
1 0 0 0 0 <= 0.191275
0 1 0 0 0 <= 0.081059
0 0 1 0 0 <= 0.0414215
0 0 0 1 0 <= 0.263223
0 0 0 0 1 <= 0.598843
-1 -0 -0 -0 -0 <= -0.0298316
-0 -1 -0 -0 -0 <= -0.0140784
-0 -0 -1 -0 -0 <= -0.0050869
-0 -0 -0 -1 -0 <= -0.112524
-0 -0 -0 -0 -1 <= -0.422525
--------------------
1 0 0 0 0 <= 0.189236
0 1 0 0 0 <= 0.0799162
0 0 1 0 0 <= 0.0409537
0 0 0 1 0 <= 0.261977
0 0 0 0 1 <= 0.606213
-1 -0 -0 -0 -0 <= -0.0270539
-0 -1 -0 -0 -0 <= -0.0132542
-0 -0 -1 -0 -0 <= -0.00485978
-0 -0 -0 -1 -0 <= -0.110331
-0 -0 -0 -0 -1 <= -0.425676
--------------------
1 0 0 0 0 <= 0.18726
0 1 0 0 0 <= 0.0787839
0 0 1 0 0 <= 0.0404844
0 0 0 1 0 <= 0.260685
0 0 0 0 1 <= 0.613548
-1 -0 -0 -0 -0 <= -0.0243683
-0 -1 -0 -0 -0 <= -0.0124625
-0 -0 -1 -0 -0 <= -0.00463889
-0 -0 -0 -1 -0 <= -0.108148
-0 -0 -0 -0 -1 <= -0.428765
--------------------
1 0 0 0 0 <= 0.185344
0 1 0 0 0 <= 0.0776624
0 0 1 0 0 <= 0.0400141
0 0 0 1 0 <= 0.259349
0 0 0 0 1 <= 0.620848
-1 -0 -0 -0 -0 <= -0.0217724
-0 -1 -0 -0 -0 <= -0.0117027
-0 -0 -1 -0 -0 <= -0.00442425
-0 -0 -0 -1 -0 <= -0.105975
-0 -0 -0 -0 -1 <= -0.431794
--------------------
1 0 0 0 0 <= 0.183488
0 1 0 0 0 <= 0.0765522
0 0 1 0 0 <= 0.0395429
0 0 0 1 0 <= 0.257971
0 0 0 0 1 <= 0.628109
-1 -0 -0 -0 -0 <= -0.0192635
-0 -1 -0 -0 -0 <= -0.0109741
-0 -0 -1 -0 -0 <= -0.00421588
-0 -0 -0 -1 -0 <= -0.103814
-0 -0 -0 -0 -1 <= -0.434761
--------------------
1 0 0 0 0 <= 0.181689
0 1 0 0 0 <= 0.0754537
0 0 1 0 0 <= 0.0390715
0 0 0 1 0 <= 0.256553
0 0 0 0 1 <= 0.635332
-1 -0 -0 -0 -0 <= -0.0168391
-0 -1 -0 -0 -0 <= -0.0102762
-0 -0 -1 -0 -0 <= -0.00401377
-0 -0 -0 -1 -0 <= -0.101666
-0 -0 -0 -0 -1 <= -0.437668
--------------------
1 0 0 0 0 <= 0.179947
0 1 0 0 0 <= 0.0743671
0 0 1 0 0 <= 0.0386001
0 0 0 1 0 <= 0.255095
0 0 0 0 1 <= 0.642516
-1 -0 -0 -0 -0 <= -0.0144967
-0 -1 -0 -0 -0 <= -0.00960817
-0 -0 -1 -0 -0 <= -0.00381792
-0 -0 -0 -1 -0 <= -0.0995342
-0 -0 -0 -0 -1 <= -0.440514
--------------------
1 0 0 0 0 <= 0.178258
0 1 0 0 0 <= 0.0732927
0 0 1 0 0 <= 0.0381291
0 0 0 1 0 <= 0.253601
0 0 0 0 1 <= 0.649659
-1 -0 -0 -0 -0 <= -0.0122339
-0 -1 -0 -0 -0 <= -0.00896938
-0 -0 -1 -0 -0 <= -0.00362829
-0 -0 -0 -1 -0 <= -0.0974185
-0 -0 -0 -0 -1 <= -0.443301
--------------------
1 0 0 0 0 <= 0.176623
0 1 0 0 0 <= 0.0722308
0 0 1 0 0 <= 0.0376589
0 0 0 1 0 <= 0.252071
0 0 0 0 1 <= 0.656759
-1 -0 -0 -0 -0 <= -0.0100482
-0 -1 -0 -0 -0 <= -0.00835909
-0 -0 -1 -0 -0 <= -0.00344485
-0 -0 -0 -1 -0 <= -0.0953207
-0 -0 -0 -0 -1 <= -0.446029
--------------------
1 0 0 0 0 <= 0.175039
0 1 0 0 0 <= 0.0711816
0 0 1 0 0 <= 0.0371897
0 0 0 1 0 <= 0.250508
0 0 0 0 1 <= 0.663817
-1 -0 -0 -0 -0 <= -0.00793727
-0 -1 -0 -0 -0 <= -0.00777657
-0 -0 -1 -0 -0 <= -0.00326755
-0 -0 -0 -1 -0 <= -0.0932419
-0 -0 -0 -0 -1 <= -0.448698
--------------------
1 0 0 0 0 <= 0.173505
0 1 0 0 0 <= 0.0701453
0 0 1 0 0 <= 0.0367218
0 0 0 1 0 <= 0.248912
0 0 0 0 1 <= 0.670832
-1 -0 -0 -0 -0 <= -0.00589884
-0 -1 -0 -0 -0 <= -0.00722105
-0 -0 -1 -0 -0 <= -0.00309632
-0 -0 -0 -1 -0 <= -0.0911833
-0 -0 -0 -0 -1 <= -0.451309
--------------------
1 0 0 0 0 <= 0.172019
0 1 0 0 0 <= 0.069122
0 0 1 0 0 <= 0.0362557
0 0 0 1 0 <= 0.247286
0 0 0 0 1 <= 0.677801
-1 -0 -0 -0 -0 <= -0.0039306
-0 -1 -0 -0 -0 <= -0.00669178
-0 -0 -1 -0 -0 <= -0.00293111
-0 -0 -0 -1 -0 <= -0.0891461
-0 -0 -0 -0 -1 <= -0.453862
--------------------
1 0 0 0 0 <= 0.17058
0 1 0 0 0 <= 0.0681118
0 0 1 0 0 <= 0.0357914
0 0 0 1 0 <= 0.245631
0 0 0 0 1 <= 0.684725
-1 -0 -0 -0 -0 <= -0.00203034
-0 -1 -0 -0 -0 <= -0.00618797
-0 -0 -1 -0 -0 <= -0.00277184
-0 -0 -0 -1 -0 <= -0.0871311
-0 -0 -0 -0 -1 <= -0.456358
--------------------
1 0 0 0 0 <= 0.169187
0 1 0 0 0 <= 0.067115
0 0 1 0 0 <= 0.0353294
0 0 0 1 0 <= 0.243948
0 0 0 0 1 <= 0.691603
-1 -0 -0 -0 -0 <= -0.000195881
-0 -1 -0 -0 -0 <= -0.00570885
-0 -0 -1 -0 -0 <= -0.00261841
-0 -0 -0 -1 -0 <= -0.0851395
-0 -0 -0 -0 -1 <= -0.458798
--------------------
1 0 0 0 0 <= 0.167838
0 1 0 0 0 <= 0.0661315
0 0 1 0 0 <= 0.0348698
0 0 0 1 0 <= 0.24224
0 0 0 0 1 <= 0.698433
-1 -0 -0 -0 -0 <= 0.00157489
-0 -1 -0 -0 -0 <= -0.00525365
-0 -0 -1 -0 -0 <= -0.00247075
-0 -0 -0 -1 -0 <= -0.0831719
-0 -0 -0 -0 -1 <= -0.461181
--------------------
1 0 0 0 0 <= 0.166532
0 1 0 0 0 <= 0.0651614
0 0 1 0 0 <= 0.0344128
0 0 0 1 0 <= 0.240507
0 0 0 0 1 <= 0.705216
-1 -0 -0 -0 -0 <= 0.00330659
-0 -1 -0 -0 -0 <= -0.00479902
-0 -0 -1 -0 -0 <= -0.00232875
-0 -0 -0 -1 -0 <= -0.0812293
-0 -0 -0 -0 -1 <= -0.46351
--------------------
1 0 0 0 0 <= 0.165268
0 1 0 0 0 <= 0.0642048
0 0 1 0 0 <= 0.0339588
0 0 0 1 0 <= 0.238752
0 0 0 0 1 <= 0.71195
-1 -0 -0 -0 -0 <= 0.00500306
-0 -1 -0 -0 -0 <= -0.00434352
-0 -0 -1 -0 -0 <= -0.00219185
-0 -0 -0 -1 -0 <= -0.0793113
-0 -0 -0 -0 -1 <= -0.465785
--------------------
1 0 0 0 0 <= 0.164045
0 1 0 0 0 <= 0.0632617
0 0 1 0 0 <= 0.0335078
0 0 0 1 0 <= 0.236975
0 0 0 0 1 <= 0.718635
-1 -0 -0 -0 -0 <= 0.00666528
-0 -1 -0 -0 -0 <= -0.00388854
-0 -0 -1 -0 -0 <= -0.00205954
-0 -0 -0 -1 -0 <= -0.0774173
-0 -0 -0 -0 -1 <= -0.468005
--------------------
1 0 0 0 0 <= 0.162861
0 1 0 0 0 <= 0.0623321
0 0 1 0 0 <= 0.0330601
0 0 0 1 0 <= 0.235178
0 0 0 0 1 <= 0.725271
-1 -0 -0 -0 -0 <= 0.00829423
-0 -1 -0 -0 -0 <= -0.0034353
-0 -0 -1 -0 -0 <= -0.00193135
-0 -0 -0 -1 -0 <= -0.0755471
-0 -0 -0 -0 -1 <= -0.470173
--------------------
1 0 0 0 0 <= 0.161715
0 1 0 0 0 <= 0.061416
0 0 1 0 0 <= 0.0326159
0 0 0 1 0 <= 0.233363
0 0 0 0 1 <= 0.731856
-1 -0 -0 -0 -0 <= 0.00989085
-0 -1 -0 -0 -0 <= -0.00298492
-0 -0 -1 -0 -0 <= -0.00180692
-0 -0 -0 -1 -0 <= -0.0737001
-0 -0 -0 -0 -1 <= -0.472288
--------------------
1 0 0 0 0 <= 0.160606
0 1 0 0 0 <= 0.0605133
0 0 1 0 0 <= 0.0321752
0 0 0 1 0 <= 0.23153
0 0 0 0 1 <= 0.73839
-1 -0 -0 -0 -0 <= 0.011456
-0 -1 -0 -0 -0 <= -0.00253839
-0 -0 -1 -0 -0 <= -0.00168593
-0 -0 -0 -1 -0 <= -0.0718761
-0 -0 -0 -0 -1 <= -0.474352
--------------------
1 0 0 0 0 <= 0.159533
0 1 0 0 0 <= 0.059624
0 0 1 0 0 <= 0.0317384
0 0 0 1 0 <= 0.229682
0 0 0 0 1 <= 0.744873
-1 -0 -0 -0 -0 <= 0.0129907
-0 -1 -0 -0 -0 <= -0.0020966
-0 -0 -1 -0 -0 <= -0.00156811
-0 -0 -0 -1 -0 <= -0.0700748
-0 -0 -0 -0 -1 <= -0.476365
--------------------
1 0 0 0 0 <= 0.158496
0 1 0 0 0 <= 0.0587481
0 0 1 0 0 <= 0.0313054
0 0 0 1 0 <= 0.227819
0 0 0 0 1 <= 0.751304
-1 -0 -0 -0 -0 <= 0.0144957
-0 -1 -0 -0 -0 <= -0.00166034
-0 -0 -1 -0 -0 <= -0.00145323
-0 -0 -0 -1 -0 <= -0.0682959
-0 -0 -0 -0 -1 <= -0.478327
--------------------
1 0 0 0 0 <= 0.157492
0 1 0 0 0 <= 0.0578855
0 0 1 0 0 <= 0.0308765
0 0 0 1 0 <= 0.225943
0 0 0 0 1 <= 0.757683
-1 -0 -0 -0 -0 <= 0.0159718
-0 -1 -0 -0 -0 <= -0.0012303
-0 -0 -1 -0 -0 <= -0.00134111
-0 -0 -0 -1 -0 <= -0.0665393
-0 -0 -0 -0 -1 <= -0.480239
--------------------
1 0 0 0 0 <= 0.156522
0 1 0 0 0 <= 0.0570361
0 0 1 0 0 <= 0.0304517
0 0 0 1 0 <= 0.224054
0 0 0 0 1 <= 0.764009
-1 -0 -0 -0 -0 <= 0.01742
-0 -1 -0 -0 -0 <= -0.000807089
-0 -0 -1 -0 -0 <= -0.00123161
-0 -0 -0 -1 -0 <= -0.0648048
-0 -0 -0 -0 -1 <= -0.482102
--------------------
1 0 0 0 0 <= 0.155585
0 1 0 0 0 <= 0.0561998
0 0 1 0 0 <= 0.0300311
0 0 0 1 0 <= 0.222155
0 0 0 0 1 <= 0.770283
-1 -0 -0 -0 -0 <= 0.018841
-0 -1 -0 -0 -0 <= -0.000391249
-0 -0 -1 -0 -0 <= -0.00112459
-0 -0 -0 -1 -0 <= -0.0630922
-0 -0 -0 -0 -1 <= -0.483917
--------------------
1 0 0 0 0 <= 0.154679
0 1 0 0 0 <= 0.0553766
0 0 1 0 0 <= 0.029615
0 0 0 1 0 <= 0.220246
0 0 0 0 1 <= 0.776503
-1 -0 -0 -0 -0 <= 0.0202356
-0 -1 -0 -0 -0 <= 1.67575e-05
-0 -0 -1 -0 -0 <= -0.00101995
-0 -0 -0 -1 -0 <= -0.0614014
-0 -0 -0 -0 -1 <= -0.485683
--------------------
1 0 0 0 0 <= 0.153804
0 1 0 0 0 <= 0.0545663
0 0 1 0 0 <= 0.0292032
0 0 0 1 0 <= 0.218329
0 0 0 0 1 <= 0.78267
-1 -0 -0 -0 -0 <= 0.0216045
-0 -1 -0 -0 -0 <= 0.000416698
-0 -0 -1 -0 -0 <= -0.000917455
-0 -0 -0 -1 -0 <= -0.0597323
-0 -0 -0 -0 -1 <= -0.487402
--------------------
1 0 0 0 0 <= 0.152959
0 1 0 0 0 <= 0.0537688
0 0 1 0 0 <= 0.028796
0 0 0 1 0 <= 0.216404
0 0 0 0 1 <= 0.788783
-1 -0 -0 -0 -0 <= 0.0229485
-0 -1 -0 -0 -0 <= 0.000812049
-0 -0 -1 -0 -0 <= -0.000813209
-0 -0 -0 -1 -0 <= -0.0580848
-0 -0 -0 -0 -1 <= -0.489075
--------------------
1 0 0 0 0 <= 0.152143
0 1 0 0 0 <= 0.0529841
0 0 1 0 0 <= 0.0283933
0 0 0 1 0 <= 0.214473
0 0 0 0 1 <= 0.794842
-1 -0 -0 -0 -0 <= 0.0242684
-0 -1 -0 -0 -0 <= 0.00120216
-0 -0 -1 -0 -0 <= -0.000707526
-0 -0 -0 -1 -0 <= -0.0564585
-0 -0 -0 -0 -1 <= -0.490701
--------------------
1 0 0 0 0 <= 0.151356
0 1 0 0 0 <= 0.052212
0 0 1 0 0 <= 0.0279953
0 0 0 1 0 <= 0.212537
0 0 0 0 1 <= 0.721707
-1 -0 -0 -0 -0 <= 0.0255647
-0 -1 -0 -0 -0 <= 0.00158645
-0 -0 -1 -0 -0 <= -0.000600709
-0 -0 -0 -1 -0 <= -0.0548529
-0 -0 -0 -0 -1 <= -0.492282

1 0 0 0 0 <= 0.151356
0 1 0 0 0 <= 0.052212
0 0 1 0 0 <= 0.0279953
0 0 0 1 0 <= 0.212537
0 0 0 0 1 <= 0.800848
-1 -0 -0 -0 -0 <= 0.0255647
-0 -1 -0 -0 -0 <= 0.00158645
-0 -0 -1 -0 -0 <= -0.000600709
-0 -0 -0 -1 -0 <= -0.0548529
-0 -0 -0 -0 -1 <= -0.717282
--------------------
1 0 0 0 0 <= 0.150596
0 1 0 0 0 <= 0.0514523
0 0 1 0 0 <= 0.027602
0 0 0 1 0 <= 0.210596
0 0 0 0 1 <= 0.727658
-1 -0 -0 -0 -0 <= 0.0268383
-0 -1 -0 -0 -0 <= 0.00196441
-0 -0 -1 -0 -0 <= -0.000493045
-0 -0 -0 -1 -0 <= -0.0532678
-0 -0 -0 -0 -1 <= -0.493818

1 0 0 0 0 <= 0.150596
0 1 0 0 0 <= 0.0514523
0 0 1 0 0 <= 0.027602
0 0 0 1 0 <= 0.210596
0 0 0 0 1 <= 0.806799
-1 -0 -0 -0 -0 <= 0.0268383
-0 -1 -0 -0 -0 <= 0.00196441
-0 -0 -1 -0 -0 <= -0.000493045
-0 -0 -0 -1 -0 <= -0.0532678
-0 -0 -0 -0 -1 <= -0.718818
--------------------
1 0 0 0 0 <= 0.149864
0 1 0 0 0 <= 0.050705
0 0 1 0 0 <= 0.0272134
0 0 0 1 0 <= 0.208652
0 0 0 0 1 <= 0.733554
-1 -0 -0 -0 -0 <= 0.0280897
-0 -1 -0 -0 -0 <= 0.00233558
-0 -0 -1 -0 -0 <= -0.000384808
-0 -0 -0 -1 -0 <= -0.0517027
-0 -0 -0 -0 -1 <= -0.495309

1 0 0 0 0 <= 0.149864
0 1 0 0 0 <= 0.050705
0 0 1 0 0 <= 0.0272134
0 0 0 1 0 <= 0.208652
0 0 0 0 1 <= 0.812695
-1 -0 -0 -0 -0 <= 0.0280897
-0 -1 -0 -0 -0 <= 0.00233558
-0 -0 -1 -0 -0 <= -0.000384808
-0 -0 -0 -1 -0 <= -0.0517027
-0 -0 -0 -0 -1 <= -0.720309
--------------------
1 0 0 0 0 <= 0.149159
0 1 0 0 0 <= 0.0499699
0 0 1 0 0 <= 0.0268296
0 0 0 1 0 <= 0.206706
0 0 0 0 1 <= 0.739397
-1 -0 -0 -0 -0 <= 0.0293197
-0 -1 -0 -0 -0 <= 0.00269958
-0 -0 -1 -0 -0 <= -0.00027626
-0 -0 -0 -1 -0 <= -0.0501575
-0 -0 -0 -0 -1 <= -0.496757

1 0 0 0 0 <= 0.149159
0 1 0 0 0 <= 0.0499699
0 0 1 0 0 <= 0.0268296
0 0 0 1 0 <= 0.206706
0 0 0 0 1 <= 0.818538
-1 -0 -0 -0 -0 <= 0.0293197
-0 -1 -0 -0 -0 <= 0.00269958
-0 -0 -1 -0 -0 <= -0.00027626
-0 -0 -0 -1 -0 <= -0.0501575
-0 -0 -0 -0 -1 <= -0.721757
--------------------
1 0 0 0 0 <= 0.148481
0 1 0 0 0 <= 0.0492469
0 0 1 0 0 <= 0.0264507
0 0 0 1 0 <= 0.204758
0 0 0 0 1 <= 0.745184
-1 -0 -0 -0 -0 <= 0.0305288
-0 -1 -0 -0 -0 <= 0.00305606
-0 -0 -1 -0 -0 <= -0.000167646
-0 -0 -0 -1 -0 <= -0.0486319
-0 -0 -0 -0 -1 <= -0.498162

1 0 0 0 0 <= 0.148481
0 1 0 0 0 <= 0.0492469
0 0 1 0 0 <= 0.0264507
0 0 0 1 0 <= 0.204758
0 0 0 0 1 <= 0.824325
-1 -0 -0 -0 -0 <= 0.0305288
-0 -1 -0 -0 -0 <= 0.00305606
-0 -0 -1 -0 -0 <= -0.000167646
-0 -0 -0 -1 -0 <= -0.0486319
-0 -0 -0 -0 -1 <= -0.723162
--------------------
1 0 0 0 0 <= 0.147827
0 1 0 0 0 <= 0.0485359
0 0 1 0 0 <= 0.0260765
0 0 0 1 0 <= 0.20281
0 0 0 0 1 <= 0.750917
-1 -0 -0 -0 -0 <= 0.0317177
-0 -1 -0 -0 -0 <= 0.00340473
-0 -0 -1 -0 -0 <= -5.91998e-05
-0 -0 -0 -1 -0 <= -0.0471258
-0 -0 -0 -0 -1 <= -0.499523

1 0 0 0 0 <= 0.147827
0 1 0 0 0 <= 0.0485359
0 0 1 0 0 <= 0.0260765
0 0 0 1 0 <= 0.20281
0 0 0 0 1 <= 0.830059
-1 -0 -0 -0 -0 <= 0.0317177
-0 -1 -0 -0 -0 <= 0.00340473
-0 -0 -1 -0 -0 <= -5.91998e-05
-0 -0 -0 -1 -0 <= -0.0471258
-0 -0 -0 -0 -1 <= -0.724523
--------------------
1 0 0 0 0 <= 0.147199
0 1 0 0 0 <= 0.0478366
0 0 1 0 0 <= 0.0257072
0 0 0 1 0 <= 0.200862
0 0 0 0 1 <= 0.756596
-1 -0 -0 -0 -0 <= 0.032887
-0 -1 -0 -0 -0 <= 0.00374533
-0 -0 -1 -0 -0 <= 4.8862e-05
-0 -0 -0 -1 -0 <= -0.045639
-0 -0 -0 -0 -1 <= -0.500843

1 0 0 0 0 <= 0.147199
0 1 0 0 0 <= 0.0478366
0 0 1 0 0 <= 0.0257072
0 0 0 1 0 <= 0.200862
0 0 0 0 1 <= 0.835737
-1 -0 -0 -0 -0 <= 0.032887
-0 -1 -0 -0 -0 <= 0.00374533
-0 -0 -1 -0 -0 <= 4.8862e-05
-0 -0 -0 -1 -0 <= -0.045639
-0 -0 -0 -0 -1 <= -0.725843
--------------------
1 0 0 0 0 <= 0.146597
0 1 0 0 0 <= 0.0471491
0 0 1 0 0 <= 0.0253428
0 0 0 1 0 <= 0.198915
0 0 0 0 1 <= 0.76222
-1 -0 -0 -0 -0 <= 0.0340373
-0 -1 -0 -0 -0 <= 0.00407768
-0 -0 -1 -0 -0 <= 0.000157802
-0 -0 -0 -1 -0 <= -0.0441714
-0 -0 -0 -0 -1 <= -0.502121

1 0 0 0 0 <= 0.146597
0 1 0 0 0 <= 0.0471491
0 0 1 0 0 <= 0.0253428
0 0 0 1 0 <= 0.198915
0 0 0 0 1 <= 0.841361
-1 -0 -0 -0 -0 <= 0.0340373
-0 -1 -0 -0 -0 <= 0.00407768
-0 -0 -1 -0 -0 <= 0.000157802
-0 -0 -0 -1 -0 <= -0.0441714
-0 -0 -0 -0 -1 <= -0.727121
--------------------
1 0 0 0 0 <= 0.146022
0 1 0 0 0 <= 0.046473
0 0 1 0 0 <= 0.0249833
0 0 0 1 0 <= 0.19697
0 0 0 0 1 <= 0.76779
-1 -0 -0 -0 -0 <= 0.0351691
-0 -1 -0 -0 -0 <= 0.00440159
-0 -0 -1 -0 -0 <= 0.000269086
-0 -0 -0 -1 -0 <= -0.0427228
-0 -0 -0 -0 -1 <= -0.503357

1 0 0 0 0 <= 0.146022
0 1 0 0 0 <= 0.046473
0 0 1 0 0 <= 0.0249833
0 0 0 1 0 <= 0.19697
0 0 0 0 1 <= 0.846931
-1 -0 -0 -0 -0 <= 0.0351691
-0 -1 -0 -0 -0 <= 0.00440159
-0 -0 -1 -0 -0 <= 0.000269086
-0 -0 -0 -1 -0 <= -0.0427228
-0 -0 -0 -0 -1 <= -0.728357
--------------------
1 0 0 0 0 <= 0.145474
0 1 0 0 0 <= 0.0458085
0 0 1 0 0 <= 0.0246287
0 0 0 1 0 <= 0.195027
0 0 0 0 1 <= 0.773305
-1 -0 -0 -0 -0 <= 0.036283
-0 -1 -0 -0 -0 <= 0.00471693
-0 -0 -1 -0 -0 <= 0.000382297
-0 -0 -0 -1 -0 <= -0.0412931
-0 -0 -0 -0 -1 <= -0.504554

1 0 0 0 0 <= 0.145474
0 1 0 0 0 <= 0.0458085
0 0 1 0 0 <= 0.0246287
0 0 0 1 0 <= 0.195027
0 0 0 0 1 <= 0.852446
-1 -0 -0 -0 -0 <= 0.036283
-0 -1 -0 -0 -0 <= 0.00471693
-0 -0 -1 -0 -0 <= 0.000382297
-0 -0 -0 -1 -0 <= -0.0412931
-0 -0 -0 -0 -1 <= -0.729554
--------------------
1 0 0 0 0 <= 0.144953
0 1 0 0 0 <= 0.0451553
0 0 1 0 0 <= 0.0242789
0 0 0 1 0 <= 0.193088
0 0 0 0 1 <= 0.778766
-1 -0 -0 -0 -0 <= 0.0373796
-0 -1 -0 -0 -0 <= 0.0050236
-0 -0 -1 -0 -0 <= 0.000497045
-0 -0 -0 -1 -0 <= -0.0398819
-0 -0 -0 -0 -1 <= -0.50571

1 0 0 0 0 <= 0.144953
0 1 0 0 0 <= 0.0451553
0 0 1 0 0 <= 0.0242789
0 0 0 1 0 <= 0.193088
0 0 0 0 1 <= 0.857907
-1 -0 -0 -0 -0 <= 0.0373796
-0 -1 -0 -0 -0 <= 0.0050236
-0 -0 -1 -0 -0 <= 0.000497045
-0 -0 -0 -1 -0 <= -0.0398819
-0 -0 -0 -0 -1 <= -0.73071
--------------------
1 0 0 0 0 <= 0.144457
0 1 0 0 0 <= 0.0445134
0 0 1 0 0 <= 0.0239341
0 0 0 1 0 <= 0.191154
0 0 0 0 1 <= 0.784172
-1 -0 -0 -0 -0 <= 0.0384594
-0 -1 -0 -0 -0 <= 0.00532153
-0 -0 -1 -0 -0 <= 0.000612959
-0 -0 -0 -1 -0 <= -0.0384892
-0 -0 -0 -0 -1 <= -0.506827

1 0 0 0 0 <= 0.144457
0 1 0 0 0 <= 0.0445134
0 0 1 0 0 <= 0.0239341
0 0 0 1 0 <= 0.191154
0 0 0 0 1 <= 0.863313
-1 -0 -0 -0 -0 <= 0.0384594
-0 -1 -0 -0 -0 <= 0.00532153
-0 -0 -1 -0 -0 <= 0.000612959
-0 -0 -0 -1 -0 <= -0.0384892
-0 -0 -0 -0 -1 <= -0.731827
--------------------
1 0 0 0 0 <= 0.143987
0 1 0 0 0 <= 0.0438827
0 0 1 0 0 <= 0.0235941
0 0 0 1 0 <= 0.189224
0 0 0 0 1 <= 0.789525
-1 -0 -0 -0 -0 <= 0.0395229
-0 -1 -0 -0 -0 <= 0.00561067
-0 -0 -1 -0 -0 <= 0.000729698
-0 -0 -0 -1 -0 <= -0.0371147
-0 -0 -0 -0 -1 <= -0.507904

1 0 0 0 0 <= 0.143987
0 1 0 0 0 <= 0.0438827
0 0 1 0 0 <= 0.0235941
0 0 0 1 0 <= 0.189224
0 0 0 0 1 <= 0.868666
-1 -0 -0 -0 -0 <= 0.0395229
-0 -1 -0 -0 -0 <= 0.00561067
-0 -0 -1 -0 -0 <= 0.000729698
-0 -0 -0 -1 -0 <= -0.0371147
-0 -0 -0 -0 -1 <= -0.732904
--------------------
1 0 0 0 0 <= 0.143543
0 1 0 0 0 <= 0.0432631
0 0 1 0 0 <= 0.023259
0 0 0 1 0 <= 0.187299
0 0 0 0 1 <= 0.794823
-1 -0 -0 -0 -0 <= 0.0405706
-0 -1 -0 -0 -0 <= 0.00589101
-0 -0 -1 -0 -0 <= 0.000846939
-0 -0 -0 -1 -0 <= -0.0357585
-0 -0 -0 -0 -1 <= -0.508944

1 0 0 0 0 <= 0.143543
0 1 0 0 0 <= 0.0432631
0 0 1 0 0 <= 0.023259
0 0 0 1 0 <= 0.187299
0 0 0 0 1 <= 0.873964
-1 -0 -0 -0 -0 <= 0.0405706
-0 -1 -0 -0 -0 <= 0.00589101
-0 -0 -1 -0 -0 <= 0.000846939
-0 -0 -0 -1 -0 <= -0.0357585
-0 -0 -0 -0 -1 <= -0.733944
--------------------
1 0 0 0 0 <= 0.143123
0 1 0 0 0 <= 0.0426543
0 0 1 0 0 <= 0.0229287
0 0 0 1 0 <= 0.185381
0 0 0 0 1 <= 0.800067
-1 -0 -0 -0 -0 <= 0.041603
-0 -1 -0 -0 -0 <= 0.00616253
-0 -0 -1 -0 -0 <= 0.000964384
-0 -0 -0 -1 -0 <= -0.0344204
-0 -0 -0 -0 -1 <= -0.509945

1 0 0 0 0 <= 0.143123
0 1 0 0 0 <= 0.0426543
0 0 1 0 0 <= 0.0229287
0 0 0 1 0 <= 0.185381
0 0 0 0 1 <= 0.879208
-1 -0 -0 -0 -0 <= 0.041603
-0 -1 -0 -0 -0 <= 0.00616253
-0 -0 -1 -0 -0 <= 0.000964384
-0 -0 -0 -1 -0 <= -0.0344204
-0 -0 -0 -0 -1 <= -0.734945
--------------------
1 0 0 0 0 <= 0.142728
0 1 0 0 0 <= 0.0420564
0 0 1 0 0 <= 0.0226034
0 0 0 1 0 <= 0.18347
0 0 0 0 1 <= 0.805258
-1 -0 -0 -0 -0 <= 0.0426205
-0 -1 -0 -0 -0 <= 0.00642527
-0 -0 -1 -0 -0 <= 0.00108175
-0 -0 -0 -1 -0 <= -0.0331003
-0 -0 -0 -0 -1 <= -0.510909

1 0 0 0 0 <= 0.142728
0 1 0 0 0 <= 0.0420564
0 0 1 0 0 <= 0.0226034
0 0 0 1 0 <= 0.18347
0 0 0 0 1 <= 0.884399
-1 -0 -0 -0 -0 <= 0.0426205
-0 -1 -0 -0 -0 <= 0.00642527
-0 -0 -1 -0 -0 <= 0.00108175
-0 -0 -0 -1 -0 <= -0.0331003
-0 -0 -0 -0 -1 <= -0.735909
--------------------
1 0 0 0 0 <= 0.142357
0 1 0 0 0 <= 0.0414693
0 0 1 0 0 <= 0.0222828
0 0 0 1 0 <= 0.181565
0 0 0 0 1 <= 0.810395
-1 -0 -0 -0 -0 <= 0.0436237
-0 -1 -0 -0 -0 <= 0.00667926
-0 -0 -1 -0 -0 <= 0.00119879
-0 -0 -0 -1 -0 <= -0.0317981
-0 -0 -0 -0 -1 <= -0.511835

1 0 0 0 0 <= 0.142357
0 1 0 0 0 <= 0.0414693
0 0 1 0 0 <= 0.0222828
0 0 0 1 0 <= 0.181565
0 0 0 0 1 <= 0.889536
-1 -0 -0 -0 -0 <= 0.0436237
-0 -1 -0 -0 -0 <= 0.00667926
-0 -0 -1 -0 -0 <= 0.00119879
-0 -0 -0 -1 -0 <= -0.0317981
-0 -0 -0 -0 -1 <= -0.736835
--------------------
1 0 0 0 0 <= 0.14201
0 1 0 0 0 <= 0.0408926
0 0 1 0 0 <= 0.0219671
0 0 0 1 0 <= 0.179669
0 0 0 0 1 <= 0.815479
-1 -0 -0 -0 -0 <= 0.044613
-0 -1 -0 -0 -0 <= 0.00692456
-0 -0 -1 -0 -0 <= 0.00131525
-0 -0 -0 -1 -0 <= -0.0305138
-0 -0 -0 -0 -1 <= -0.512726

1 0 0 0 0 <= 0.14201
0 1 0 0 0 <= 0.0408926
0 0 1 0 0 <= 0.0219671
0 0 0 1 0 <= 0.179669
0 0 0 0 1 <= 0.89462
-1 -0 -0 -0 -0 <= 0.044613
-0 -1 -0 -0 -0 <= 0.00692456
-0 -0 -1 -0 -0 <= 0.00131525
-0 -0 -0 -1 -0 <= -0.0305138
-0 -0 -0 -0 -1 <= -0.737726
--------------------
1 0 0 0 0 <= 0.141685
0 1 0 0 0 <= 0.0403265
0 0 1 0 0 <= 0.0216562
0 0 0 1 0 <= 0.177781
0 0 0 0 1 <= 0.742756
-1 -0 -0 -0 -0 <= 0.0455889
-0 -1 -0 -0 -0 <= 0.00716125
-0 -0 -1 -0 -0 <= 0.00143092
-0 -0 -0 -1 -0 <= -0.0292475
-0 -0 -0 -0 -1 <= -0.51358

1 0 0 0 0 <= 0.141685
0 1 0 0 0 <= 0.0403265
0 0 1 0 0 <= 0.0216562
0 0 0 1 0 <= 0.177781
0 0 0 0 1 <= 0.82051
-1 -0 -0 -0 -0 <= 0.0455889
-0 -1 -0 -0 -0 <= 0.00716125
-0 -0 -1 -0 -0 <= 0.00143092
-0 -0 -0 -1 -0 <= -0.0292475
-0 -0 -0 -0 -1 <= -0.73858

1 0 0 0 0 <= 0.141685
0 1 0 0 0 <= 0.0403265
0 0 1 0 0 <= 0.0216562
0 0 0 1 0 <= 0.177781
0 0 0 0 1 <= 0.899651
-1 -0 -0 -0 -0 <= 0.0455889
-0 -1 -0 -0 -0 <= 0.00716125
-0 -0 -1 -0 -0 <= 0.00143092
-0 -0 -0 -1 -0 <= -0.0292475
-0 -0 -0 -0 -1 <= -0.73858
--------------------
1 0 0 0 0 <= 0.141384
0 1 0 0 0 <= 0.0397706
0 0 1 0 0 <= 0.02135
0 0 0 1 0 <= 0.175903
0 0 0 0 1 <= 0.747734
-1 -0 -0 -0 -0 <= 0.0465517
-0 -1 -0 -0 -0 <= 0.0073894
-0 -0 -1 -0 -0 <= 0.00154559
-0 -0 -0 -1 -0 <= -0.0279989
-0 -0 -0 -0 -1 <= -0.514399

1 0 0 0 0 <= 0.141384
0 1 0 0 0 <= 0.0397706
0 0 1 0 0 <= 0.02135
0 0 0 1 0 <= 0.175903
0 0 0 0 1 <= 0.825488
-1 -0 -0 -0 -0 <= 0.0465517
-0 -1 -0 -0 -0 <= 0.0073894
-0 -0 -1 -0 -0 <= 0.00154559
-0 -0 -0 -1 -0 <= -0.0279989
-0 -0 -0 -0 -1 <= -0.739399

1 0 0 0 0 <= 0.141384
0 1 0 0 0 <= 0.0397706
0 0 1 0 0 <= 0.02135
0 0 0 1 0 <= 0.175903
0 0 0 0 1 <= 0.904629
-1 -0 -0 -0 -0 <= 0.0465517
-0 -1 -0 -0 -0 <= 0.0073894
-0 -0 -1 -0 -0 <= 0.00154559
-0 -0 -0 -1 -0 <= -0.0279989
-0 -0 -0 -0 -1 <= -0.739399
--------------------
1 0 0 0 0 <= 0.141105
0 1 0 0 0 <= 0.039225
0 0 1 0 0 <= 0.0210487
0 0 0 1 0 <= 0.174033
0 0 0 0 1 <= 0.75266
-1 -0 -0 -0 -0 <= 0.0475019
-0 -1 -0 -0 -0 <= 0.00760911
-0 -0 -1 -0 -0 <= 0.00165908
-0 -0 -0 -1 -0 <= -0.0267682
-0 -0 -0 -0 -1 <= -0.515183

1 0 0 0 0 <= 0.141105
0 1 0 0 0 <= 0.039225
0 0 1 0 0 <= 0.0210487
0 0 0 1 0 <= 0.174033
0 0 0 0 1 <= 0.830413
-1 -0 -0 -0 -0 <= 0.0475019
-0 -1 -0 -0 -0 <= 0.00760911
-0 -0 -1 -0 -0 <= 0.00165908
-0 -0 -0 -1 -0 <= -0.0267682
-0 -0 -0 -0 -1 <= -0.740183

1 0 0 0 0 <= 0.141105
0 1 0 0 0 <= 0.039225
0 0 1 0 0 <= 0.0210487
0 0 0 1 0 <= 0.174033
0 0 0 0 1 <= 0.909554
-1 -0 -0 -0 -0 <= 0.0475019
-0 -1 -0 -0 -0 <= 0.00760911
-0 -0 -1 -0 -0 <= 0.00165908
-0 -0 -0 -1 -0 <= -0.0267682
-0 -0 -0 -0 -1 <= -0.740183
--------------------
1 0 0 0 0 <= 0.140848
0 1 0 0 0 <= 0.0386894
0 0 1 0 0 <= 0.020752
0 0 0 1 0 <= 0.172174
0 0 0 0 1 <= 0.757533
-1 -0 -0 -0 -0 <= 0.0484398
-0 -1 -0 -0 -0 <= 0.00782049
-0 -0 -1 -0 -0 <= 0.00177122
-0 -0 -0 -1 -0 <= -0.0255553
-0 -0 -0 -0 -1 <= -0.515932

1 0 0 0 0 <= 0.140848
0 1 0 0 0 <= 0.0386894
0 0 1 0 0 <= 0.020752
0 0 0 1 0 <= 0.172174
0 0 0 0 1 <= 0.835286
-1 -0 -0 -0 -0 <= 0.0484398
-0 -1 -0 -0 -0 <= 0.00782049
-0 -0 -1 -0 -0 <= 0.00177122
-0 -0 -0 -1 -0 <= -0.0255553
-0 -0 -0 -0 -1 <= -0.740932

1 0 0 0 0 <= 0.140848
0 1 0 0 0 <= 0.0386894
0 0 1 0 0 <= 0.020752
0 0 0 1 0 <= 0.172174
0 0 0 0 1 <= 0.914427
-1 -0 -0 -0 -0 <= 0.0484398
-0 -1 -0 -0 -0 <= 0.00782049
-0 -0 -1 -0 -0 <= 0.00177122
-0 -0 -0 -1 -0 <= -0.0255553
-0 -0 -0 -0 -1 <= -0.740932
--------------------
1 0 0 0 0 <= 0.140613
0 1 0 0 0 <= 0.0381636
0 0 1 0 0 <= 0.02046
0 0 0 1 0 <= 0.170325
0 0 0 0 1 <= 0.762353
-1 -0 -0 -0 -0 <= 0.049366
-0 -1 -0 -0 -0 <= 0.00802367
-0 -0 -1 -0 -0 <= 0.00188185
-0 -0 -0 -1 -0 <= -0.0243602
-0 -0 -0 -0 -1 <= -0.516648

1 0 0 0 0 <= 0.140613
0 1 0 0 0 <= 0.0381636
0 0 1 0 0 <= 0.02046
0 0 0 1 0 <= 0.170325
0 0 0 0 1 <= 0.840107
-1 -0 -0 -0 -0 <= 0.049366
-0 -1 -0 -0 -0 <= 0.00802367
-0 -0 -1 -0 -0 <= 0.00188185
-0 -0 -0 -1 -0 <= -0.0243602
-0 -0 -0 -0 -1 <= -0.741648

1 0 0 0 0 <= 0.140613
0 1 0 0 0 <= 0.0381636
0 0 1 0 0 <= 0.02046
0 0 0 1 0 <= 0.170325
0 0 0 0 1 <= 0.919248
-1 -0 -0 -0 -0 <= 0.049366
-0 -1 -0 -0 -0 <= 0.00802367
-0 -0 -1 -0 -0 <= 0.00188185
-0 -0 -0 -1 -0 <= -0.0243602
-0 -0 -0 -0 -1 <= -0.741648
--------------------
1 0 0 0 0 <= 0.140398
0 1 0 0 0 <= 0.0376477
0 0 1 0 0 <= 0.0201727
0 0 0 1 0 <= 0.168487
0 0 0 0 1 <= 0.767123
-1 -0 -0 -0 -0 <= 0.0502808
-0 -1 -0 -0 -0 <= 0.00821876
-0 -0 -1 -0 -0 <= 0.00199083
-0 -0 -0 -1 -0 <= -0.0231828
-0 -0 -0 -0 -1 <= -0.51733

1 0 0 0 0 <= 0.140398
0 1 0 0 0 <= 0.0376477
0 0 1 0 0 <= 0.0201727
0 0 0 1 0 <= 0.168487
0 0 0 0 1 <= 0.844876
-1 -0 -0 -0 -0 <= 0.0502808
-0 -1 -0 -0 -0 <= 0.00821876
-0 -0 -1 -0 -0 <= 0.00199083
-0 -0 -0 -1 -0 <= -0.0231828
-0 -0 -0 -0 -1 <= -0.74233

1 0 0 0 0 <= 0.140398
0 1 0 0 0 <= 0.0376477
0 0 1 0 0 <= 0.0201727
0 0 0 1 0 <= 0.168487
0 0 0 0 1 <= 0.924017
-1 -0 -0 -0 -0 <= 0.0502808
-0 -1 -0 -0 -0 <= 0.00821876
-0 -0 -1 -0 -0 <= 0.00199083
-0 -0 -0 -1 -0 <= -0.0231828
-0 -0 -0 -0 -1 <= -0.74233
--------------------
1 0 0 0 0 <= 0.140205
0 1 0 0 0 <= 0.0371413
0 0 1 0 0 <= 0.0198901
0 0 0 1 0 <= 0.166661
0 0 0 0 1 <= 0.77184
-1 -0 -0 -0 -0 <= 0.0511845
-0 -1 -0 -0 -0 <= 0.00840589
-0 -0 -1 -0 -0 <= 0.00209804
-0 -0 -0 -1 -0 <= -0.0220232
-0 -0 -0 -0 -1 <= -0.517979

1 0 0 0 0 <= 0.140205
0 1 0 0 0 <= 0.0371413
0 0 1 0 0 <= 0.0198901
0 0 0 1 0 <= 0.166661
0 0 0 0 1 <= 0.849593
-1 -0 -0 -0 -0 <= 0.0511845
-0 -1 -0 -0 -0 <= 0.00840589
-0 -0 -1 -0 -0 <= 0.00209804
-0 -0 -0 -1 -0 <= -0.0220232
-0 -0 -0 -0 -1 <= -0.742979

1 0 0 0 0 <= 0.140205
0 1 0 0 0 <= 0.0371413
0 0 1 0 0 <= 0.0198901
0 0 0 1 0 <= 0.166661
0 0 0 0 1 <= 0.928735
-1 -0 -0 -0 -0 <= 0.0511845
-0 -1 -0 -0 -0 <= 0.00840589
-0 -0 -1 -0 -0 <= 0.00209804
-0 -0 -0 -1 -0 <= -0.0220232
-0 -0 -0 -0 -1 <= -0.742979
--------------------
1 0 0 0 0 <= 0.140032
0 1 0 0 0 <= 0.0366444
0 0 1 0 0 <= 0.019612
0 0 0 1 0 <= 0.164846
0 0 0 0 1 <= 0.776507
-1 -0 -0 -0 -0 <= 0.0520776
-0 -1 -0 -0 -0 <= 0.00858522
-0 -0 -1 -0 -0 <= 0.00220335
-0 -0 -0 -1 -0 <= -0.0208814
-0 -0 -0 -0 -1 <= -0.518596

1 0 0 0 0 <= 0.140032
0 1 0 0 0 <= 0.0366444
0 0 1 0 0 <= 0.019612
0 0 0 1 0 <= 0.164846
0 0 0 0 1 <= 0.85426
-1 -0 -0 -0 -0 <= 0.0520776
-0 -1 -0 -0 -0 <= 0.00858522
-0 -0 -1 -0 -0 <= 0.00220335
-0 -0 -0 -1 -0 <= -0.0208814
-0 -0 -0 -0 -1 <= -0.743596

1 0 0 0 0 <= 0.140032
0 1 0 0 0 <= 0.0366444
0 0 1 0 0 <= 0.019612
0 0 0 1 0 <= 0.164846
0 0 0 0 1 <= 0.933401
-1 -0 -0 -0 -0 <= 0.0520776
-0 -1 -0 -0 -0 <= 0.00858522
-0 -0 -1 -0 -0 <= 0.00220335
-0 -0 -0 -1 -0 <= -0.0208814
-0 -0 -0 -0 -1 <= -0.743596
--------------------
1 0 0 0 0 <= 0.139879
0 1 0 0 0 <= 0.0361569
0 0 1 0 0 <= 0.0193385
0 0 0 1 0 <= 0.163043
0 0 0 0 1 <= 0.781122
-1 -0 -0 -0 -0 <= 0.0529603
-0 -1 -0 -0 -0 <= 0.00875689
-0 -0 -1 -0 -0 <= 0.00230667
-0 -0 -0 -1 -0 <= -0.0197572
-0 -0 -0 -0 -1 <= -0.519181

1 0 0 0 0 <= 0.139879
0 1 0 0 0 <= 0.0361569
0 0 1 0 0 <= 0.0193385
0 0 0 1 0 <= 0.163043
0 0 0 0 1 <= 0.858876
-1 -0 -0 -0 -0 <= 0.0529603
-0 -1 -0 -0 -0 <= 0.00875689
-0 -0 -1 -0 -0 <= 0.00230667
-0 -0 -0 -1 -0 <= -0.0197572
-0 -0 -0 -0 -1 <= -0.744181

1 0 0 0 0 <= 0.139879
0 1 0 0 0 <= 0.0361569
0 0 1 0 0 <= 0.0193385
0 0 0 1 0 <= 0.163043
0 0 0 0 1 <= 0.938017
-1 -0 -0 -0 -0 <= 0.0529603
-0 -1 -0 -0 -0 <= 0.00875689
-0 -0 -1 -0 -0 <= 0.00230667
-0 -0 -0 -1 -0 <= -0.0197572
-0 -0 -0 -0 -1 <= -0.744181
--------------------
1 0 0 0 0 <= 0.139746
0 1 0 0 0 <= 0.0356784
0 0 1 0 0 <= 0.0190695
0 0 0 1 0 <= 0.161253
0 0 0 0 1 <= 0.785688
-1 -0 -0 -0 -0 <= 0.0538331
-0 -1 -0 -0 -0 <= 0.00892104
-0 -0 -1 -0 -0 <= 0.00240791
-0 -0 -0 -1 -0 <= -0.0186509
-0 -0 -0 -0 -1 <= -0.519734

1 0 0 0 0 <= 0.139746
0 1 0 0 0 <= 0.0356784
0 0 1 0 0 <= 0.0190695
0 0 0 1 0 <= 0.161253
0 0 0 0 1 <= 0.863441
-1 -0 -0 -0 -0 <= 0.0538331
-0 -1 -0 -0 -0 <= 0.00892104
-0 -0 -1 -0 -0 <= 0.00240791
-0 -0 -0 -1 -0 <= -0.0186509
-0 -0 -0 -0 -1 <= -0.744734

1 0 0 0 0 <= 0.139746
0 1 0 0 0 <= 0.0356784
0 0 1 0 0 <= 0.0190695
0 0 0 1 0 <= 0.161253
0 0 0 0 1 <= 0.942582
-1 -0 -0 -0 -0 <= 0.0538331
-0 -1 -0 -0 -0 <= 0.00892104
-0 -0 -1 -0 -0 <= 0.00240791
-0 -0 -0 -1 -0 <= -0.0186509
-0 -0 -0 -0 -1 <= -0.744734
--------------------
1 0 0 0 0 <= 0.139631
0 1 0 0 0 <= 0.035209
0 0 1 0 0 <= 0.018805
0 0 0 1 0 <= 0.159475
0 0 0 0 1 <= 0.790203
-1 -0 -0 -0 -0 <= 0.0546962
-0 -1 -0 -0 -0 <= 0.00907783
-0 -0 -1 -0 -0 <= 0.00250699
-0 -0 -0 -1 -0 <= -0.0175622
-0 -0 -0 -0 -1 <= -0.520256

1 0 0 0 0 <= 0.139631
0 1 0 0 0 <= 0.035209
0 0 1 0 0 <= 0.018805
0 0 0 1 0 <= 0.159475
0 0 0 0 1 <= 0.867956
-1 -0 -0 -0 -0 <= 0.0546962
-0 -1 -0 -0 -0 <= 0.00907783
-0 -0 -1 -0 -0 <= 0.00250699
-0 -0 -0 -1 -0 <= -0.0175622
-0 -0 -0 -0 -1 <= -0.745256

1 0 0 0 0 <= 0.139631
0 1 0 0 0 <= 0.035209
0 0 1 0 0 <= 0.018805
0 0 0 1 0 <= 0.159475
0 0 0 0 1 <= 0.947097
-1 -0 -0 -0 -0 <= 0.0546962
-0 -1 -0 -0 -0 <= 0.00907783
-0 -0 -1 -0 -0 <= 0.00250699
-0 -0 -0 -1 -0 <= -0.0175622
-0 -0 -0 -0 -1 <= -0.745256
--------------------
1 0 0 0 0 <= 0.139536
0 1 0 0 0 <= 0.0347485
0 0 1 0 0 <= 0.0185449
0 0 0 1 0 <= 0.15771
0 0 0 0 1 <= 0.794668
-1 -0 -0 -0 -0 <= 0.05555
-0 -1 -0 -0 -0 <= 0.00922742
-0 -0 -1 -0 -0 <= 0.00260383
-0 -0 -0 -1 -0 <= -0.0164912
-0 -0 -0 -0 -1 <= -0.520748

1 0 0 0 0 <= 0.139536
0 1 0 0 0 <= 0.0347485
0 0 1 0 0 <= 0.0185449
0 0 0 1 0 <= 0.15771
0 0 0 0 1 <= 0.872421
-1 -0 -0 -0 -0 <= 0.05555
-0 -1 -0 -0 -0 <= 0.00922742
-0 -0 -1 -0 -0 <= 0.00260383
-0 -0 -0 -1 -0 <= -0.0164912
-0 -0 -0 -0 -1 <= -0.745748

1 0 0 0 0 <= 0.139536
0 1 0 0 0 <= 0.0347485
0 0 1 0 0 <= 0.0185449
0 0 0 1 0 <= 0.15771
0 0 0 0 1 <= 0.951562
-1 -0 -0 -0 -0 <= 0.05555
-0 -1 -0 -0 -0 <= 0.00922742
-0 -0 -1 -0 -0 <= 0.00260383
-0 -0 -0 -1 -0 <= -0.0164912
-0 -0 -0 -0 -1 <= -0.745748
