Initial parameter set
--------------
1 0 0 0 <= 0.1
-1 -0 -0 -0 <= -0.055
0 1 0 0 <= 0.001
-0 -1 -0 -0 <= -1e-05
0 0 1 0 <= 0.0055
-0 -0 -1 -0 <= -0.0027
0 0 0 1 <= 0.07
-0 -0 -0 -1 <= -0.05


Specification: always_[0,100] (0.404-r <= 0)

Synthesizing parameters...
Parameter set
1 0 0 0 <= 0.1
-1 -0 -0 -0 <= -0.0775
0 1 0 0 <= 0.001
-0 -1 -0 -0 <= -0.000505
0 0 1 0 <= 0.0055
-0 -0 -1 -0 <= -0.0041
0 0 0 1 <= 0.07
-0 -0 -0 -1 <= -0.06


Computing parametric reach set...done
RESULTS
1 0 0 <= 0.3
0 1 0 <= 0.01
0 0 1 <= 0.8
-1 -0 -0 <= -0.2
-0 -1 -0 <= -0.001
-0 -0 -1 <= -0.7

1 0 0 <= 0.304225
0 1 0 <= 0.0097
0 0 1 <= 0.79772
-1 -0 -0 <= -0.20247
-0 -1 -0 <= -0.0009455
-0 -0 -1 <= -0.696311

1 0 0 <= 0.308437
0 1 0 <= 0.0094131
0 0 1 <= 0.795433
-1 -0 -0 <= -0.204926
-0 -1 -0 <= -0.000894151
-0 -0 -1 <= -0.69264

1 0 0 <= 0.312635
0 1 0 <= 0.00913865
0 0 1 <= 0.793139
-1 -0 -0 <= -0.207368
-0 -1 -0 <= -0.000845761
-0 -0 -1 <= -0.688988

1 0 0 <= 0.316818
0 1 0 <= 0.00887603
0 0 1 <= 0.790839
-1 -0 -0 <= -0.209796
-0 -1 -0 <= -0.00080015
-0 -0 -1 <= -0.685354

1 0 0 <= 0.320988
0 1 0 <= 0.00862468
0 0 1 <= 0.788535
-1 -0 -0 <= -0.21221
-0 -1 -0 <= -0.00075715
-0 -0 -1 <= -0.681738

1 0 0 <= 0.325144
0 1 0 <= 0.00838404
0 0 1 <= 0.786227
-1 -0 -0 <= -0.21461
-0 -1 -0 <= -0.000716601
-0 -0 -1 <= -0.678141

1 0 0 <= 0.329286
0 1 0 <= 0.0081536
0 0 1 <= 0.783915
-1 -0 -0 <= -0.216996
-0 -1 -0 <= -0.000678358
-0 -0 -1 <= -0.674563

1 0 0 <= 0.333414
0 1 0 <= 0.00793287
0 0 1 <= 0.781601
-1 -0 -0 <= -0.219367
-0 -1 -0 <= -0.000642281
-0 -0 -1 <= -0.671003

1 0 0 <= 0.337528
0 1 0 <= 0.00772139
0 0 1 <= 0.779285
-1 -0 -0 <= -0.221725
-0 -1 -0 <= -0.000608241
-0 -0 -1 <= -0.667462

1 0 0 <= 0.341628
0 1 0 <= 0.00751873
0 0 1 <= 0.776968
-1 -0 -0 <= -0.224069
-0 -1 -0 <= -0.000576116
-0 -0 -1 <= -0.663939

1 0 0 <= 0.345713
0 1 0 <= 0.00732447
0 0 1 <= 0.774651
-1 -0 -0 <= -0.226398
-0 -1 -0 <= -0.000545792
-0 -0 -1 <= -0.660436

1 0 0 <= 0.349785
0 1 0 <= 0.00713821
0 0 1 <= 0.772333
-1 -0 -0 <= -0.228714
-0 -1 -0 <= -0.000517163
-0 -0 -1 <= -0.65695

1 0 0 <= 0.353842
0 1 0 <= 0.00695961
0 0 1 <= 0.770016
-1 -0 -0 <= -0.231016
-0 -1 -0 <= -0.000490129
-0 -0 -1 <= -0.653483

1 0 0 <= 0.357885
0 1 0 <= 0.00678829
0 0 1 <= 0.7677
-1 -0 -0 <= -0.233303
-0 -1 -0 <= -0.000464595
-0 -0 -1 <= -0.650035

1 0 0 <= 0.361914
0 1 0 <= 0.00662393
0 0 1 <= 0.765385
-1 -0 -0 <= -0.235576
-0 -1 -0 <= -0.000440473
-0 -0 -1 <= -0.646606

1 0 0 <= 0.365928
0 1 0 <= 0.00646623
0 0 1 <= 0.763073
-1 -0 -0 <= -0.237836
-0 -1 -0 <= -0.000417682
-0 -0 -1 <= -0.643195

1 0 0 <= 0.369928
0 1 0 <= 0.00631487
0 0 1 <= 0.760763
-1 -0 -0 <= -0.240081
-0 -1 -0 <= -0.000396143
-0 -0 -1 <= -0.639803

1 0 0 <= 0.373914
0 1 0 <= 0.00616958
0 0 1 <= 0.758456
-1 -0 -0 <= -0.242313
-0 -1 -0 <= -0.000375784
-0 -0 -1 <= -0.636429

1 0 0 <= 0.377886
0 1 0 <= 0.0060301
0 0 1 <= 0.756152
-1 -0 -0 <= -0.24453
-0 -1 -0 <= -0.000356536
-0 -0 -1 <= -0.633073

1 0 0 <= 0.381844
0 1 0 <= 0.00589616
0 0 1 <= 0.753851
-1 -0 -0 <= -0.246734
-0 -1 -0 <= -0.000338335
-0 -0 -1 <= -0.629736

1 0 0 <= 0.385787
0 1 0 <= 0.00576753
0 0 1 <= 0.751555
-1 -0 -0 <= -0.248924
-0 -1 -0 <= -0.000321121
-0 -0 -1 <= -0.626418

1 0 0 <= 0.389716
0 1 0 <= 0.00564399
0 0 1 <= 0.749263
-1 -0 -0 <= -0.2511
-0 -1 -0 <= -0.000304838
-0 -0 -1 <= -0.623117

1 0 0 <= 0.393631
0 1 0 <= 0.0055253
0 0 1 <= 0.746976
-1 -0 -0 <= -0.253262
-0 -1 -0 <= -0.000289431
-0 -0 -1 <= -0.619835

1 0 0 <= 0.397532
0 1 0 <= 0.00541128
0 0 1 <= 0.744694
-1 -0 -0 <= -0.25541
-0 -1 -0 <= -0.000274852
-0 -0 -1 <= -0.616571

1 0 0 <= 0.401419
0 1 0 <= 0.00530172
0 0 1 <= 0.742417
-1 -0 -0 <= -0.257544
-0 -1 -0 <= -0.000261053
-0 -0 -1 <= -0.613326

1 0 0 <= 0.405291
0 1 0 <= 0.00519643
0 0 1 <= 0.740146
-1 -0 -0 <= -0.259665
-0 -1 -0 <= -0.00024799
-0 -0 -1 <= -0.610098

1 0 0 <= 0.409149
0 1 0 <= 0.00509525
0 0 1 <= 0.73788
-1 -0 -0 <= -0.261771
-0 -1 -0 <= -0.000235621
-0 -0 -1 <= -0.606889

1 0 0 <= 0.412994
0 1 0 <= 0.00499801
0 0 1 <= 0.735621
-1 -0 -0 <= -0.263864
-0 -1 -0 <= -0.000223908
-0 -0 -1 <= -0.603697

1 0 0 <= 0.416824
0 1 0 <= 0.00490455
0 0 1 <= 0.733367
-1 -0 -0 <= -0.265944
-0 -1 -0 <= -0.000212813
-0 -0 -1 <= -0.600523

1 0 0 <= 0.42064
0 1 0 <= 0.00481471
0 0 1 <= 0.731121
-1 -0 -0 <= -0.26801
-0 -1 -0 <= -0.000202302
-0 -0 -1 <= -0.597368

1 0 0 <= 0.424442
0 1 0 <= 0.00472835
0 0 1 <= 0.728881
-1 -0 -0 <= -0.270062
-0 -1 -0 <= -0.000192343
-0 -0 -1 <= -0.59423

1 0 0 <= 0.42823
0 1 0 <= 0.00464534
0 0 1 <= 0.726648
-1 -0 -0 <= -0.2721
-0 -1 -0 <= -0.000182905
-0 -0 -1 <= -0.591109

1 0 0 <= 0.432004
0 1 0 <= 0.00456555
0 0 1 <= 0.724422
-1 -0 -0 <= -0.274125
-0 -1 -0 <= -0.000173958
-0 -0 -1 <= -0.588006

1 0 0 <= 0.435765
0 1 0 <= 0.00448885
0 0 1 <= 0.722203
-1 -0 -0 <= -0.276137
-0 -1 -0 <= -0.000165477
-0 -0 -1 <= -0.584921

1 0 0 <= 0.439511
0 1 0 <= 0.00441512
0 0 1 <= 0.719992
-1 -0 -0 <= -0.278135
-0 -1 -0 <= -0.000157435
-0 -0 -1 <= -0.581854

1 0 0 <= 0.443244
0 1 0 <= 0.00434427
0 0 1 <= 0.717789
-1 -0 -0 <= -0.28012
-0 -1 -0 <= -0.000149808
-0 -0 -1 <= -0.578803

1 0 0 <= 0.446963
0 1 0 <= 0.00427617
0 0 1 <= 0.715593
-1 -0 -0 <= -0.282091
-0 -1 -0 <= -0.000142574
-0 -0 -1 <= -0.57577

1 0 0 <= 0.450668
0 1 0 <= 0.00421073
0 0 1 <= 0.713406
-1 -0 -0 <= -0.284049
-0 -1 -0 <= -0.000135711
-0 -0 -1 <= -0.572755

1 0 0 <= 0.454359
0 1 0 <= 0.00414785
0 0 1 <= 0.711226
-1 -0 -0 <= -0.285994
-0 -1 -0 <= -0.000129198
-0 -0 -1 <= -0.569756

1 0 0 <= 0.458037
0 1 0 <= 0.00408744
0 0 1 <= 0.709055
-1 -0 -0 <= -0.287925
-0 -1 -0 <= -0.000123018
-0 -0 -1 <= -0.566775

1 0 0 <= 0.461701
0 1 0 <= 0.00402941
0 0 1 <= 0.706892
-1 -0 -0 <= -0.289843
-0 -1 -0 <= -0.000117152
-0 -0 -1 <= -0.56381

1 0 0 <= 0.465352
0 1 0 <= 0.00397368
0 0 1 <= 0.704737
-1 -0 -0 <= -0.291748
-0 -1 -0 <= -0.000111583
-0 -0 -1 <= -0.560863

1 0 0 <= 0.468989
0 1 0 <= 0.00392018
0 0 1 <= 0.702592
-1 -0 -0 <= -0.29364
-0 -1 -0 <= -0.000106295
-0 -0 -1 <= -0.557932

1 0 0 <= 0.472612
0 1 0 <= 0.00386882
0 0 1 <= 0.700454
-1 -0 -0 <= -0.295519
-0 -1 -0 <= -0.000101273
-0 -0 -1 <= -0.555018

1 0 0 <= 0.476222
0 1 0 <= 0.00381954
0 0 1 <= 0.698326
-1 -0 -0 <= -0.297384
-0 -1 -0 <= -9.65035e-05
-0 -0 -1 <= -0.552121

1 0 0 <= 0.479819
0 1 0 <= 0.00377226
0 0 1 <= 0.696206
-1 -0 -0 <= -0.299237
-0 -1 -0 <= -9.19724e-05
-0 -0 -1 <= -0.54924

1 0 0 <= 0.483403
0 1 0 <= 0.00372692
0 0 1 <= 0.694096
-1 -0 -0 <= -0.301077
-0 -1 -0 <= -8.76673e-05
-0 -0 -1 <= -0.546376

1 0 0 <= 0.486973
0 1 0 <= 0.00368347
0 0 1 <= 0.691994
-1 -0 -0 <= -0.302904
-0 -1 -0 <= -8.35761e-05
-0 -0 -1 <= -0.543528

1 0 0 <= 0.49053
0 1 0 <= 0.00364184
0 0 1 <= 0.689902
-1 -0 -0 <= -0.304718
-0 -1 -0 <= -7.96878e-05
-0 -0 -1 <= -0.540697

1 0 0 <= 0.494073
0 1 0 <= 0.00360197
0 0 1 <= 0.687819
-1 -0 -0 <= -0.306519
-0 -1 -0 <= -7.59915e-05
-0 -0 -1 <= -0.537881

1 0 0 <= 0.497604
0 1 0 <= 0.00356381
0 0 1 <= 0.685745
-1 -0 -0 <= -0.308307
-0 -1 -0 <= -7.24773e-05
-0 -0 -1 <= -0.535082

1 0 0 <= 0.501121
0 1 0 <= 0.00352732
0 0 1 <= 0.68368
-1 -0 -0 <= -0.310083
-0 -1 -0 <= -6.91356e-05
-0 -0 -1 <= -0.532299

1 0 0 <= 0.504626
0 1 0 <= 0.00349244
0 0 1 <= 0.681625
-1 -0 -0 <= -0.311846
-0 -1 -0 <= -6.59576e-05
-0 -0 -1 <= -0.529533

1 0 0 <= 0.508117
0 1 0 <= 0.00345914
0 0 1 <= 0.67958
-1 -0 -0 <= -0.313596
-0 -1 -0 <= -6.29346e-05
-0 -0 -1 <= -0.526782

1 0 0 <= 0.511596
0 1 0 <= 0.00342735
0 0 1 <= 0.677544
-1 -0 -0 <= -0.315334
-0 -1 -0 <= -6.00587e-05
-0 -0 -1 <= -0.524046

1 0 0 <= 0.515062
0 1 0 <= 0.00339705
0 0 1 <= 0.675517
-1 -0 -0 <= -0.317059
-0 -1 -0 <= -5.73224e-05
-0 -0 -1 <= -0.521327

1 0 0 <= 0.518515
0 1 0 <= 0.0033682
0 0 1 <= 0.673501
-1 -0 -0 <= -0.318772
-0 -1 -0 <= -5.47183e-05
-0 -0 -1 <= -0.518623

1 0 0 <= 0.521955
0 1 0 <= 0.00334075
0 0 1 <= 0.671494
-1 -0 -0 <= -0.320472
-0 -1 -0 <= -5.22399e-05
-0 -0 -1 <= -0.515935

1 0 0 <= 0.525382
0 1 0 <= 0.00331468
0 0 1 <= 0.669496
-1 -0 -0 <= -0.32216
-0 -1 -0 <= -4.98805e-05
-0 -0 -1 <= -0.513262

1 0 0 <= 0.528797
0 1 0 <= 0.00328995
0 0 1 <= 0.667509
-1 -0 -0 <= -0.323835
-0 -1 -0 <= -4.76343e-05
-0 -0 -1 <= -0.510605

1 0 0 <= 0.5322
0 1 0 <= 0.00326652
0 0 1 <= 0.665531
-1 -0 -0 <= -0.325498
-0 -1 -0 <= -4.54954e-05
-0 -0 -1 <= -0.507963

1 0 0 <= 0.535589
0 1 0 <= 0.00324437
0 0 1 <= 0.663563
-1 -0 -0 <= -0.327149
-0 -1 -0 <= -4.34584e-05
-0 -0 -1 <= -0.505337

1 0 0 <= 0.538967
0 1 0 <= 0.00322348
0 0 1 <= 0.661605
-1 -0 -0 <= -0.328788
-0 -1 -0 <= -4.15181e-05
-0 -0 -1 <= -0.502725

1 0 0 <= 0.542332
0 1 0 <= 0.0032038
0 0 1 <= 0.659657
-1 -0 -0 <= -0.330414
-0 -1 -0 <= -3.96698e-05
-0 -0 -1 <= -0.500129

1 0 0 <= 0.545684
0 1 0 <= 0.00318533
0 0 1 <= 0.657719
-1 -0 -0 <= -0.332029
-0 -1 -0 <= -3.79087e-05
-0 -0 -1 <= -0.497547

1 0 0 <= 0.549024
0 1 0 <= 0.00316803
0 0 1 <= 0.655791
-1 -0 -0 <= -0.333631
-0 -1 -0 <= -3.62306e-05
-0 -0 -1 <= -0.494981

1 0 0 <= 0.552353
0 1 0 <= 0.00315188
0 0 1 <= 0.653873
-1 -0 -0 <= -0.335221
-0 -1 -0 <= -3.46312e-05
-0 -0 -1 <= -0.492429

1 0 0 <= 0.555668
0 1 0 <= 0.00313686
0 0 1 <= 0.651965
-1 -0 -0 <= -0.336799
-0 -1 -0 <= -3.31068e-05
-0 -0 -1 <= -0.489892

1 0 0 <= 0.558972
0 1 0 <= 0.00312295
0 0 1 <= 0.650068
-1 -0 -0 <= -0.338365
-0 -1 -0 <= -3.16534e-05
-0 -0 -1 <= -0.487369

1 0 0 <= 0.562264
0 1 0 <= 0.00311014
0 0 1 <= 0.64818
-1 -0 -0 <= -0.339919
-0 -1 -0 <= -3.02677e-05
-0 -0 -1 <= -0.484862

1 0 0 <= 0.565544
0 1 0 <= 0.0030984
0 0 1 <= 0.646302
-1 -0 -0 <= -0.341461
-0 -1 -0 <= -2.89464e-05
-0 -0 -1 <= -0.482368

1 0 0 <= 0.568811
0 1 0 <= 0.00308773
0 0 1 <= 0.644435
-1 -0 -0 <= -0.342992
-0 -1 -0 <= -2.76861e-05
-0 -0 -1 <= -0.47989

1 0 0 <= 0.572067
0 1 0 <= 0.0030781
0 0 1 <= 0.642578
-1 -0 -0 <= -0.344511
-0 -1 -0 <= -2.64841e-05
-0 -0 -1 <= -0.477425

1 0 0 <= 0.575311
0 1 0 <= 0.0030695
0 0 1 <= 0.640731
-1 -0 -0 <= -0.346017
-0 -1 -0 <= -2.53373e-05
-0 -0 -1 <= -0.474975

1 0 0 <= 0.578544
0 1 0 <= 0.00306192
0 0 1 <= 0.638894
-1 -0 -0 <= -0.347513
-0 -1 -0 <= -2.42431e-05
-0 -0 -1 <= -0.472539

1 0 0 <= 0.581765
0 1 0 <= 0.00305535
0 0 1 <= 0.637067
-1 -0 -0 <= -0.348996
-0 -1 -0 <= -2.3199e-05
-0 -0 -1 <= -0.470117

1 0 0 <= 0.584974
0 1 0 <= 0.00304978
0 0 1 <= 0.635251
-1 -0 -0 <= -0.350468
-0 -1 -0 <= -2.22026e-05
-0 -0 -1 <= -0.467709

1 0 0 <= 0.588171
0 1 0 <= 0.0030452
0 0 1 <= 0.633445
-1 -0 -0 <= -0.351928
-0 -1 -0 <= -2.12514e-05
-0 -0 -1 <= -0.465315

1 0 0 <= 0.591357
0 1 0 <= 0.0030416
0 0 1 <= 0.631649
-1 -0 -0 <= -0.353377
-0 -1 -0 <= -2.03435e-05
-0 -0 -1 <= -0.462934

1 0 0 <= 0.594531
0 1 0 <= 0.00303897
0 0 1 <= 0.629864
-1 -0 -0 <= -0.354814
-0 -1 -0 <= -1.94766e-05
-0 -0 -1 <= -0.460568

1 0 0 <= 0.597695
0 1 0 <= 0.0030373
0 0 1 <= 0.628088
-1 -0 -0 <= -0.35624
-0 -1 -0 <= -1.86488e-05
-0 -0 -1 <= -0.458215

1 0 0 <= 0.600846
0 1 0 <= 0.0030366
0 0 1 <= 0.626324
-1 -0 -0 <= -0.357654
-0 -1 -0 <= -1.78582e-05
-0 -0 -1 <= -0.455876

1 0 0 <= 0.603987
0 1 0 <= 0.00303686
0 0 1 <= 0.624569
-1 -0 -0 <= -0.359057
-0 -1 -0 <= -1.71031e-05
-0 -0 -1 <= -0.45355

1 0 0 <= 0.607116
0 1 0 <= 0.00303807
0 0 1 <= 0.622825
-1 -0 -0 <= -0.360448
-0 -1 -0 <= -1.63819e-05
-0 -0 -1 <= -0.451238

1 0 0 <= 0.610234
0 1 0 <= 0.00304023
0 0 1 <= 0.621091
-1 -0 -0 <= -0.361828
-0 -1 -0 <= -1.56927e-05
-0 -0 -1 <= -0.448939

1 0 0 <= 0.613341
0 1 0 <= 0.00304335
0 0 1 <= 0.619368
-1 -0 -0 <= -0.363197
-0 -1 -0 <= -1.50343e-05
-0 -0 -1 <= -0.446654

1 0 0 <= 0.616438
0 1 0 <= 0.00304741
0 0 1 <= 0.617655
-1 -0 -0 <= -0.364555
-0 -1 -0 <= -1.44051e-05
-0 -0 -1 <= -0.444382

1 0 0 <= 0.619523
0 1 0 <= 0.00305241
0 0 1 <= 0.615952
-1 -0 -0 <= -0.365901
-0 -1 -0 <= -1.38037e-05
-0 -0 -1 <= -0.442122

1 0 0 <= 0.622597
0 1 0 <= 0.00305837
0 0 1 <= 0.61426
-1 -0 -0 <= -0.367236
-0 -1 -0 <= -1.32289e-05
-0 -0 -1 <= -0.439876

1 0 0 <= 0.62566
0 1 0 <= 0.00306528
0 0 1 <= 0.612578
-1 -0 -0 <= -0.36856
-0 -1 -0 <= -1.26794e-05
-0 -0 -1 <= -0.437643

1 0 0 <= 0.628713
0 1 0 <= 0.00307315
0 0 1 <= 0.610907
-1 -0 -0 <= -0.369873
-0 -1 -0 <= -1.2154e-05
-0 -0 -1 <= -0.435423

1 0 0 <= 0.631755
0 1 0 <= 0.00308197
0 0 1 <= 0.609246
-1 -0 -0 <= -0.371175
-0 -1 -0 <= -1.16516e-05
-0 -0 -1 <= -0.433216

1 0 0 <= 0.634786
0 1 0 <= 0.00309176
0 0 1 <= 0.607595
-1 -0 -0 <= -0.372465
-0 -1 -0 <= -1.11712e-05
-0 -0 -1 <= -0.431021

1 0 0 <= 0.637807
0 1 0 <= 0.00310252
0 0 1 <= 0.605955
-1 -0 -0 <= -0.373745
-0 -1 -0 <= -1.07116e-05
-0 -0 -1 <= -0.428839

1 0 0 <= 0.640817
0 1 0 <= 0.00311425
0 0 1 <= 0.604326
-1 -0 -0 <= -0.375013
-0 -1 -0 <= -1.02721e-05
-0 -0 -1 <= -0.42667

1 0 0 <= 0.643816
0 1 0 <= 0.00312696
0 0 1 <= 0.602707
-1 -0 -0 <= -0.376271
-0 -1 -0 <= -9.85159e-06
-0 -0 -1 <= -0.424514

1 0 0 <= 0.646806
0 1 0 <= 0.00314066
0 0 1 <= 0.601099
-1 -0 -0 <= -0.377517
-0 -1 -0 <= -9.44926e-06
-0 -0 -1 <= -0.422369

1 0 0 <= 0.649785
0 1 0 <= 0.00315536
0 0 1 <= 0.599501
-1 -0 -0 <= -0.378753
-0 -1 -0 <= -9.06428e-06
-0 -0 -1 <= -0.420237

1 0 0 <= 0.652753
0 1 0 <= 0.00317107
0 0 1 <= 0.597914
-1 -0 -0 <= -0.379978
-0 -1 -0 <= -8.69584e-06
-0 -0 -1 <= -0.418118

1 0 0 <= 0.655712
0 1 0 <= 0.0031878
0 0 1 <= 0.596337
-1 -0 -0 <= -0.381192
-0 -1 -0 <= -8.34321e-06
-0 -0 -1 <= -0.416011

END RESULTS
--------------
1 0 0 0 <= 0.1
-1 -0 -0 -0 <= -0.0775
0 1 0 0 <= 0.001
-0 -1 -0 -0 <= -0.000505
0 0 1 0 <= 0.0055
-0 -0 -1 -0 <= -0.0041
0 0 0 1 <= 0.07
-0 -0 -0 -1 <= -0.06

--------------
1 0 0 0 <= 0.1
-1 -0 -0 -0 <= -0.0775
0 1 0 0 <= 0.001
-0 -1 -0 -0 <= -0.000505
0 0 1 0 <= 0.0055
-0 -0 -1 -0 <= -0.0041
0 0 0 1 <= 0.06
-0 -0 -0 -1 <= -0.05

--------------
1 0 0 0 <= 0.1
-1 -0 -0 -0 <= -0.0775
0 1 0 0 <= 0.001
-0 -1 -0 -0 <= -0.000505
0 0 1 0 <= 0.0041
-0 -0 -1 -0 <= -0.0027
0 0 0 1 <= 0.07
-0 -0 -0 -1 <= -0.06

--------------
1 0 0 0 <= 0.1
-1 -0 -0 -0 <= -0.0775
0 1 0 0 <= 0.001
-0 -1 -0 -0 <= -0.000505
0 0 1 0 <= 0.0041
-0 -0 -1 -0 <= -0.0027
0 0 0 1 <= 0.06
-0 -0 -0 -1 <= -0.05

--------------
1 0 0 0 <= 0.1
-1 -0 -0 -0 <= -0.0775
0 1 0 0 <= 0.000505
-0 -1 -0 -0 <= -1e-05
0 0 1 0 <= 0.0041
-0 -0 -1 -0 <= -0.0027
0 0 0 1 <= 0.07
-0 -0 -0 -1 <= -0.06

--------------
1 0 0 0 <= 0.1
-1 -0 -0 -0 <= -0.0775
0 1 0 0 <= 0.000505
-0 -1 -0 -0 <= -1e-05
0 0 1 0 <= 0.0041
-0 -0 -1 -0 <= -0.0027
0 0 0 1 <= 0.06
-0 -0 -0 -1 <= -0.05

--------------
1 0 0 0 <= 0.0775
-1 -0 -0 -0 <= -0.055
0 1 0 0 <= 0.001
-0 -1 -0 -0 <= -0.000505
0 0 1 0 <= 0.0055
-0 -0 -1 -0 <= -0.0041
0 0 0 1 <= 0.07
-0 -0 -0 -1 <= -0.06

--------------
1 0 0 0 <= 0.0775
-1 -0 -0 -0 <= -0.055
0 1 0 0 <= 0.001
-0 -1 -0 -0 <= -0.000505
0 0 1 0 <= 0.0055
-0 -0 -1 -0 <= -0.0041
0 0 0 1 <= 0.06
-0 -0 -0 -1 <= -0.05

--------------
1 0 0 0 <= 0.0775
-1 -0 -0 -0 <= -0.055
0 1 0 0 <= 0.001
-0 -1 -0 -0 <= -0.000505
0 0 1 0 <= 0.0041
-0 -0 -1 -0 <= -0.0027
0 0 0 1 <= 0.07
-0 -0 -0 -1 <= -0.06

--------------
1 0 0 0 <= 0.0775
-1 -0 -0 -0 <= -0.055
0 1 0 0 <= 0.001
-0 -1 -0 -0 <= -0.000505
0 0 1 0 <= 0.0041
-0 -0 -1 -0 <= -0.0027
0 0 0 1 <= 0.06
-0 -0 -0 -1 <= -0.05

--------------
1 0 0 0 <= 0.0775
-1 -0 -0 -0 <= -0.055
0 1 0 0 <= 0.000505
-0 -1 -0 -0 <= -1e-05
0 0 1 0 <= 0.0041
-0 -0 -1 -0 <= -0.0027
0 0 0 1 <= 0.07
-0 -0 -0 -1 <= -0.06

--------------
1 0 0 0 <= 0.0775
-1 -0 -0 -0 <= -0.055
0 1 0 0 <= 0.000505
-0 -1 -0 -0 <= -1e-05
0 0 1 0 <= 0.0041
-0 -0 -1 -0 <= -0.0027
0 0 0 1 <= 0.06
-0 -0 -0 -1 <= -0.05

