Synthesizing parameters...done
Computing parametric reach set...done
RESULTS
0.7053 0.7053 0.7053 0 <= 0.7053
0 0.9806 0.1961 0 <= 0.0981
0 0 1 0 <= 0
0 0.7071 0 0.7071 <= 0.0707
-0.7053 -0.7053 -0.7053 -0 <= -0.6912
-0 -0.9806 -0.1961 -0 <= -0.0883
-0 -0 -1 -0 <= -0
-0 -0.7071 -0 -0.7071 <= -0.0636

0.7053 0.7053 0.7053 0 <= 0.696226
0 0.9806 0.1961 0 <= 0.128228
0 0 1 0 <= 0.000171496
0 0.7071 0 0.7071 <= 0.102525
-0.7053 -0.7053 -0.7053 -0 <= -0.681119
-0 -0.9806 -0.1961 -0 <= -0.114462
-0 -0 -1 -0 <= 0
-0 -0.7071 -0 -0.7071 <= -0.0915353

0.7053 0.7053 0.7053 0 <= 0.684464
0 0.9806 0.1961 0 <= 0.164838
0 0 1 0 <= 0.000361303
0 0.7071 0 0.7071 <= 0.142153
-0.7053 -0.7053 -0.7053 -0 <= -0.667922
-0 -0.9806 -0.1961 -0 <= -0.146055
-0 -0 -1 -0 <= 9.29851e-16
-0 -0.7071 -0 -0.7071 <= -0.126074

0.7053 0.7053 0.7053 0 <= 0.669456
0 0.9806 0.1961 0 <= 0.207461
0 0 1 0 <= 0.000577085
0 0.7071 0 0.7071 <= 0.189914
-0.7053 -0.7053 -0.7053 -0 <= -0.65094
-0 -0.9806 -0.1961 -0 <= -0.182686
-0 -0 -1 -0 <= 2.63552e-15
-0 -0.7071 -0 -0.7071 <= -0.16749

0.7053 0.7053 0.7053 0 <= 0.650683
0 0.9806 0.1961 0 <= 0.254384
0 0 1 0 <= 0.000824149
0 0.7071 0 0.7071 <= 0.245198
-0.7053 -0.7053 -0.7053 -0 <= -0.629552
-0 -0.9806 -0.1961 -0 <= -0.222948
-0 -0 -1 -0 <= 5.17439e-15
-0 -0.7071 -0 -0.7071 <= -0.215287

0.7053 0.7053 0.7053 0 <= 0.627774
0 0.9806 0.1961 0 <= 0.302429
0 0 1 0 <= 0.00110375
0 0.7071 0 0.7071 <= 0.306157
-0.7053 -0.7053 -0.7053 -0 <= -0.603312
-0 -0.9806 -0.1961 -0 <= -0.264206
-0 -0 -1 -0 <= 8.50637e-15
-0 -0.7071 -0 -0.7071 <= -0.267938

0.7053 0.7053 0.7053 0 <= 0.600624
0 0.9806 0.1961 0 <= 0.347189
0 0 1 0 <= 0.00141132
0 0.7071 0 0.7071 <= 0.369737
-0.7053 -0.7053 -0.7053 -0 <= -0.572101
-0 -0.9806 -0.1961 -0 <= -0.30273
-0 -0 -1 -0 <= 1.2705e-14
-0 -0.7071 -0 -0.7071 <= -0.322856

0.7053 0.7053 0.7053 0 <= 0.569516
0 0.9806 0.1961 0 <= 0.383955
0 0 1 0 <= 0.00173552
0 0.7071 0 0.7071 <= 0.432179
-0.7053 -0.7053 -0.7053 -0 <= -0.536254
-0 -0.9806 -0.1961 -0 <= -0.334341
-0 -0 -1 -0 <= 1.76944e-14
-0 -0.7071 -0 -0.7071 <= -0.376754

0.7053 0.7053 0.7053 0 <= 0.53516
0 0.9806 0.1961 0 <= 0.408949
0 0 1 0 <= 0.00205904
0 0.7071 0 0.7071 <= 0.489915
-0.7053 -0.7053 -0.7053 -0 <= -0.496589
-0 -0.9806 -0.1961 -0 <= -0.355447
-0 -0 -1 -0 <= 2.34159e-14
-0 -0.7071 -0 -0.7071 <= -0.426368

0.7053 0.7053 0.7053 0 <= 0.498634
0 0.9806 0.1961 0 <= 0.420398
0 0 1 0 <= 0.00236144
0 0.7071 0 0.7071 <= 0.541203
-0.7053 -0.7053 -0.7053 -0 <= -0.454317
-0 -0.9806 -0.1961 -0 <= -0.364139
-0 -0 -1 -0 <= 2.97201e-14
-0 -0.7071 -0 -0.7071 <= -0.467739

0.7053 0.7053 0.7053 0 <= 0.461216
0 0.9806 0.1961 0 <= 0.418827
0 0 1 0 <= 0.00262327
0 0.7071 0 0.7071 <= 0.585473
-0.7053 -0.7053 -0.7053 -0 <= -0.410832
-0 -0.9806 -0.1961 -0 <= -0.360577
-0 -0 -1 -0 <= 3.63759e-14
-0 -0.7071 -0 -0.7071 <= -0.499522

0.7053 0.7053 0.7053 0 <= 0.424163
0 0.9806 0.1961 0 <= 0.406488
0 0 1 0 <= 0.0028299
0 0.7071 0 0.7071 <= 0.622892
-0.7053 -0.7053 -0.7053 -0 <= -0.367477
-0 -0.9806 -0.1961 -0 <= -0.346635
-0 -0 -1 -0 <= 4.30876e-14
-0 -0.7071 -0 -0.7071 <= -0.522209

0.7053 0.7053 0.7053 0 <= 0.388544
0 0.9806 0.1961 0 <= 0.386393
0 0 1 0 <= 0.00297357
0 0.7071 0 0.7071 <= 0.654094
-0.7053 -0.7053 -0.7053 -0 <= -0.325365
-0 -0.9806 -0.1961 -0 <= -0.325076
-0 -0 -1 -0 <= 4.95614e-14
-0 -0.7071 -0 -0.7071 <= -0.537134

0.7053 0.7053 0.7053 0 <= 0.355139
0 0.9806 0.1961 0 <= 0.361493
0 0 1 0 <= 0.00305332
0 0.7071 0 0.7071 <= 0.680044
-0.7053 -0.7053 -0.7053 -0 <= -0.2853
-0 -0.9806 -0.1961 -0 <= -0.298751
-0 -0 -1 -0 <= 5.5525e-14
-0 -0.7071 -0 -0.7071 <= -0.545913

0.7053 0.7053 0.7053 0 <= 0.32444
0 0.9806 0.1961 0 <= 0.334227
0 0 1 0 <= 0.00307356
0 0.7071 0 0.7071 <= 0.701722
-0.7053 -0.7053 -0.7053 -0 <= -0.247784
-0 -0.9806 -0.1961 -0 <= -0.270102
-0 -0 -1 -0 <= 6.07046e-14
-0 -0.7071 -0 -0.7071 <= -0.550072

0.7053 0.7053 0.7053 0 <= 0.296685
0 0.9806 0.1961 0 <= 0.30639
0 0 1 0 <= 0.00304208
0 0.7071 0 0.7071 <= 0.719974
-0.7053 -0.7053 -0.7053 -0 <= -0.213068
-0 -0.9806 -0.1961 -0 <= -0.240979
-0 -0 -1 -0 <= 6.49607e-14
-0 -0.7071 -0 -0.7071 <= -0.55089

0.7053 0.7053 0.7053 0 <= 0.271922
0 0.9806 0.1961 0 <= 0.279192
0 0 1 0 <= 0.00296825
0 0.7071 0 0.7071 <= 0.735467
-0.7053 -0.7053 -0.7053 -0 <= -0.181216
-0 -0.9806 -0.1961 -0 <= -0.212658
-0 -0 -1 -0 <= 6.81971e-14
-0 -0.7071 -0 -0.7071 <= -0.54935

0.7053 0.7053 0.7053 0 <= 0.250069
0 0.9806 0.1961 0 <= 0.253379
0 0 1 0 <= 0.00286166
0 0.7071 0 0.7071 <= 0.748713
-0.7053 -0.7053 -0.7053 -0 <= -0.152167
-0 -0.9806 -0.1961 -0 <= -0.185947
-0 -0 -1 -0 <= 7.03945e-14
-0 -0.7071 -0 -0.7071 <= -0.546192

0.7053 0.7053 0.7053 0 <= 0.230962
0 0.9806 0.1961 0 <= 0.229362
0 0 1 0 <= 0.0027313
0 0.7071 0 0.7071 <= 0.760093
-0.7053 -0.7053 -0.7053 -0 <= -0.125784
-0 -0.9806 -0.1961 -0 <= -0.161305
-0 -0 -1 -0 <= 7.15769e-14
-0 -0.7071 -0 -0.7071 <= -0.541968

0.7053 0.7053 0.7053 0 <= 0.214386
0 0.9806 0.1961 0 <= 0.207324
0 0 1 0 <= 0.00258507
0 0.7071 0 0.7071 <= 0.769899
-0.7053 -0.7053 -0.7053 -0 <= -0.101885
-0 -0.9806 -0.1961 -0 <= -0.138947
-0 -0 -1 -0 <= 7.1831e-14
-0 -0.7071 -0 -0.7071 <= -0.537077

0.7053 0.7053 0.7053 0 <= 0.200108
0 0.9806 0.1961 0 <= 0.187297
0 0 1 0 <= 0.00242961
0 0.7071 0 0.7071 <= 0.778565
-0.7053 -0.7053 -0.7053 -0 <= -0.0802681
-0 -0.9806 -0.1961 -0 <= -0.118925
-0 -0 -1 -0 <= 7.12493e-14
-0 -0.7071 -0 -0.7071 <= -0.531803

0.7053 0.7053 0.7053 0 <= 0.187888
0 0.9806 0.1961 0 <= 0.169221
0 0 1 0 <= 0.00227028
0 0.7071 0 0.7071 <= 0.786319
-0.7053 -0.7053 -0.7053 -0 <= -0.060728
-0 -0.9806 -0.1961 -0 <= -0.101179
-0 -0 -1 -0 <= 6.99601e-14
-0 -0.7071 -0 -0.7071 <= -0.526348

0.7053 0.7053 0.7053 0 <= 0.177491
0 0.9806 0.1961 0 <= 0.152983
0 0 1 0 <= 0.00211127
0 0.7071 0 0.7071 <= 0.793285
-0.7053 -0.7053 -0.7053 -0 <= -0.0430646
-0 -0.9806 -0.1961 -0 <= -0.085594
-0 -0 -1 -0 <= 6.80797e-14
-0 -0.7071 -0 -0.7071 <= -0.520853

0.7053 0.7053 0.7053 0 <= 0.168695
0 0.9806 0.1961 0 <= 0.138442
0 0 1 0 <= 0.00195574
0 0.7071 0 0.7071 <= 0.799561
-0.7053 -0.7053 -0.7053 -0 <= -0.027089
-0 -0.9806 -0.1961 -0 <= -0.0720156
-0 -0 -1 -0 <= 6.57241e-14
-0 -0.7071 -0 -0.7071 <= -0.515418

0.7053 0.7053 0.7053 0 <= 0.161295
0 0.9806 0.1961 0 <= 0.125447
0 0 1 0 <= 0.00180594
0 0.7071 0 0.7071 <= 0.805226
-0.7053 -0.7053 -0.7053 -0 <= -0.0126263
-0 -0.9806 -0.1961 -0 <= -0.0602714
-0 -0 -1 -0 <= 6.30096e-14
-0 -0.7071 -0 -0.7071 <= -0.510109

0.7053 0.7053 0.7053 0 <= 0.155101
0 0.9806 0.1961 0 <= 0.113845
0 0 1 0 <= 0.00166344
0 0.7071 0 0.7071 <= 0.810346
-0.7053 -0.7053 -0.7053 -0 <= 0.000482808
-0 -0.9806 -0.1961 -0 <= -0.0501818
-0 -0 -1 -0 <= 6.00251e-14
-0 -0.7071 -0 -0.7071 <= -0.50497

0.7053 0.7053 0.7053 0 <= 0.149945
0 0.9806 0.1961 0 <= 0.103489
0 0 1 0 <= 0.0015292
0 0.7071 0 0.7071 <= 0.814979
-0.7053 -0.7053 -0.7053 -0 <= 0.0123825
-0 -0.9806 -0.1961 -0 <= -0.0415692
-0 -0 -1 -0 <= 5.68919e-14
-0 -0.7071 -0 -0.7071 <= -0.50003

0.7053 0.7053 0.7053 0 <= 0.145673
0 0.9806 0.1961 0 <= 0.0942435
0 0 1 0 <= 0.00140375
0 0.7071 0 0.7071 <= 0.819174
-0.7053 -0.7053 -0.7053 -0 <= 0.0232018
-0 -0.9806 -0.1961 -0 <= -0.0342621
-0 -0 -1 -0 <= 5.36709e-14
-0 -0.7071 -0 -0.7071 <= -0.495303

0.7053 0.7053 0.7053 0 <= 0.142152
0 0.9806 0.1961 0 <= 0.0859829
0 0 1 0 <= 0.00128728
0 0.7071 0 0.7071 <= 0.823109
-0.7053 -0.7053 -0.7053 -0 <= 0.0330558
-0 -0.9806 -0.1961 -0 <= -0.0280997
-0 -0 -1 -0 <= 5.04065e-14
-0 -0.7071 -0 -0.7071 <= -0.490797

0.7053 0.7053 0.7053 0 <= 0.139265
0 0.9806 0.1961 0 <= 0.0785938
0 0 1 0 <= 0.00117969
0 0.7071 0 0.7071 <= 0.826809
-0.7053 -0.7053 -0.7053 -0 <= 0.042047
-0 -0.9806 -0.1961 -0 <= -0.0229328
-0 -0 -1 -0 <= 4.71963e-14
-0 -0.7071 -0 -0.7071 <= -0.486515

0.7053 0.7053 0.7053 0 <= 0.136908
0 0.9806 0.1961 0 <= 0.071975
0 0 1 0 <= 0.00108075
0 0.7071 0 0.7071 <= 0.830293
-0.7053 -0.7053 -0.7053 -0 <= 0.0502658
-0 -0.9806 -0.1961 -0 <= -0.0186253
-0 -0 -1 -0 <= 4.40476e-14
-0 -0.7071 -0 -0.7071 <= -0.482453

0.7053 0.7053 0.7053 0 <= 0.134994
0 0.9806 0.1961 0 <= 0.0660363
0 0 1 0 <= 0.000990051
0 0.7071 0 0.7071 <= 0.833575
-0.7053 -0.7053 -0.7053 -0 <= 0.0577925
-0 -0.9806 -0.1961 -0 <= -0.0150542
-0 -0 -1 -0 <= 4.10115e-14
-0 -0.7071 -0 -0.7071 <= -0.478606

0.7053 0.7053 0.7053 0 <= 0.133447
0 0.9806 0.1961 0 <= 0.0606979
0 0 1 0 <= 0.000907145
0 0.7071 0 0.7071 <= 0.836668
-0.7053 -0.7053 -0.7053 -0 <= 0.0646981
-0 -0.9806 -0.1961 -0 <= -0.0121098
-0 -0 -1 -0 <= 3.80847e-14
-0 -0.7071 -0 -0.7071 <= -0.474966

0.7053 0.7053 0.7053 0 <= 0.132203
0 0.9806 0.1961 0 <= 0.0558897
0 0 1 0 <= 0.000831516
0 0.7071 0 0.7071 <= 0.839583
-0.7053 -0.7053 -0.7053 -0 <= 0.071045
-0 -0.9806 -0.1961 -0 <= -0.00969528
-0 -0 -1 -0 <= 3.52944e-14
-0 -0.7071 -0 -0.7071 <= -0.471525

0.7053 0.7053 0.7053 0 <= 0.131207
0 0.9806 0.1961 0 <= 0.0515502
0 0 1 0 <= 0.000762633
0 0.7071 0 0.7071 <= 0.842331
-0.7053 -0.7053 -0.7053 -0 <= 0.0768887
-0 -0.9806 -0.1961 -0 <= -0.0077256
-0 -0 -1 -0 <= 3.26774e-14
-0 -0.7071 -0 -0.7071 <= -0.468275

0.7053 0.7053 0.7053 0 <= 0.130413
0 0.9806 0.1961 0 <= 0.0476258
0 0 1 0 <= 0.000699963
0 0.7071 0 0.7071 <= 0.844923
-0.7053 -0.7053 -0.7053 -0 <= 0.0822781
-0 -0.9806 -0.1961 -0 <= -0.00612706
-0 -0 -1 -0 <= 3.02241e-14
-0 -0.7071 -0 -0.7071 <= -0.465205

0.7053 0.7053 0.7053 0 <= 0.129783
0 0.9806 0.1961 0 <= 0.0440702
0 0 1 0 <= 0.000642989
0 0.7071 0 0.7071 <= 0.847368
-0.7053 -0.7053 -0.7053 -0 <= 0.0872567
-0 -0.9806 -0.1961 -0 <= -0.00483621
-0 -0 -1 -0 <= 2.79239e-14
-0 -0.7071 -0 -0.7071 <= -0.462306

0.7053 0.7053 0.7053 0 <= 0.129286
0 0.9806 0.1961 0 <= 0.0408417
0 0 1 0 <= 0.000591213
0 0.7071 0 0.7071 <= 0.849674
-0.7053 -0.7053 -0.7053 -0 <= 0.0918631
-0 -0.9806 -0.1961 -0 <= -0.00379892
-0 -0 -1 -0 <= 2.5762e-14
-0 -0.7071 -0 -0.7071 <= -0.459569

0.7053 0.7053 0.7053 0 <= 0.128896
0 0.9806 0.1961 0 <= 0.0379036
0 0 1 0 <= 0.000544167
0 0.7071 0 0.7071 <= 0.851849
-0.7053 -0.7053 -0.7053 -0 <= 0.0961314
-0 -0.9806 -0.1961 -0 <= -0.00296933
-0 -0 -1 -0 <= 2.37695e-14
-0 -0.7071 -0 -0.7071 <= -0.456985

0.7053 0.7053 0.7053 0 <= 0.128591
0 0.9806 0.1961 0 <= 0.0352242
0 0 1 0 <= 0.000501409
0 0.7071 0 0.7071 <= 0.853901
-0.7053 -0.7053 -0.7053 -0 <= 0.100092
-0 -0.9806 -0.1961 -0 <= -0.00230894
-0 -0 -1 -0 <= 2.19223e-14
-0 -0.7071 -0 -0.7071 <= -0.454545

0.7053 0.7053 0.7053 0 <= 0.128354
0 0.9806 0.1961 0 <= 0.0327754
0 0 1 0 <= 0.000462534
0 0.7071 0 0.7071 <= 0.855837
-0.7053 -0.7053 -0.7053 -0 <= 0.103772
-0 -0.9806 -0.1961 -0 <= -0.00178561
-0 -0 -1 -0 <= 2.02101e-14
-0 -0.7071 -0 -0.7071 <= -0.452241

0.7053 0.7053 0.7053 0 <= 0.12817
0 0.9806 0.1961 0 <= 0.030533
0 0 1 0 <= 0.000427165
0 0.7071 0 0.7071 <= 0.857663
-0.7053 -0.7053 -0.7053 -0 <= 0.107196
-0 -0.9806 -0.1961 -0 <= -0.00137275
-0 -0 -1 -0 <= 1.86374e-14
-0 -0.7071 -0 -0.7071 <= -0.450065

0.7053 0.7053 0.7053 0 <= 0.128029
0 0.9806 0.1961 0 <= 0.0284754
0 0 1 0 <= 0.000394963
0 0.7071 0 0.7071 <= 0.859387
-0.7053 -0.7053 -0.7053 -0 <= 0.110385
-0 -0.9806 -0.1961 -0 <= -0.00104846
-0 -0 -1 -0 <= 1.72019e-14
-0 -0.7071 -0 -0.7071 <= -0.44801

0.7053 0.7053 0.7053 0 <= 0.127921
0 0.9806 0.1961 0 <= 0.0265841
0 0 1 0 <= 0.000365615
0 0.7071 0 0.7071 <= 0.861014
-0.7053 -0.7053 -0.7053 -0 <= 0.113359
-0 -0.9806 -0.1961 -0 <= -0.00079485
-0 -0 -1 -0 <= 1.58597e-14
-0 -0.7071 -0 -0.7071 <= -0.446068

0.7053 0.7053 0.7053 0 <= 0.12784
0 0.9806 0.1961 0 <= 0.0248423
0 0 1 0 <= 0.00033884
0 0.7071 0 0.7071 <= 0.86255
-0.7053 -0.7053 -0.7053 -0 <= 0.116135
-0 -0.9806 -0.1961 -0 <= -0.000597383
-0 -0 -1 -0 <= 1.46301e-14
-0 -0.7071 -0 -0.7071 <= -0.444233

0.7053 0.7053 0.7053 0 <= 0.127778
0 0.9806 0.1961 0 <= 0.0232356
0 0 1 0 <= 0.000314385
0 0.7071 0 0.7071 <= 0.864
-0.7053 -0.7053 -0.7053 -0 <= 0.118729
-0 -0.9806 -0.1961 -0 <= -0.000444314
-0 -0 -1 -0 <= 1.35008e-14
-0 -0.7071 -0 -0.7071 <= -0.442499

0.7053 0.7053 0.7053 0 <= 0.127733
0 0.9806 0.1961 0 <= 0.0217511
0 0 1 0 <= 0.00029202
0 0.7071 0 0.7071 <= 0.865369
-0.7053 -0.7053 -0.7053 -0 <= 0.121155
-0 -0.9806 -0.1961 -0 <= -0.000326206
-0 -0 -1 -0 <= 1.24772e-14
-0 -0.7071 -0 -0.7071 <= -0.44086

0.7053 0.7053 0.7053 0 <= 0.127699
0 0.9806 0.1961 0 <= 0.0203775
0 0 1 0 <= 0.000271541
0 0.7071 0 0.7071 <= 0.866662
-0.7053 -0.7053 -0.7053 -0 <= 0.123425
-0 -0.9806 -0.1961 -0 <= -0.000235513
-0 -0 -1 -0 <= 1.15364e-14
-0 -0.7071 -0 -0.7071 <= -0.439311

0.7053 0.7053 0.7053 0 <= 0.127675
0 0.9806 0.1961 0 <= 0.0191046
0 0 1 0 <= 0.000252763
0 0.7071 0 0.7071 <= 0.867883
-0.7053 -0.7053 -0.7053 -0 <= 0.125552
-0 -0.9806 -0.1961 -0 <= -0.000166232
-0 -0 -1 -0 <= 1.06829e-14
-0 -0.7071 -0 -0.7071 <= -0.437846

0.7053 0.7053 0.7053 0 <= 0.127658
0 0.9806 0.1961 0 <= 0.0179235
0 0 1 0 <= 0.000235522
0 0.7071 0 0.7071 <= 0.869036
-0.7053 -0.7053 -0.7053 -0 <= 0.127546
-0 -0.9806 -0.1961 -0 <= -0.000113611
-0 -0 -1 -0 <= 9.89819e-15
-0 -0.7071 -0 -0.7071 <= -0.436461

0.7053 0.7053 0.7053 0 <= 0.127646
0 0.9806 0.1961 0 <= 0.0168261
0 0 1 0 <= 0.00021967
0 0.7071 0 0.7071 <= 0.870125
-0.7053 -0.7053 -0.7053 -0 <= 0.129416
-0 -0.9806 -0.1961 -0 <= -7.38988e-05
-0 -0 -1 -0 <= 9.19154e-15
-0 -0.7071 -0 -0.7071 <= -0.435151

END RESULTS
--------------
1 0 <= 0.002
0 1 <= 0.01

