Computing reach set...done
RESULTS
1 0 0 0 0 <= 1
0 1 0 0 0 <= 1
0 0 1 0 0 <= 1
0 0 0 1 0 <= 1
0 0 0 0 1 <= 1
1 1 1 0 0 <= 10
-1 0 0 -1 1 <= 10
-1 -0 -0 -0 -0 <= -0.95
-0 -1 -0 -0 -0 <= -0.95
-0 -0 -1 -0 -0 <= -0.95
-0 -0 -0 -1 -0 <= -0.95
-0 -0 -0 -0 -1 <= -0.95
-1 -1 -1 -0 -0 <= -1
1 -0 -0 1 -1 <= -1

1 0 0 0 0 <= -0.883025
0 1 0 0 0 <= 0.987175
0 0 1 0 0 <= 0.987175
0 0 0 1 0 <= 0.9865
0 0 0 0 1 <= 0.987175
1 1 1 0 0 <= 2.96018
-1 0 0 -1 1 <= -0.888125
-1 -0 -0 -0 -0 <= -0.93765
-0 -1 -0 -0 -0 <= -0.946912
-0 -0 -1 -0 -0 <= -0.93765
-0 -0 -0 -1 -0 <= -0.93765
-0 -0 -0 -0 -1 <= -0.954037
-1 -1 -1 -0 -0 <= -2.81423
1 -0 -0 1 -1 <= -0.943424

1 0 0 0 0 <= 0.926215
0 1 0 0 0 <= 0.975044
0 0 1 0 0 <= 0.97476
0 0 0 1 0 <= 0.973896
0 0 0 0 1 <= 0.990083
1 1 1 0 0 <= 2.87485
-1 0 0 -1 1 <= 0.907275
-1 -0 -0 -0 -0 <= -0.822548
-0 -1 -0 -0 -0 <= -0.93503
-0 -0 -1 -0 -0 <= -0.925744
-0 -0 -0 -1 -0 <= -0.925739
-0 -0 -0 -0 -1 <= -0.942668
-1 -1 -1 -0 -0 <= -2.77095
1 -0 -0 1 -1 <= 0.877254

1 0 0 0 0 <= 0.915171
0 1 0 0 0 <= 0.963372
0 0 1 0 0 <= 0.962779
0 0 0 1 0 <= 0.961807
0 0 0 0 1 <= 0.978676
1 1 1 0 0 <= 2.83891
-1 0 0 -1 1 <= -0.748566
-1 -0 -0 -0 -0 <= -0.813119
-0 -1 -0 -0 -0 <= -0.92356
-0 -0 -1 -0 -0 <= -0.914255
-0 -0 -0 -1 -0 <= -0.914124
-0 -0 -0 -0 -1 <= -0.931681
-1 -1 -1 -0 -0 <= -2.72952
1 -0 -0 1 -1 <= 0.866791

1 0 0 0 0 <= 0.9045
0 1 0 0 0 <= 0.952135
0 0 1 0 0 <= 0.95121
0 0 0 1 0 <= 0.95016
0 0 0 0 1 <= 0.967647
1 1 1 0 0 <= 2.80423
-1 0 0 -1 1 <= -0.739257
-1 -0 -0 -0 -0 <= -0.804001
-0 -1 -0 -0 -0 <= -0.912482
-0 -0 -1 -0 -0 <= -0.903161
-0 -0 -0 -1 -0 <= -0.902904
-0 -0 -0 -0 -1 <= -0.921055
-1 -1 -1 -0 -0 <= -2.69689
1 -0 -0 1 -1 <= 0.856717

1 0 0 0 0 <= 0.894183
0 1 0 0 0 <= 0.941275
0 0 1 0 0 <= 0.940034
0 0 0 1 0 <= 0.938904
0 0 0 0 1 <= 0.956979
1 1 1 0 0 <= 2.77075
-1 0 0 -1 1 <= -0.730261
-1 -0 -0 -0 -0 <= -0.79518
-0 -1 -0 -0 -0 <= -0.901776
-0 -0 -1 -0 -0 <= -0.892441
-0 -0 -0 -1 -0 <= -0.89206
-0 -0 -0 -0 -1 <= -0.910775
-1 -1 -1 -0 -0 <= -2.66535
1 -0 -0 1 -1 <= 0.846985

1 0 0 0 0 <= 0.884203
0 1 0 0 0 <= 0.930774
0 0 1 0 0 <= 0.929232
0 0 0 1 0 <= 0.92802
0 0 0 0 1 <= 0.946654
1 1 1 0 0 <= 2.7384
-1 0 0 -1 1 <= -0.721561
-1 -0 -0 -0 -0 <= -0.786642
-0 -1 -0 -0 -0 <= -0.891425
-0 -0 -1 -0 -0 <= -0.882079
-0 -0 -0 -1 -0 <= -0.881574
-0 -0 -0 -0 -1 <= -0.900823
-1 -1 -1 -0 -0 <= -2.63486
1 -0 -0 1 -1 <= 0.837577

1 0 0 0 0 <= 0.874545
0 1 0 0 0 <= 0.920614
0 0 1 0 0 <= 0.918785
0 0 0 1 0 <= 0.917489
0 0 0 0 1 <= 0.936657
1 1 1 0 0 <= 2.70713
-1 0 0 -1 1 <= -0.713144
-1 -0 -0 -0 -0 <= -0.778373
-0 -1 -0 -0 -0 <= -0.881411
-0 -0 -1 -0 -0 <= -0.872056
-0 -0 -0 -1 -0 <= -0.871428
-0 -0 -0 -0 -1 <= -0.891185
-1 -1 -1 -0 -0 <= -2.60536
1 -0 -0 1 -1 <= 0.82848

1 0 0 0 0 <= 0.865193
0 1 0 0 0 <= 0.91078
0 0 1 0 0 <= 0.908676
0 0 0 1 0 <= 0.907296
0 0 0 0 1 <= 0.926972
1 1 1 0 0 <= 2.67689
-1 0 0 -1 1 <= -0.704997
-1 -0 -0 -0 -0 <= -0.770362
-0 -1 -0 -0 -0 <= -0.871719
-0 -0 -1 -0 -0 <= -0.862357
-0 -0 -0 -1 -0 <= -0.861607
-0 -0 -0 -0 -1 <= -0.881847
-1 -1 -1 -0 -0 <= -2.57681
1 -0 -0 1 -1 <= 0.819678

1 0 0 0 0 <= 0.856134
0 1 0 0 0 <= 0.901256
0 0 1 0 0 <= 0.89889
0 0 0 1 0 <= 0.897424
0 0 0 0 1 <= 0.917585
1 1 1 0 0 <= 2.64762
-1 0 0 -1 1 <= -0.697107
-1 -0 -0 -0 -0 <= -0.762597
-0 -1 -0 -0 -0 <= -0.862333
-0 -0 -1 -0 -0 <= -0.852966
-0 -0 -0 -1 -0 <= -0.852096
-0 -0 -0 -0 -1 <= -0.872794
-1 -1 -1 -0 -0 <= -2.54916
1 -0 -0 1 -1 <= 0.811158

1 0 0 0 0 <= 0.847354
0 1 0 0 0 <= 0.89203
0 0 1 0 0 <= 0.889413
0 0 0 1 0 <= 0.887859
0 0 0 0 1 <= 0.908484
1 1 1 0 0 <= 2.61929
-1 0 0 -1 1 <= -0.689463
-1 -0 -0 -0 -0 <= -0.755066
-0 -1 -0 -0 -0 <= -0.85324
-0 -0 -1 -0 -0 <= -0.84387
-0 -0 -0 -1 -0 <= -0.842881
-0 -0 -0 -0 -1 <= -0.864014
-1 -1 -1 -0 -0 <= -2.52238
1 -0 -0 1 -1 <= 0.802906

1 0 0 0 0 <= 0.838841
0 1 0 0 0 <= 0.883087
0 0 1 0 0 <= 0.88023
0 0 0 1 0 <= 0.878588
0 0 0 0 1 <= 0.899656
1 1 1 0 0 <= 2.59185
-1 0 0 -1 1 <= -0.682052
-1 -0 -0 -0 -0 <= -0.747761
-0 -1 -0 -0 -0 <= -0.844427
-0 -0 -1 -0 -0 <= -0.835055
-0 -0 -0 -1 -0 <= -0.833948
-0 -0 -0 -0 -1 <= -0.855496
-1 -1 -1 -0 -0 <= -2.49642
1 -0 -0 1 -1 <= 0.794911

1 0 0 0 0 <= 0.830584
0 1 0 0 0 <= 0.874415
0 0 1 0 0 <= 0.871328
0 0 0 1 0 <= 0.869598
0 0 0 0 1 <= 0.89109
1 1 1 0 0 <= 2.56526
-1 0 0 -1 1 <= -0.674866
-1 -0 -0 -0 -0 <= -0.74067
-0 -1 -0 -0 -0 <= -0.835881
-0 -0 -1 -0 -0 <= -0.826509
-0 -0 -0 -1 -0 <= -0.825285
-0 -0 -0 -0 -1 <= -0.847228
-1 -1 -1 -0 -0 <= -2.47125
1 -0 -0 1 -1 <= 0.787162

1 0 0 0 0 <= 0.822572
0 1 0 0 0 <= 0.866002
0 0 1 0 0 <= 0.862696
0 0 0 1 0 <= 0.860876
0 0 0 0 1 <= 0.882773
1 1 1 0 0 <= 2.53949
-1 0 0 -1 1 <= -0.667894
-1 -0 -0 -0 -0 <= -0.733786
-0 -1 -0 -0 -0 <= -0.82759
-0 -0 -1 -0 -0 <= -0.81822
-0 -0 -0 -1 -0 <= -0.816881
-0 -0 -0 -0 -1 <= -0.8392
-1 -1 -1 -0 -0 <= -2.44683
1 -0 -0 1 -1 <= 0.779648

1 0 0 0 0 <= 0.814793
0 1 0 0 0 <= 0.857837
0 0 1 0 0 <= 0.85432
0 0 0 1 0 <= 0.852411
0 0 0 0 1 <= 0.874696
1 1 1 0 0 <= 2.51449
-1 0 0 -1 1 <= -0.661126
-1 -0 -0 -0 -0 <= -0.727099
-0 -1 -0 -0 -0 <= -0.819545
-0 -0 -1 -0 -0 <= -0.810178
-0 -0 -0 -1 -0 <= -0.808723
-0 -0 -0 -0 -1 <= -0.831401
-1 -1 -1 -0 -0 <= -2.42313
1 -0 -0 1 -1 <= 0.772359

1 0 0 0 0 <= 0.807239
0 1 0 0 0 <= 0.84991
0 0 1 0 0 <= 0.846191
0 0 0 1 0 <= 0.844192
0 0 0 0 1 <= 0.866849
1 1 1 0 0 <= 2.49023
-1 0 0 -1 1 <= -0.654555
-1 -0 -0 -0 -0 <= -0.720602
-0 -1 -0 -0 -0 <= -0.811734
-0 -0 -1 -0 -0 <= -0.80237
-0 -0 -0 -1 -0 <= -0.800803
-0 -0 -0 -0 -1 <= -0.823822
-1 -1 -1 -0 -0 <= -2.40013
1 -0 -0 1 -1 <= 0.765285

1 0 0 0 0 <= 0.7999
0 1 0 0 0 <= 0.842211
0 0 1 0 0 <= 0.838298
0 0 0 1 0 <= 0.836209
0 0 0 0 1 <= 0.859223
1 1 1 0 0 <= 2.46669
-1 0 0 -1 1 <= -0.648172
-1 -0 -0 -0 -0 <= -0.714286
-0 -1 -0 -0 -0 <= -0.804147
-0 -0 -1 -0 -0 <= -0.794789
-0 -0 -0 -1 -0 <= -0.793109
-0 -0 -0 -0 -1 <= -0.816455
-1 -1 -1 -0 -0 <= -2.37779
1 -0 -0 1 -1 <= 0.758417

1 0 0 0 0 <= 0.792768
0 1 0 0 0 <= 0.834731
0 0 1 0 0 <= 0.830632
0 0 0 1 0 <= 0.828452
0 0 0 0 1 <= 0.851809
1 1 1 0 0 <= 2.44383
-1 0 0 -1 1 <= -0.64197
-1 -0 -0 -0 -0 <= -0.708145
-0 -1 -0 -0 -0 <= -0.796776
-0 -0 -1 -0 -0 <= -0.787424
-0 -0 -0 -1 -0 <= -0.785634
-0 -0 -0 -0 -1 <= -0.80929
-1 -1 -1 -0 -0 <= -2.35608
1 -0 -0 1 -1 <= 0.751747

1 0 0 0 0 <= 0.785834
0 1 0 0 0 <= 0.827461
0 0 1 0 0 <= 0.823183
0 0 0 1 0 <= 0.820913
0 0 0 0 1 <= 0.844598
1 1 1 0 0 <= 2.42162
-1 0 0 -1 1 <= -0.63594
-1 -0 -0 -0 -0 <= -0.702171
-0 -1 -0 -0 -0 <= -0.789611
-0 -0 -1 -0 -0 <= -0.780266
-0 -0 -0 -1 -0 <= -0.778367
-0 -0 -0 -0 -1 <= -0.802321
-1 -1 -1 -0 -0 <= -2.33498
1 -0 -0 1 -1 <= 0.745268

1 0 0 0 0 <= 0.77909
0 1 0 0 0 <= 0.820392
0 0 1 0 0 <= 0.815942
0 0 0 1 0 <= 0.813582
0 0 0 0 1 <= 0.837582
1 1 1 0 0 <= 2.40004
-1 0 0 -1 1 <= -0.630076
-1 -0 -0 -0 -0 <= -0.696359
-0 -1 -0 -0 -0 <= -0.782645
-0 -0 -1 -0 -0 <= -0.773308
-0 -0 -0 -1 -0 <= -0.7713
-0 -0 -0 -0 -1 <= -0.795538
-1 -1 -1 -0 -0 <= -2.31446
1 -0 -0 1 -1 <= 0.73897

1 0 0 0 0 <= 0.772529
0 1 0 0 0 <= 0.813516
0 0 1 0 0 <= 0.808902
0 0 0 1 0 <= 0.806451
0 0 0 0 1 <= 0.830755
1 1 1 0 0 <= 2.37905
-1 0 0 -1 1 <= -0.624372
-1 -0 -0 -0 -0 <= -0.690701
-0 -1 -0 -0 -0 <= -0.775869
-0 -0 -1 -0 -0 <= -0.766541
-0 -0 -0 -1 -0 <= -0.764426
-0 -0 -0 -0 -1 <= -0.788936
-1 -1 -1 -0 -0 <= -2.29451
1 -0 -0 1 -1 <= 0.732848

1 0 0 0 0 <= 0.766145
0 1 0 0 0 <= 0.806826
0 0 1 0 0 <= 0.802054
0 0 0 1 0 <= 0.799513
0 0 0 0 1 <= 0.824108
1 1 1 0 0 <= 2.35864
-1 0 0 -1 1 <= -0.618821
-1 -0 -0 -0 -0 <= -0.685192
-0 -1 -0 -0 -0 <= -0.769277
-0 -0 -1 -0 -0 <= -0.759958
-0 -0 -0 -1 -0 <= -0.757737
-0 -0 -0 -0 -1 <= -0.782507
-1 -1 -1 -0 -0 <= -2.27509
1 -0 -0 1 -1 <= 0.726895

1 0 0 0 0 <= 0.759929
0 1 0 0 0 <= 0.800316
0 0 1 0 0 <= 0.79539
0 0 0 1 0 <= 0.79276
0 0 0 0 1 <= 0.817636
1 1 1 0 0 <= 2.33879
-1 0 0 -1 1 <= -0.613417
-1 -0 -0 -0 -0 <= -0.679827
-0 -1 -0 -0 -0 <= -0.76286
-0 -0 -1 -0 -0 <= -0.753552
-0 -0 -0 -1 -0 <= -0.751226
-0 -0 -0 -0 -1 <= -0.776245
-1 -1 -1 -0 -0 <= -2.2562
1 -0 -0 1 -1 <= 0.721103

1 0 0 0 0 <= 0.753876
0 1 0 0 0 <= 0.793977
0 0 1 0 0 <= 0.788905
0 0 0 1 0 <= 0.786186
0 0 0 0 1 <= 0.811331
1 1 1 0 0 <= 2.31946
-1 0 0 -1 1 <= -0.608155
-1 -0 -0 -0 -0 <= -0.674599
-0 -1 -0 -0 -0 <= -0.756613
-0 -0 -1 -0 -0 <= -0.747316
-0 -0 -0 -1 -0 <= -0.744887
-0 -0 -0 -0 -1 <= -0.770143
-1 -1 -1 -0 -0 <= -2.23781
1 -0 -0 1 -1 <= 0.715467

1 0 0 0 0 <= 0.74798
0 1 0 0 0 <= 0.787804
0 0 1 0 0 <= 0.782591
0 0 0 1 0 <= 0.779782
0 0 0 0 1 <= 0.805188
1 1 1 0 0 <= 2.30065
-1 0 0 -1 1 <= -0.603029
-1 -0 -0 -0 -0 <= -0.669505
-0 -1 -0 -0 -0 <= -0.750529
-0 -0 -1 -0 -0 <= -0.741244
-0 -0 -0 -1 -0 <= -0.738712
-0 -0 -0 -0 -1 <= -0.764196
-1 -1 -1 -0 -0 <= -2.21989
1 -0 -0 1 -1 <= 0.709981

1 0 0 0 0 <= 0.742236
0 1 0 0 0 <= 0.781791
0 0 1 0 0 <= 0.776442
0 0 0 1 0 <= 0.773544
0 0 0 0 1 <= 0.7992
1 1 1 0 0 <= 2.28234
-1 0 0 -1 1 <= -0.598035
-1 -0 -0 -0 -0 <= -0.664539
-0 -1 -0 -0 -0 <= -0.744602
-0 -0 -1 -0 -0 <= -0.735329
-0 -0 -0 -1 -0 <= -0.732696
-0 -0 -0 -0 -1 <= -0.758398
-1 -1 -1 -0 -0 <= -2.20244
1 -0 -0 1 -1 <= 0.70464

1 0 0 0 0 <= 0.736637
0 1 0 0 0 <= 0.775932
0 0 1 0 0 <= 0.770451
0 0 0 1 0 <= 0.767466
0 0 0 0 1 <= 0.793363
1 1 1 0 0 <= 2.26449
-1 0 0 -1 1 <= -0.593166
-1 -0 -0 -0 -0 <= -0.659697
-0 -1 -0 -0 -0 <= -0.738826
-0 -0 -1 -0 -0 <= -0.729566
-0 -0 -0 -1 -0 <= -0.726832
-0 -0 -0 -0 -1 <= -0.752744
-1 -1 -1 -0 -0 <= -2.18543
1 -0 -0 1 -1 <= 0.699438

1 0 0 0 0 <= 0.731178
0 1 0 0 0 <= 0.770221
0 0 1 0 0 <= 0.764614
0 0 0 1 0 <= 0.76154
0 0 0 0 1 <= 0.78767
1 1 1 0 0 <= 2.24711
-1 0 0 -1 1 <= -0.58842
-1 -0 -0 -0 -0 <= -0.654974
-0 -1 -0 -0 -0 <= -0.733196
-0 -0 -1 -0 -0 <= -0.723949
-0 -0 -0 -1 -0 <= -0.721116
-0 -0 -0 -0 -1 <= -0.747228
-1 -1 -1 -0 -0 <= -2.16886
1 -0 -0 1 -1 <= 0.69437

1 0 0 0 0 <= 0.725855
0 1 0 0 0 <= 0.764653
0 0 1 0 0 <= 0.758924
0 0 0 1 0 <= 0.755763
0 0 0 0 1 <= 0.782118
1 1 1 0 0 <= 2.23016
-1 0 0 -1 1 <= -0.583791
-1 -0 -0 -0 -0 <= -0.650366
-0 -1 -0 -0 -0 <= -0.727707
-0 -0 -1 -0 -0 <= -0.718473
-0 -0 -0 -1 -0 <= -0.715543
-0 -0 -0 -0 -1 <= -0.741847
-1 -1 -1 -0 -0 <= -2.1527
1 -0 -0 1 -1 <= 0.689431

1 0 0 0 0 <= 0.720663
0 1 0 0 0 <= 0.759223
0 0 1 0 0 <= 0.753376
0 0 0 1 0 <= 0.750128
0 0 0 0 1 <= 0.7767
1 1 1 0 0 <= 2.21364
-1 0 0 -1 1 <= -0.579276
-1 -0 -0 -0 -0 <= -0.64587
-0 -1 -0 -0 -0 <= -0.722353
-0 -0 -1 -0 -0 <= -0.713134
-0 -0 -0 -1 -0 <= -0.710106
-0 -0 -0 -0 -1 <= -0.736595
-1 -1 -1 -0 -0 <= -2.13694
1 -0 -0 1 -1 <= 0.684617

1 0 0 0 0 <= 0.715597
0 1 0 0 0 <= 0.753926
0 0 1 0 0 <= 0.747966
0 0 0 1 0 <= 0.744631
0 0 0 0 1 <= 0.771413
1 1 1 0 0 <= 2.19753
-1 0 0 -1 1 <= -0.57487
-1 -0 -0 -0 -0 <= -0.641481
-0 -1 -0 -0 -0 <= -0.71713
-0 -0 -1 -0 -0 <= -0.707925
-0 -0 -0 -1 -0 <= -0.704801
-0 -0 -0 -0 -1 <= -0.731467
-1 -1 -1 -0 -0 <= -2.12156
1 -0 -0 1 -1 <= 0.679924

END RESULTS
