Computing reach set...done
RESULTS
1 0 0 <= 0.1
0 1 0 <= 5
0 0 1 <= 0.1
1 0.5 0 <= 10
0.5 0 0.5 <= 10
-1 -0 -0 <= -0.09
-0 -1 -0 <= -4.99
-0 -0 -1 <= -0.09
-1 -0.5 -0 <= -0
-0.5 -0 -0.5 <= -0

1 0 0 <= -0.027
0 1 0 <= 5.015
0 0 1 <= 0.06775
1 0.5 0 <= 2.48025
0.5 0 0.5 <= 0.02025
-1 -0 -0 <= 0.0375
-0 -1 -0 <= -5.00472
-0 -0 -1 <= -0.0612025
-1 -0.5 -0 <= -2.46511
-0.5 -0 -0.5 <= -0.0119763

1 0 0 <= -0.153648
0 1 0 <= 5.02686
0 0 1 <= 0.0464913
1 0.5 0 <= 2.35953
0.5 0 0.5 <= -0.05366
-1 -0 -0 <= 0.164569
-0 -1 -0 <= -5.01631
-0 -0 -1 <= -0.0422246
-1 -0.5 -0 <= -2.34384
-0.5 -0 -0.5 <= 0.0610904

1 0 0 <= -0.280111
0 1 0 <= 5.03558
0 0 1 <= 0.0325406
1 0.5 0 <= 2.23742
0.5 0 0.5 <= -0.123839
-1 -0 -0 <= 0.291402
-0 -1 -0 <= -5.02474
-0 -0 -1 <= -0.0297725
-1 -0.5 -0 <= -2.22123
-0.5 -0 -0.5 <= 0.130762

1 0 0 <= -0.406474
0 1 0 <= 5.04116
0 0 1 <= 0.0234234
1 0.5 0 <= 2.11375
0.5 0 0.5 <= -0.19156
-1 -0 -0 <= 0.418105
-0 -1 -0 <= -5.03002
-0 -0 -1 <= -0.0216353
-1 -0.5 -0 <= -2.09726
-0.5 -0 -0.5 <= 0.1982

1 0 0 <= -0.532766
0 1 0 <= 5.04359
0 0 1 <= 0.0174872
1 0.5 0 <= 1.98852
0.5 0 0.5 <= -0.257662
-1 -0 -0 <= 0.54472
-0 -1 -0 <= -5.03215
-0 -0 -1 <= -0.0163368
-1 -0.5 -0 <= -1.97187
-0.5 -0 -0.5 <= 0.264169

1 0 0 <= -0.658978
0 1 0 <= 5.04286
0 0 1 <= 0.0136337
1 0.5 0 <= 1.86176
0.5 0 0.5 <= -0.322686
-1 -0 -0 <= 0.671247
-0 -1 -0 <= -5.03113
-0 -0 -1 <= -0.0128965
-1 -0.5 -0 <= -1.84502
-0.5 -0 -0.5 <= 0.329161

1 0 0 <= -0.785078
0 1 0 <= 5.03898
0 0 1 <= 0.0111373
1 0.5 0 <= 1.7335
0.5 0 0.5 <= -0.38698
-1 -0 -0 <= 0.797659
-0 -1 -0 <= -5.02694
-0 -0 -1 <= -0.0106663
-1 -0.5 -0 <= -1.71672
-0.5 -0 -0.5 <= 0.393487

1 0 0 <= -0.911019
0 1 0 <= 5.03193
0 0 1 <= 0.00952065
1 0.5 0 <= 1.60382
0.5 0 0.5 <= -0.450755
-1 -0 -0 <= 0.923912
-0 -1 -0 <= -5.01959
-0 -0 -1 <= -0.0092204
-1 -0.5 -0 <= -1.58701
-0.5 -0 -0.5 <= 0.45734

1 0 0 <= -1.03674
0 1 0 <= 5.0217
0 0 1 <= 0.00847158
1 0.5 0 <= 1.47276
0.5 0 0.5 <= -0.514137
-1 -0 -0 <= 1.04995
-0 -1 -0 <= -5.00907
-0 -0 -1 <= -0.00828029
-1 -0.5 -0 <= -1.45594
-0.5 -0 -0.5 <= 0.52083

1 0 0 <= -1.16217
0 1 0 <= 5.00831
0 0 1 <= 0.00778696
1 0.5 0 <= 1.34041
0.5 0 0.5 <= -0.577195
-1 -0 -0 <= 1.1757
-0 -1 -0 <= -4.99538
-0 -0 -1 <= -0.00766484
-1 -0.5 -0 <= -1.32356
-0.5 -0 -0.5 <= 0.584017

1 0 0 <= -1.28725
0 1 0 <= 4.99173
0 0 1 <= 0.00733528
1 0.5 0 <= 1.20682
0.5 0 0.5 <= -0.639958
-1 -0 -0 <= 1.30111
-0 -1 -0 <= -4.97851
-0 -0 -1 <= -0.00725686
-1 -0.5 -0 <= -1.18995
-0.5 -0 -0.5 <= 0.646923

1 0 0 <= -1.41189
0 1 0 <= 4.97199
0 0 1 <= 0.00703187
1 0.5 0 <= 1.07209
0.5 0 0.5 <= -0.702432
-1 -0 -0 <= 1.42608
-0 -1 -0 <= -4.95848
-0 -0 -1 <= -0.00698091
-1 -0.5 -0 <= -1.05517
-0.5 -0 -0.5 <= 0.709549

1 0 0 <= -1.53603
0 1 0 <= 4.94907
0 0 1 <= 0.00682251
1 0.5 0 <= 0.936276
0.5 0 0.5 <= -0.764604
-1 -0 -0 <= 1.55056
-0 -1 -0 <= -4.93527
-0 -0 -1 <= -0.00678871
-1 -0.5 -0 <= -0.919307
-0.5 -0 -0.5 <= 0.771884

1 0 0 <= -1.65958
0 1 0 <= 4.92298
0 0 1 <= 0.00667264
1 0.5 0 <= 0.799474
0.5 0 0.5 <= -0.826455
-1 -0 -0 <= 1.67445
-0 -1 -0 <= -4.9089
-0 -0 -1 <= -0.0066495
-1 -0.5 -0 <= -0.782434
-0.5 -0 -0.5 <= 0.833902

1 0 0 <= -1.78247
0 1 0 <= 4.89374
0 0 1 <= 0.00656037
1 0.5 0 <= 0.661759
0.5 0 0.5 <= -0.887955
-1 -0 -0 <= 1.7977
-0 -1 -0 <= -4.87937
-0 -0 -1 <= -0.00654382
-1 -0.5 -0 <= -0.644633
-0.5 -0 -0.5 <= 0.895576

1 0 0 <= -1.90462
0 1 0 <= 4.86135
0 0 1 <= 0.0064719
1 0.5 0 <= 0.523215
0.5 0 0.5 <= -0.949073
-1 -0 -0 <= 1.9202
-0 -1 -0 <= -4.84669
-0 -0 -1 <= -0.00645939
-1 -0.5 -0 <= -0.505986
-0.5 -0 -0.5 <= 0.956872

1 0 0 <= -2.02595
0 1 0 <= 4.82582
0 0 1 <= 0.00639857
1 0.5 0 <= 0.383924
0.5 0 0.5 <= -1.00977
-1 -0 -0 <= 2.0419
-0 -1 -0 <= -4.81088
-0 -0 -1 <= -0.00638852
-1 -0.5 -0 <= -0.366577
-0.5 -0 -0.5 <= 1.01776

1 0 0 <= -2.14638
0 1 0 <= 4.78716
0 0 1 <= 0.00633499
1 0.5 0 <= 0.243972
0.5 0 0.5 <= -1.07002
-1 -0 -0 <= 2.1627
-0 -1 -0 <= -4.77193
-0 -0 -1 <= -0.00632642
-1 -0.5 -0 <= -0.22649
-0.5 -0 -0.5 <= 1.07819

1 0 0 <= -2.26583
0 1 0 <= 4.74538
0 0 1 <= 0.00627781
1 0.5 0 <= 0.103443
0.5 0 0.5 <= -1.12978
-1 -0 -0 <= 2.28254
-0 -1 -0 <= -4.72988
-0 -0 -1 <= -0.00627012
-1 -0.5 -0 <= -0.0858105
-0.5 -0 -0.5 <= 1.13814

1 0 0 <= -2.38424
0 1 0 <= 4.70052
0 0 1 <= 0.00622497
1 0.5 0 <= -0.0375772
0.5 0 0.5 <= -1.18901
-1 -0 -0 <= 2.40133
-0 -1 -0 <= -4.68472
-0 -0 -1 <= -0.00621778
-1 -0.5 -0 <= 0.0553754
-0.5 -0 -0.5 <= 1.19756

1 0 0 <= -2.50151
0 1 0 <= 4.65257
0 0 1 <= 0.00617518
1 0.5 0 <= -0.179002
0.5 0 0.5 <= -1.24767
-1 -0 -0 <= 2.519
-0 -1 -0 <= -4.63649
-0 -0 -1 <= -0.00616828
-1 -0.5 -0 <= 0.196981
-0.5 -0 -0.5 <= 1.25642

1 0 0 <= -2.61758
0 1 0 <= 4.60157
0 0 1 <= 0.00612769
1 0.5 0 <= -0.320744
0.5 0 0.5 <= -1.30573
-1 -0 -0 <= 2.63547
-0 -1 -0 <= -4.5852
-0 -0 -1 <= -0.00612094
-1 -0.5 -0 <= 0.338919
-0.5 -0 -0.5 <= 1.31467

1 0 0 <= -2.73236
0 1 0 <= 4.54754
0 0 1 <= 0.006082
1 0.5 0 <= -0.462716
0.5 0 0.5 <= -1.36314
-1 -0 -0 <= 2.75066
-0 -1 -0 <= -4.53088
-0 -0 -1 <= -0.00607532
-1 -0.5 -0 <= 0.481102
-0.5 -0 -0.5 <= 1.37229

1 0 0 <= -2.84579
0 1 0 <= 4.49049
0 0 1 <= 0.00603785
1 0.5 0 <= -0.60483
0.5 0 0.5 <= -1.41987
-1 -0 -0 <= 2.8645
-0 -1 -0 <= -4.47354
-0 -0 -1 <= -0.00603118
-1 -0.5 -0 <= 0.623442
-0.5 -0 -0.5 <= 1.42924

1 0 0 <= -2.95777
0 1 0 <= 4.43047
0 0 1 <= 0.00599504
1 0.5 0 <= -0.746998
0.5 0 0.5 <= -1.47589
-1 -0 -0 <= 2.97692
-0 -1 -0 <= -4.41322
-0 -0 -1 <= -0.00598836
-1 -0.5 -0 <= 0.76585
-0.5 -0 -0.5 <= 1.48546

1 0 0 <= -3.06825
0 1 0 <= 4.36749
0 0 1 <= 0.00595348
1 0.5 0 <= -0.889131
0.5 0 0.5 <= -1.53115
-1 -0 -0 <= 3.08783
-0 -1 -0 <= -4.34994
-0 -0 -1 <= -0.00594676
-1 -0.5 -0 <= 0.908238
-0.5 -0 -0.5 <= 1.54094

1 0 0 <= -3.17715
0 1 0 <= 4.30158
0 0 1 <= 0.00591309
1 0.5 0 <= -1.03114
0.5 0 0.5 <= -1.58562
-1 -0 -0 <= 3.19716
-0 -1 -0 <= -4.28374
-0 -0 -1 <= -0.00590633
-1 -0.5 -0 <= 1.05052
-0.5 -0 -0.5 <= 1.59563

1 0 0 <= -3.28439
0 1 0 <= 4.23279
0 0 1 <= 0.00587384
1 0.5 0 <= -1.17294
0.5 0 0.5 <= -1.63926
-1 -0 -0 <= 3.30485
-0 -1 -0 <= -4.21463
-0 -0 -1 <= -0.00586703
-1 -0.5 -0 <= 1.19259
-0.5 -0 -0.5 <= 1.64949

1 0 0 <= -3.38991
0 1 0 <= 4.16114
0 0 1 <= 0.0058357
1 0.5 0 <= -1.31443
0.5 0 0.5 <= -1.69203
-1 -0 -0 <= 3.41082
-0 -1 -0 <= -4.14267
-0 -0 -1 <= -0.00582883
-1 -0.5 -0 <= 1.33438
-0.5 -0 -0.5 <= 1.70249

1 0 0 <= -3.49362
0 1 0 <= 4.08667
0 0 1 <= 0.00579864
1 0.5 0 <= -1.45554
0.5 0 0.5 <= -1.74391
-1 -0 -0 <= 3.51499
-0 -1 -0 <= -4.06789
-0 -0 -1 <= -0.00579171
-1 -0.5 -0 <= 1.4758
-0.5 -0 -0.5 <= 1.7546

END RESULTS
