Synthesizing parameters...done
Computing parametric reach set...done
RESULTS
0.7071 0.7071 0 <= 0.7071
-0.7071 0.7071 0 <= -0.4172
0 0 1 <= 0
-0.7071 -0.7071 -0 <= -0.693
0.7071 -0.7071 -0 <= 0.4313
-0 -0 -1 <= -0

0.7071 0.7071 0 <= 0.7071
-0.7071 0.7071 0 <= -0.412591
0 0 1 <= 0.00122995
-0.7071 -0.7071 -0 <= -0.692173
0.7071 -0.7071 -0 <= 0.42834
-0 -0 -1 <= 0

0.7071 0.7071 0 <= 0.7071
-0.7071 0.7071 0 <= -0.407927
0 0 1 <= 0.00247946
-0.7071 -0.7071 -0 <= -0.691334
0.7071 -0.7071 -0 <= 0.425369
-0 -0 -1 <= 0

0.7071 0.7071 0 <= 0.7071
-0.7071 0.7071 0 <= -0.403209
0 0 1 <= 0.00374876
-0.7071 -0.7071 -0 <= -0.690484
0.7071 -0.7071 -0 <= 0.422387
-0 -0 -1 <= 0

0.7071 0.7071 0 <= 0.7071
-0.7071 0.7071 0 <= -0.398438
0 0 1 <= 0.00503807
-0.7071 -0.7071 -0 <= -0.689622
0.7071 -0.7071 -0 <= 0.419393
-0 -0 -1 <= 0

0.7071 0.7071 0 <= 0.7071
-0.7071 0.7071 0 <= -0.393612
0 0 1 <= 0.00634763
-0.7071 -0.7071 -0 <= -0.688748
0.7071 -0.7071 -0 <= 0.41639
-0 -0 -1 <= 0

0.7071 0.7071 0 <= 0.7071
-0.7071 0.7071 0 <= -0.388732
0 0 1 <= 0.00767766
-0.7071 -0.7071 -0 <= -0.687863
0.7071 -0.7071 -0 <= 0.413376
-0 -0 -1 <= 0

0.7071 0.7071 0 <= 0.7071
-0.7071 0.7071 0 <= -0.383798
0 0 1 <= 0.00902839
-0.7071 -0.7071 -0 <= -0.686965
0.7071 -0.7071 -0 <= 0.410352
-0 -0 -1 <= 0

0.7071 0.7071 0 <= 0.7071
-0.7071 0.7071 0 <= -0.37881
0 0 1 <= 0.0104001
-0.7071 -0.7071 -0 <= -0.686056
0.7071 -0.7071 -0 <= 0.407318
-0 -0 -1 <= 0

0.7071 0.7071 0 <= 0.7071
-0.7071 0.7071 0 <= -0.373768
0 0 1 <= 0.0117929
-0.7071 -0.7071 -0 <= -0.685134
0.7071 -0.7071 -0 <= 0.404275
-0 -0 -1 <= 0

0.7071 0.7071 0 <= 0.7071
-0.7071 0.7071 0 <= -0.368673
0 0 1 <= 0.0132071
-0.7071 -0.7071 -0 <= -0.6842
0.7071 -0.7071 -0 <= 0.401223
-0 -0 -1 <= 0

0.7071 0.7071 0 <= 0.7071
-0.7071 0.7071 0 <= -0.363524
0 0 1 <= 0.0146429
-0.7071 -0.7071 -0 <= -0.683254
0.7071 -0.7071 -0 <= 0.398163
-0 -0 -1 <= 0

0.7071 0.7071 0 <= 0.7071
-0.7071 0.7071 0 <= -0.358322
0 0 1 <= 0.0161006
-0.7071 -0.7071 -0 <= -0.682294
0.7071 -0.7071 -0 <= 0.395094
-0 -0 -1 <= 0

0.7071 0.7071 0 <= 0.7071
-0.7071 0.7071 0 <= -0.353067
0 0 1 <= 0.0175804
-0.7071 -0.7071 -0 <= -0.681322
0.7071 -0.7071 -0 <= 0.392017
-0 -0 -1 <= 0

0.7071 0.7071 0 <= 0.7071
-0.7071 0.7071 0 <= -0.347759
0 0 1 <= 0.0190824
-0.7071 -0.7071 -0 <= -0.680338
0.7071 -0.7071 -0 <= 0.388933
-0 -0 -1 <= 0

0.7071 0.7071 0 <= 0.7071
-0.7071 0.7071 0 <= -0.342398
0 0 1 <= 0.020607
-0.7071 -0.7071 -0 <= -0.67934
0.7071 -0.7071 -0 <= 0.385841
-0 -0 -1 <= 0

0.7071 0.7071 0 <= 0.7071
-0.7071 0.7071 0 <= -0.336985
0 0 1 <= 0.0221543
-0.7071 -0.7071 -0 <= -0.678329
0.7071 -0.7071 -0 <= 0.382743
-0 -0 -1 <= 0

0.7071 0.7071 0 <= 0.7071
-0.7071 0.7071 0 <= -0.33152
0 0 1 <= 0.0237246
-0.7071 -0.7071 -0 <= -0.677305
0.7071 -0.7071 -0 <= 0.379637
-0 -0 -1 <= 0

0.7071 0.7071 0 <= 0.7071
-0.7071 0.7071 0 <= -0.326004
0 0 1 <= 0.0253181
-0.7071 -0.7071 -0 <= -0.676268
0.7071 -0.7071 -0 <= 0.376526
-0 -0 -1 <= 0

0.7071 0.7071 0 <= 0.7071
-0.7071 0.7071 0 <= -0.320436
0 0 1 <= 0.0269349
-0.7071 -0.7071 -0 <= -0.675217
0.7071 -0.7071 -0 <= 0.373408
-0 -0 -1 <= 0

0.7071 0.7071 0 <= 0.7071
-0.7071 0.7071 0 <= -0.314817
0 0 1 <= 0.0285754
-0.7071 -0.7071 -0 <= -0.674153
0.7071 -0.7071 -0 <= 0.370286
-0 -0 -1 <= 0

0.7071 0.7071 0 <= 0.7071
-0.7071 0.7071 0 <= -0.309147
0 0 1 <= 0.0302398
-0.7071 -0.7071 -0 <= -0.673075
0.7071 -0.7071 -0 <= 0.367158
-0 -0 -1 <= 0

0.7071 0.7071 0 <= 0.7071
-0.7071 0.7071 0 <= -0.303428
0 0 1 <= 0.0319281
-0.7071 -0.7071 -0 <= -0.671983
0.7071 -0.7071 -0 <= 0.364025
-0 -0 -1 <= 0

0.7071 0.7071 0 <= 0.7071
-0.7071 0.7071 0 <= -0.297659
0 0 1 <= 0.0336408
-0.7071 -0.7071 -0 <= -0.670877
0.7071 -0.7071 -0 <= 0.360888
-0 -0 -1 <= 0

0.7071 0.7071 0 <= 0.7071
-0.7071 0.7071 0 <= -0.291841
0 0 1 <= 0.0353779
-0.7071 -0.7071 -0 <= -0.669757
0.7071 -0.7071 -0 <= 0.357747
-0 -0 -1 <= 0

0.7071 0.7071 0 <= 0.7071
-0.7071 0.7071 0 <= -0.285974
0 0 1 <= 0.0371397
-0.7071 -0.7071 -0 <= -0.668624
0.7071 -0.7071 -0 <= 0.354603
-0 -0 -1 <= 0

0.7071 0.7071 0 <= 0.7071
-0.7071 0.7071 0 <= -0.28006
0 0 1 <= 0.0389264
-0.7071 -0.7071 -0 <= -0.667476
0.7071 -0.7071 -0 <= 0.351455
-0 -0 -1 <= 0

0.7071 0.7071 0 <= 0.7071
-0.7071 0.7071 0 <= -0.274098
0 0 1 <= 0.0407382
-0.7071 -0.7071 -0 <= -0.666314
0.7071 -0.7071 -0 <= 0.348305
-0 -0 -1 <= 0

0.7071 0.7071 0 <= 0.7071
-0.7071 0.7071 0 <= -0.26809
0 0 1 <= 0.0425753
-0.7071 -0.7071 -0 <= -0.665137
0.7071 -0.7071 -0 <= 0.345152
-0 -0 -1 <= 0

0.7071 0.7071 0 <= 0.7071
-0.7071 0.7071 0 <= -0.262035
0 0 1 <= 0.0444379
-0.7071 -0.7071 -0 <= -0.663946
0.7071 -0.7071 -0 <= 0.341997
-0 -0 -1 <= 0

0.7071 0.7071 0 <= 0.7071
-0.7071 0.7071 0 <= -0.255935
0 0 1 <= 0.0463262
-0.7071 -0.7071 -0 <= -0.66274
0.7071 -0.7071 -0 <= 0.338841
-0 -0 -1 <= 0

0.7071 0.7071 0 <= 0.7071
-0.7071 0.7071 0 <= -0.249791
0 0 1 <= 0.0482403
-0.7071 -0.7071 -0 <= -0.66152
0.7071 -0.7071 -0 <= 0.335684
-0 -0 -1 <= 0

0.7071 0.7071 0 <= 0.7071
-0.7071 0.7071 0 <= -0.243602
0 0 1 <= 0.0501805
-0.7071 -0.7071 -0 <= -0.660284
0.7071 -0.7071 -0 <= 0.332525
-0 -0 -1 <= 0

0.7071 0.7071 0 <= 0.7071
-0.7071 0.7071 0 <= -0.23737
0 0 1 <= 0.052147
-0.7071 -0.7071 -0 <= -0.659034
0.7071 -0.7071 -0 <= 0.329367
-0 -0 -1 <= 0

0.7071 0.7071 0 <= 0.7071
-0.7071 0.7071 0 <= -0.231096
0 0 1 <= 0.0541399
-0.7071 -0.7071 -0 <= -0.657769
0.7071 -0.7071 -0 <= 0.326209
-0 -0 -1 <= 0

0.7071 0.7071 0 <= 0.7071
-0.7071 0.7071 0 <= -0.22478
0 0 1 <= 0.0561595
-0.7071 -0.7071 -0 <= -0.656489
0.7071 -0.7071 -0 <= 0.323051
-0 -0 -1 <= 0

0.7071 0.7071 0 <= 0.7071
-0.7071 0.7071 0 <= -0.218424
0 0 1 <= 0.0582058
-0.7071 -0.7071 -0 <= -0.655194
0.7071 -0.7071 -0 <= 0.319894
-0 -0 -1 <= 0

0.7071 0.7071 0 <= 0.7071
-0.7071 0.7071 0 <= -0.212028
0 0 1 <= 0.0602791
-0.7071 -0.7071 -0 <= -0.653884
0.7071 -0.7071 -0 <= 0.316738
-0 -0 -1 <= 0

0.7071 0.7071 0 <= 0.7071
-0.7071 0.7071 0 <= -0.205592
0 0 1 <= 0.0623795
-0.7071 -0.7071 -0 <= -0.652558
0.7071 -0.7071 -0 <= 0.313585
-0 -0 -1 <= 0

0.7071 0.7071 0 <= 0.7071
-0.7071 0.7071 0 <= -0.199119
0 0 1 <= 0.0645073
-0.7071 -0.7071 -0 <= -0.651217
0.7071 -0.7071 -0 <= 0.310433
-0 -0 -1 <= 0

0.7071 0.7071 0 <= 0.7071
-0.7071 0.7071 0 <= -0.192609
0 0 1 <= 0.0666625
-0.7071 -0.7071 -0 <= -0.649861
0.7071 -0.7071 -0 <= 0.307284
-0 -0 -1 <= 0

0.7071 0.7071 0 <= 0.7071
-0.7071 0.7071 0 <= -0.186063
0 0 1 <= 0.0688453
-0.7071 -0.7071 -0 <= -0.648489
0.7071 -0.7071 -0 <= 0.304139
-0 -0 -1 <= 0

0.7071 0.7071 0 <= 0.7071
-0.7071 0.7071 0 <= -0.179481
0 0 1 <= 0.0710559
-0.7071 -0.7071 -0 <= -0.647102
0.7071 -0.7071 -0 <= 0.300996
-0 -0 -1 <= 0

0.7071 0.7071 0 <= 0.7071
-0.7071 0.7071 0 <= -0.172866
0 0 1 <= 0.0732944
-0.7071 -0.7071 -0 <= -0.645699
0.7071 -0.7071 -0 <= 0.297858
-0 -0 -1 <= 0

0.7071 0.7071 0 <= 0.7071
-0.7071 0.7071 0 <= -0.166217
0 0 1 <= 0.075561
-0.7071 -0.7071 -0 <= -0.644281
0.7071 -0.7071 -0 <= 0.294724
-0 -0 -1 <= 0

0.7071 0.7071 0 <= 0.7071
-0.7071 0.7071 0 <= -0.159537
0 0 1 <= 0.0778558
-0.7071 -0.7071 -0 <= -0.642847
0.7071 -0.7071 -0 <= 0.291595
-0 -0 -1 <= 0

0.7071 0.7071 0 <= 0.7071
-0.7071 0.7071 0 <= -0.152826
0 0 1 <= 0.0801789
-0.7071 -0.7071 -0 <= -0.641397
0.7071 -0.7071 -0 <= 0.288471
-0 -0 -1 <= 0

0.7071 0.7071 0 <= 0.7071
-0.7071 0.7071 0 <= -0.146085
0 0 1 <= 0.0825305
-0.7071 -0.7071 -0 <= -0.639931
0.7071 -0.7071 -0 <= 0.285353
-0 -0 -1 <= 0

0.7071 0.7071 0 <= 0.7071
-0.7071 0.7071 0 <= -0.139316
0 0 1 <= 0.0849107
-0.7071 -0.7071 -0 <= -0.638449
0.7071 -0.7071 -0 <= 0.282241
-0 -0 -1 <= 0

0.7071 0.7071 0 <= 0.7071
-0.7071 0.7071 0 <= -0.13252
0 0 1 <= 0.0873196
-0.7071 -0.7071 -0 <= -0.636952
0.7071 -0.7071 -0 <= 0.279135
-0 -0 -1 <= 0

0.7071 0.7071 0 <= 0.7071
-0.7071 0.7071 0 <= -0.125697
0 0 1 <= 0.0897574
-0.7071 -0.7071 -0 <= -0.635439
0.7071 -0.7071 -0 <= 0.276036
-0 -0 -1 <= 0

0.7071 0.7071 0 <= 0.7071
-0.7071 0.7071 0 <= -0.118849
0 0 1 <= 0.0922241
-0.7071 -0.7071 -0 <= -0.633909
0.7071 -0.7071 -0 <= 0.272945
-0 -0 -1 <= 0

0.7071 0.7071 0 <= 0.7071
-0.7071 0.7071 0 <= -0.111978
0 0 1 <= 0.0947199
-0.7071 -0.7071 -0 <= -0.632364
0.7071 -0.7071 -0 <= 0.269862
-0 -0 -1 <= 0

0.7071 0.7071 0 <= 0.7071
-0.7071 0.7071 0 <= -0.105084
0 0 1 <= 0.0972448
-0.7071 -0.7071 -0 <= -0.630803
0.7071 -0.7071 -0 <= 0.266786
-0 -0 -1 <= 0

0.7071 0.7071 0 <= 0.7071
-0.7071 0.7071 0 <= -0.0981697
0 0 1 <= 0.0997989
-0.7071 -0.7071 -0 <= -0.629226
0.7071 -0.7071 -0 <= 0.26372
-0 -0 -1 <= 0

0.7071 0.7071 0 <= 0.7071
-0.7071 0.7071 0 <= -0.091235
0 0 1 <= 0.102382
-0.7071 -0.7071 -0 <= -0.627633
0.7071 -0.7071 -0 <= 0.260662
-0 -0 -1 <= 0

0.7071 0.7071 0 <= 0.7071
-0.7071 0.7071 0 <= -0.0842817
0 0 1 <= 0.104995
-0.7071 -0.7071 -0 <= -0.626024
0.7071 -0.7071 -0 <= 0.257614
-0 -0 -1 <= 0

0.7071 0.7071 0 <= 0.7071
-0.7071 0.7071 0 <= -0.0773111
0 0 1 <= 0.107638
-0.7071 -0.7071 -0 <= -0.624398
0.7071 -0.7071 -0 <= 0.254576
-0 -0 -1 <= 0

0.7071 0.7071 0 <= 0.7071
-0.7071 0.7071 0 <= -0.0703247
0 0 1 <= 0.11031
-0.7071 -0.7071 -0 <= -0.622757
0.7071 -0.7071 -0 <= 0.251548
-0 -0 -1 <= 0

0.7071 0.7071 0 <= 0.7071
-0.7071 0.7071 0 <= -0.0633236
0 0 1 <= 0.113011
-0.7071 -0.7071 -0 <= -0.6211
0.7071 -0.7071 -0 <= 0.24853
-0 -0 -1 <= 0

0.7071 0.7071 0 <= 0.7071
-0.7071 0.7071 0 <= -0.0563093
0 0 1 <= 0.115743
-0.7071 -0.7071 -0 <= -0.619427
0.7071 -0.7071 -0 <= 0.245524
-0 -0 -1 <= 0

0.7071 0.7071 0 <= 0.7071
-0.7071 0.7071 0 <= -0.0492832
0 0 1 <= 0.118504
-0.7071 -0.7071 -0 <= -0.617737
0.7071 -0.7071 -0 <= 0.24253
-0 -0 -1 <= 0

0.7071 0.7071 0 <= 0.7071
-0.7071 0.7071 0 <= -0.0422465
0 0 1 <= 0.121295
-0.7071 -0.7071 -0 <= -0.616032
0.7071 -0.7071 -0 <= 0.239547
-0 -0 -1 <= 0

0.7071 0.7071 0 <= 0.7071
-0.7071 0.7071 0 <= -0.0352007
0 0 1 <= 0.124116
-0.7071 -0.7071 -0 <= -0.61431
0.7071 -0.7071 -0 <= 0.236576
-0 -0 -1 <= 0

0.7071 0.7071 0 <= 0.7071
-0.7071 0.7071 0 <= -0.0281473
0 0 1 <= 0.126966
-0.7071 -0.7071 -0 <= -0.612573
0.7071 -0.7071 -0 <= 0.233619
-0 -0 -1 <= 0

0.7071 0.7071 0 <= 0.7071
-0.7071 0.7071 0 <= -0.0210875
0 0 1 <= 0.129847
-0.7071 -0.7071 -0 <= -0.61082
0.7071 -0.7071 -0 <= 0.230674
-0 -0 -1 <= 0

0.7071 0.7071 0 <= 0.7071
-0.7071 0.7071 0 <= -0.0140228
0 0 1 <= 0.132757
-0.7071 -0.7071 -0 <= -0.609051
0.7071 -0.7071 -0 <= 0.227743
-0 -0 -1 <= 0

0.7071 0.7071 0 <= 0.7071
-0.7071 0.7071 0 <= -0.00695454
0 0 1 <= 0.135698
-0.7071 -0.7071 -0 <= -0.607266
0.7071 -0.7071 -0 <= 0.224826
-0 -0 -1 <= 0

0.7071 0.7071 0 <= 0.7071
-0.7071 0.7071 0 <= 0.000115771
0 0 1 <= 0.138668
-0.7071 -0.7071 -0 <= -0.605465
0.7071 -0.7071 -0 <= 0.221923
-0 -0 -1 <= 0

0.7071 0.7071 0 <= 0.7071
-0.7071 0.7071 0 <= 0.00647967
0 0 1 <= 0.141669
-0.7071 -0.7071 -0 <= -0.603648
0.7071 -0.7071 -0 <= 0.219034
-0 -0 -1 <= 0

0.7071 0.7071 0 <= 0.7071
-0.7071 0.7071 0 <= 0.012843
0 0 1 <= 0.144696
-0.7071 -0.7071 -0 <= -0.601817
0.7071 -0.7071 -0 <= 0.216161
-0 -0 -1 <= 0

0.7071 0.7071 0 <= 0.7071
-0.7071 0.7071 0 <= 0.0192048
0 0 1 <= 0.147751
-0.7071 -0.7071 -0 <= -0.599974
0.7071 -0.7071 -0 <= 0.213302
-0 -0 -1 <= 0

0.7071 0.7071 0 <= 0.7071
-0.7071 0.7071 0 <= 0.025564
0 0 1 <= 0.150832
-0.7071 -0.7071 -0 <= -0.598116
0.7071 -0.7071 -0 <= 0.21046
-0 -0 -1 <= 0

0.7071 0.7071 0 <= 0.7071
-0.7071 0.7071 0 <= 0.0319196
0 0 1 <= 0.153941
-0.7071 -0.7071 -0 <= -0.596245
0.7071 -0.7071 -0 <= 0.207633
-0 -0 -1 <= 0

0.7071 0.7071 0 <= 0.7071
-0.7071 0.7071 0 <= 0.0382706
0 0 1 <= 0.157076
-0.7071 -0.7071 -0 <= -0.59436
0.7071 -0.7071 -0 <= 0.204823
-0 -0 -1 <= 0

0.7071 0.7071 0 <= 0.7071
-0.7071 0.7071 0 <= 0.0446158
0 0 1 <= 0.160238
-0.7071 -0.7071 -0 <= -0.592463
0.7071 -0.7071 -0 <= 0.202029
-0 -0 -1 <= 0

0.7071 0.7071 0 <= 0.7071
-0.7071 0.7071 0 <= 0.0509544
0 0 1 <= 0.163428
-0.7071 -0.7071 -0 <= -0.590551
0.7071 -0.7071 -0 <= 0.199252
-0 -0 -1 <= 0

0.7071 0.7071 0 <= 0.7071
-0.7071 0.7071 0 <= 0.0572852
0 0 1 <= 0.166644
-0.7071 -0.7071 -0 <= -0.588627
0.7071 -0.7071 -0 <= 0.196492
-0 -0 -1 <= 0

0.7071 0.7071 0 <= 0.7071
-0.7071 0.7071 0 <= 0.0636074
0 0 1 <= 0.169887
-0.7071 -0.7071 -0 <= -0.586689
0.7071 -0.7071 -0 <= 0.19375
-0 -0 -1 <= 0

0.7071 0.7071 0 <= 0.7071
-0.7071 0.7071 0 <= 0.0699198
0 0 1 <= 0.173157
-0.7071 -0.7071 -0 <= -0.584738
0.7071 -0.7071 -0 <= 0.191026
-0 -0 -1 <= 0

0.7071 0.7071 0 <= 0.7071
-0.7071 0.7071 0 <= 0.0762214
0 0 1 <= 0.176454
-0.7071 -0.7071 -0 <= -0.582774
0.7071 -0.7071 -0 <= 0.188319
-0 -0 -1 <= 0

0.7071 0.7071 0 <= 0.7071
-0.7071 0.7071 0 <= 0.0825114
0 0 1 <= 0.179777
-0.7071 -0.7071 -0 <= -0.580797
0.7071 -0.7071 -0 <= 0.185631
-0 -0 -1 <= 0

0.7071 0.7071 0 <= 0.7071
-0.7071 0.7071 0 <= 0.0887886
0 0 1 <= 0.183127
-0.7071 -0.7071 -0 <= -0.578807
0.7071 -0.7071 -0 <= 0.182962
-0 -0 -1 <= 0

0.7071 0.7071 0 <= 0.7071
-0.7071 0.7071 0 <= 0.0950522
0 0 1 <= 0.186504
-0.7071 -0.7071 -0 <= -0.576804
0.7071 -0.7071 -0 <= 0.180312
-0 -0 -1 <= 0

0.7071 0.7071 0 <= 0.7071
-0.7071 0.7071 0 <= 0.101301
0 0 1 <= 0.189907
-0.7071 -0.7071 -0 <= -0.574789
0.7071 -0.7071 -0 <= 0.17768
-0 -0 -1 <= 0

0.7071 0.7071 0 <= 0.7071
-0.7071 0.7071 0 <= 0.107534
0 0 1 <= 0.193337
-0.7071 -0.7071 -0 <= -0.572761
0.7071 -0.7071 -0 <= 0.175068
-0 -0 -1 <= 0

0.7071 0.7071 0 <= 0.7071
-0.7071 0.7071 0 <= 0.113751
0 0 1 <= 0.196793
-0.7071 -0.7071 -0 <= -0.57072
0.7071 -0.7071 -0 <= 0.172476
-0 -0 -1 <= 0

0.7071 0.7071 0 <= 0.7071
-0.7071 0.7071 0 <= 0.11995
0 0 1 <= 0.200276
-0.7071 -0.7071 -0 <= -0.568666
0.7071 -0.7071 -0 <= 0.169903
-0 -0 -1 <= 0

0.7071 0.7071 0 <= 0.7071
-0.7071 0.7071 0 <= 0.126131
0 0 1 <= 0.203784
-0.7071 -0.7071 -0 <= -0.566601
0.7071 -0.7071 -0 <= 0.167351
-0 -0 -1 <= 0

0.7071 0.7071 0 <= 0.7071
-0.7071 0.7071 0 <= 0.132292
0 0 1 <= 0.20732
-0.7071 -0.7071 -0 <= -0.564522
0.7071 -0.7071 -0 <= 0.164819
-0 -0 -1 <= 0

0.7071 0.7071 0 <= 0.7071
-0.7071 0.7071 0 <= 0.138434
0 0 1 <= 0.210881
-0.7071 -0.7071 -0 <= -0.562432
0.7071 -0.7071 -0 <= 0.162308
-0 -0 -1 <= 0

0.7071 0.7071 0 <= 0.7071
-0.7071 0.7071 0 <= 0.144554
0 0 1 <= 0.214468
-0.7071 -0.7071 -0 <= -0.560329
0.7071 -0.7071 -0 <= 0.159817
-0 -0 -1 <= 0

0.7071 0.7071 0 <= 0.7071
-0.7071 0.7071 0 <= 0.150652
0 0 1 <= 0.218082
-0.7071 -0.7071 -0 <= -0.558215
0.7071 -0.7071 -0 <= 0.157348
-0 -0 -1 <= 0

0.7071 0.7071 0 <= 0.7071
-0.7071 0.7071 0 <= 0.156727
0 0 1 <= 0.221721
-0.7071 -0.7071 -0 <= -0.556088
0.7071 -0.7071 -0 <= 0.154899
-0 -0 -1 <= 0

0.7071 0.7071 0 <= 0.7071
-0.7071 0.7071 0 <= 0.162778
0 0 1 <= 0.225386
-0.7071 -0.7071 -0 <= -0.55395
0.7071 -0.7071 -0 <= 0.152472
-0 -0 -1 <= 0

0.7071 0.7071 0 <= 0.7071
-0.7071 0.7071 0 <= 0.168804
0 0 1 <= 0.229076
-0.7071 -0.7071 -0 <= -0.551799
0.7071 -0.7071 -0 <= 0.150067
-0 -0 -1 <= 0

0.7071 0.7071 0 <= 0.7071
-0.7071 0.7071 0 <= 0.174806
0 0 1 <= 0.232792
-0.7071 -0.7071 -0 <= -0.549638
0.7071 -0.7071 -0 <= 0.147683
-0 -0 -1 <= 0

0.7071 0.7071 0 <= 0.7071
-0.7071 0.7071 0 <= 0.180781
0 0 1 <= 0.236534
-0.7071 -0.7071 -0 <= -0.547464
0.7071 -0.7071 -0 <= 0.145322
-0 -0 -1 <= 0

0.7071 0.7071 0 <= 0.7071
-0.7071 0.7071 0 <= 0.186729
0 0 1 <= 0.240301
-0.7071 -0.7071 -0 <= -0.54528
0.7071 -0.7071 -0 <= 0.142982
-0 -0 -1 <= 0

0.7071 0.7071 0 <= 0.7071
-0.7071 0.7071 0 <= 0.192649
0 0 1 <= 0.244093
-0.7071 -0.7071 -0 <= -0.543083
0.7071 -0.7071 -0 <= 0.140665
-0 -0 -1 <= 0

0.7071 0.7071 0 <= 0.7071
-0.7071 0.7071 0 <= 0.19854
0 0 1 <= 0.247911
-0.7071 -0.7071 -0 <= -0.540876
0.7071 -0.7071 -0 <= 0.13837
-0 -0 -1 <= 0

END RESULTS
--------------
1 0 <= 0.2
-1 -0 <= -0.18
0 1 <= 0.06

