Computing reach set...done
RESULTS
1 0 <= 0.01
0 1 <= 2
-1 1 <= 10
1 1 <= 10
-1 -0 <= -0
-0 -1 <= -1.99
1 -1 <= -10
-1 -1 <= -10

1 0 <= -7.96
0 1 <= 0.58
-1 1 <= -7.46
1 1 <= -7.06
-1 -0 <= -8.04
-0 -1 <= -10.1
1 -1 <= -9.9
-1 -1 <= -10.3

1 0 <= 8.0852
0 1 <= 10.193
-1 1 <= 9.99581
1 1 <= 10.595
-1 -0 <= 7.942
-0 -1 <= -0.0500787
1 -1 <= 8.00152
-1 -1 <= 7.5709

1 0 <= 8.1354
0 1 <= 10.3831
-1 1 <= 10.1447
1 1 <= 10.8762
-1 -0 <= 7.93458
-0 -1 <= 0.143861
1 -1 <= 8.23006
-1 -1 <= 7.76317

1 0 <= 8.19021
0 1 <= 10.5942
-1 1 <= 10.3544
1 1 <= 11.1526
-1 -0 <= 7.93115
-0 -1 <= 0.240172
1 -1 <= 8.34531
-1 -1 <= 7.83349

1 0 <= 8.24946
0 1 <= 10.8359
-1 1 <= 10.5934
1 1 <= 11.4262
-1 -0 <= 7.9292
-0 -1 <= 0.401174
1 -1 <= 8.43068
-1 -1 <= 7.86883

1 0 <= 8.313
0 1 <= 11.0925
-1 1 <= 10.8528
1 1 <= 11.7291
-1 -0 <= 7.92799
-0 -1 <= 0.670803
1 -1 <= 8.5386
-1 -1 <= 7.9316

1 0 <= 8.38132
0 1 <= 11.3734
-1 1 <= 11.1382
1 1 <= 12.0374
-1 -0 <= 7.92806
-0 -1 <= 1.12346
1 -1 <= 8.67979
-1 -1 <= 8.03874

1 0 <= 8.45444
0 1 <= 11.6713
-1 1 <= 11.4457
1 1 <= 12.3526
-1 -0 <= 7.93027
-0 -1 <= 1.88573
1 -1 <= 8.87198
-1 -1 <= 8.22052

1 0 <= 8.5324
0 1 <= 11.9846
-1 1 <= 11.7731
1 1 <= 12.6761
-1 -0 <= 7.93608
-0 -1 <= 3.17414
1 -1 <= 9.14253
-1 -1 <= 8.52805

1 0 <= 8.61528
0 1 <= 12.3129
-1 1 <= 12.1202
1 1 <= 13.0089
-1 -0 <= 7.94792
-0 -1 <= 5.36118
1 -1 <= 9.53462
-1 -1 <= 9.04761

1 0 <= 8.70315
0 1 <= 12.6565
-1 1 <= 12.4889
1 1 <= 13.3521
-1 -0 <= 7.96991
-0 -1 <= 9.09245
1 -1 <= 10.1159
-1 -1 <= 9.92435

1 0 <= 8.79613
0 1 <= 13.017
-1 1 <= 12.8833
1 1 <= 13.707
-1 -0 <= 8.009
-0 -1 <= 10.1213
1 -1 <= 12.5947
-1 -1 <= 11.2721

1 0 <= 8.89434
0 1 <= 13.3973
-1 1 <= 13.3074
1 1 <= 14.0751
-1 -0 <= 8.07426
-0 -1 <= 12.0138
1 -1 <= 13.8251
-1 -1 <= 12.1815

1 0 <= 8.99796
0 1 <= 13.8003
-1 1 <= 13.7403
1 1 <= 14.458
-1 -0 <= 8.15641
-0 -1 <= 13.062
1 -1 <= 14.3486
-1 -1 <= 13.2711

1 0 <= 9.10716
0 1 <= 14.2148
-1 1 <= 14.1862
1 1 <= 14.8556
-1 -0 <= 8.2587
-0 -1 <= 13.9187
1 -1 <= 14.9791
-1 -1 <= 14.1322

1 0 <= 9.22213
0 1 <= 14.6432
-1 1 <= 14.638
1 1 <= 15.6438
-1 -0 <= 8.37617
-0 -1 <= 14.6836
1 -1 <= 16.2753
-1 -1 <= 14.9161

1 0 <= 9.35056
0 1 <= 15.244
-1 1 <= 15.9213
1 1 <= 18.3416
-1 -0 <= 8.50697
-0 -1 <= 15.6932
1 -1 <= 19.0736
-1 -1 <= 16.1839

1 0 <= 9.53038
0 1 <= 17.0277
-1 1 <= 19.6424
1 1 <= 27.0217
-1 -0 <= 8.66051
-0 -1 <= 17.8764
1 -1 <= 27.6508
-1 -1 <= 19.1749

1 0 <= 9.87094
0 1 <= 31.2436
-1 1 <= 30.4681
1 1 <= 32.0191
-1 -0 <= 8.8708
-0 -1 <= 32.8188
1 -1 <= 32.8962
-1 -1 <= 32.4892

1 0 <= 10.3139
0 1 <= 50.8939
-1 1 <= 46.5883
1 1 <= 51.1709
-1 -0 <= 9.34317
-0 -1 <= 53.6035
1 -1 <= 50.8305
-1 -1 <= 50.7021

1 0 <= 11.131
0 1 <= 74.1271
-1 1 <= 69.3586
1 1 <= 78.8957
-1 -0 <= 10.1703
-0 -1 <= 79.6166
1 -1 <= 77.1062
-1 -1 <= 76.9444

1 0 <= 12.4863
0 1 <= 110.344
-1 1 <= 104.846
1 1 <= 115.842
-1 -0 <= 11.5058
-0 -1 <= 120.759
1 -1 <= 119.364
-1 -1 <= 118.348

1 0 <= 14.5535
0 1 <= 174.207
-1 1 <= 167.531
1 1 <= 180.883
-1 -0 <= 13.6427
-0 -1 <= 193.939
1 -1 <= 195.971
-1 -1 <= 191.907

1 0 <= 17.88
0 1 <= 306.68
-1 1 <= 298.072
1 1 <= 315.289
-1 -0 <= 17.2079
-0 -1 <= 346.561
1 -1 <= 347.774
-1 -1 <= 345.347

1 0 <= 23.8282
0 1 <= 721.107
-1 1 <= 736.981
1 1 <= 732.389
-1 -0 <= 23.7707
-0 -1 <= 750.536
1 -1 <= 749.69
-1 -1 <= 751.383

1 0 <= 37.9994
0 1 <= 3589.7
-1 1 <= 3609.76
1 1 <= 3550.46
-1 -0 <= 38.323
-0 -1 <= 3508.47
1 -1 <= 3499.82
-1 -1 <= 3512.77

1 0 <= 108.249
0 1 <= 47684.5
-1 1 <= 47717.5
1 1 <= 47651.5
-1 -0 <= 107.812
-0 -1 <= 48988.6
1 -1 <= 49099.5
-1 -1 <= 48877.6

1 0 <= 1059.11
0 1 <= 5.69057e+06
-1 1 <= 5.69145e+06
1 1 <= 5.6897e+06
-1 -0 <= 1083.21
-0 -1 <= 5.52299e+06
1 -1 <= 5.52405e+06
-1 -1 <= 5.52193e+06

1 0 <= 114832
0 1 <= 6.47727e+10
-1 1 <= 6.47728e+10
1 1 <= 6.47726e+10
-1 -0 <= 111500
-0 -1 <= 6.67615e+10
1 -1 <= 6.67616e+10
-1 -1 <= 6.67614e+10

1 0 <= 1.29556e+09
0 1 <= 8.80343e+18
-1 1 <= 8.80343e+18
1 1 <= 8.80343e+18
-1 -0 <= 1.33534e+09
-0 -1 <= 8.54115e+18
1 -1 <= 8.54115e+18
-1 -1 <= 8.54115e+18

END RESULTS
